#
# There is insufficient memory for the Java Runtime Environment to continue.
# Native memory allocation (malloc) failed to allocate 992176 bytes for Chunk::new
# Possible reasons:
#   The system is out of physical RAM or swap space
#   The process is running with CompressedOops enabled, and the Java Heap may be blocking the growth of the native heap
# Possible solutions:
#   Reduce memory load on the system
#   Increase physical memory or swap space
#   Check if swap backing store is full
#   Decrease Java heap size (-Xmx/-Xms)
#   Decrease number of Java threads
#   Decrease Java thread stack sizes (-Xss)
#   Set larger code cache with -XX:ReservedCodeCacheSize=
#   JVM is running with Unscaled Compressed Oops mode in which the Java heap is
#     placed in the first 4GB address space. The Java Heap base address is the
#     maximum limit for the native heap growth. Please use -XX:HeapBaseMinAddress
#     to set the Java Heap base and to place the Java Heap above 4GB virtual address.
# This output file may be truncated or incomplete.
#
#  Out of Memory Error (arena.cpp:195), pid=1972, tid=8628
#
# JRE version: Java(TM) SE Runtime Environment (16.0.1+9) (build 16.0.1+9-24)
# Java VM: Java HotSpot(TM) 64-Bit Server VM (16.0.1+9-24, mixed mode, sharing, tiered, compressed oops, compressed class ptrs, g1 gc, windows-amd64)
# No core dump will be written. Minidumps are not enabled by default on client versions of Windows
#

---------------  S U M M A R Y ------------

Command Line: -XX:MaxMetaspaceSize=256m -XX:+HeapDumpOnOutOfMemoryError --add-opens=java.base/java.util=ALL-UNNAMED --add-opens=java.base/java.lang=ALL-UNNAMED --add-opens=java.base/java.lang.invoke=ALL-UNNAMED --add-opens=java.base/java.util=ALL-UNNAMED --add-opens=java.prefs/java.util.prefs=ALL-UNNAMED --add-opens=java.prefs/java.util.prefs=ALL-UNNAMED --add-opens=java.base/java.nio.charset=ALL-UNNAMED --add-opens=java.base/java.net=ALL-UNNAMED --add-opens=java.base/java.util.concurrent.atomic=ALL-UNNAMED -Xms256m -Xmx512m -Dfile.encoding=windows-1252 -Duser.country=BR -Duser.language=pt -Duser.variant org.gradle.launcher.daemon.bootstrap.GradleDaemon 7.1.1

Host: Intel(R) Core(TM) i5-4200U CPU @ 1.60GHz, 4 cores, 3G,  Windows 10 , 64 bit Build 19041 (10.0.19041.1202)
Time: Tue Sep 21 20:30:58 2021 Hora oficial do Brasil elapsed time: 42.466805 seconds (0d 0h 0m 42s)

---------------  T H R E A D  ---------------

Current thread (0x0000013ce211a870):  JavaThread "C2 CompilerThread0" daemon [_thread_in_native, id=8628, stack(0x0000003a05b00000,0x0000003a05c00000)]


Current CompileTask:
C2:  42469 8080       4       org.objectweb.asm.Frame::execute (2318 bytes)

Stack: [0x0000003a05b00000,0x0000003a05c00000]
Native frames: (J=compiled Java code, j=interpreted, Vv=VM code, C=native code)
V  [jvm.dll+0x6687ca]
V  [jvm.dll+0x7ca3c9]
V  [jvm.dll+0x7cbb53]
V  [jvm.dll+0x7cc1b3]
V  [jvm.dll+0x242ea5]
V  [jvm.dll+0xadeca]
V  [jvm.dll+0xae5ac]
V  [jvm.dll+0x35aed2]
V  [jvm.dll+0x1b9d3a]
V  [jvm.dll+0x216066]
V  [jvm.dll+0x215350]
V  [jvm.dll+0x1a1d9b]
V  [jvm.dll+0x2253a8]
V  [jvm.dll+0x2233ec]
V  [jvm.dll+0x780002]
V  [jvm.dll+0x779b4a]
V  [jvm.dll+0x667666]
C  [ucrtbase.dll+0x21bb2]
C  [KERNEL32.DLL+0x17034]
C  [ntdll.dll+0x52651]


---------------  P R O C E S S  ---------------

Threads class SMR info:
_java_thread_list=0x0000013ce4b9d350, length=81, elements={
0x0000013cc81db3c0, 0x0000013ce20ff980, 0x0000013ce2102560, 0x0000013ce2117040,
0x0000013ce2118960, 0x0000013ce2119270, 0x0000013ce2119b80, 0x0000013ce211a870,
0x0000013ce211c280, 0x0000013ce2184ec0, 0x0000013ce2cbcd50, 0x0000013ce2cc1280,
0x0000013ce3f80870, 0x0000013ce480e970, 0x0000013ce3991720, 0x0000013ce3c75bc0,
0x0000013ce3c760e0, 0x0000013ce2ffe640, 0x0000013ce3971100, 0x0000013ce4487e10,
0x0000013ce2f71200, 0x0000013ce2f74720, 0x0000013ce2f72740, 0x0000013ce2f73730,
0x0000013ce2f71750, 0x0000013ce2f721f0, 0x0000013ce2f73c80, 0x0000013ce2f71ca0,
0x0000013ce2f72c90, 0x0000013ce2f731e0, 0x0000013ce2f741d0, 0x0000013ce6841b10,
0x0000013ce68425b0, 0x0000013ce6842060, 0x0000013ce6840b20, 0x0000013ce6842b00,
0x0000013ce6843050, 0x0000013ce44415b0, 0x0000013ce4443ae0, 0x0000013ce4443040,
0x0000013ce4446010, 0x0000013ce4441b00, 0x0000013ce4444030, 0x0000013ce4441060,
0x0000013ce4447ff0, 0x0000013ce4448540, 0x0000013ce4447550, 0x0000013ce4444ad0,
0x0000013ce4445ac0, 0x0000013ce4445020, 0x0000013ce4442af0, 0x0000013ce4446ab0,
0x0000013ce4446560, 0x0000013ce4447aa0, 0x0000013ce4440b10, 0x0000013ce4444580,
0x0000013ce4447000, 0x0000013ce4442050, 0x0000013ce4445570, 0x0000013ce4a98ba0,
0x0000013ce4a9ab80, 0x0000013ce4a9b620, 0x0000013ce4a9b0d0, 0x0000013ce4a99b90,
0x0000013ce4a9a630, 0x0000013ce4a9f5e0, 0x0000013ce4a9e5f0, 0x0000013ce4a9eb40,
0x0000013ce4a98650, 0x0000013ce4a9f090, 0x0000013ce4a9bb70, 0x0000013ce4a9db50,
0x0000013ce4a9c610, 0x0000013ce4a9cb60, 0x0000013ce4a9c0c0, 0x0000013ce4a97bb0,
0x0000013ce4a99640, 0x0000013ce4a98100, 0x0000013ce4a9a0e0, 0x0000013ce4a9d0b0,
0x0000013ce4a9d600
}

Java Threads: ( => current thread )
  0x0000013cc81db3c0 JavaThread "main" [_thread_blocked, id=7484, stack(0x0000003a04e00000,0x0000003a04f00000)]
  0x0000013ce20ff980 JavaThread "Reference Handler" daemon [_thread_blocked, id=9344, stack(0x0000003a05500000,0x0000003a05600000)]
  0x0000013ce2102560 JavaThread "Finalizer" daemon [_thread_blocked, id=4652, stack(0x0000003a05600000,0x0000003a05700000)]
  0x0000013ce2117040 JavaThread "Signal Dispatcher" daemon [_thread_blocked, id=3664, stack(0x0000003a05700000,0x0000003a05800000)]
  0x0000013ce2118960 JavaThread "Attach Listener" daemon [_thread_blocked, id=10124, stack(0x0000003a05800000,0x0000003a05900000)]
  0x0000013ce2119270 JavaThread "Service Thread" daemon [_thread_in_vm, id=10792, stack(0x0000003a05900000,0x0000003a05a00000)]
  0x0000013ce2119b80 JavaThread "Monitor Deflation Thread" daemon [_thread_blocked, id=5572, stack(0x0000003a05a00000,0x0000003a05b00000)]
=>0x0000013ce211a870 JavaThread "C2 CompilerThread0" daemon [_thread_in_native, id=8628, stack(0x0000003a05b00000,0x0000003a05c00000)]
  0x0000013ce211c280 JavaThread "C1 CompilerThread0" daemon [_thread_blocked, id=4852, stack(0x0000003a05c00000,0x0000003a05d00000)]
  0x0000013ce2184ec0 JavaThread "Sweeper thread" daemon [_thread_blocked, id=9628, stack(0x0000003a05d00000,0x0000003a05e00000)]
  0x0000013ce2cbcd50 JavaThread "Common-Cleaner" daemon [_thread_blocked, id=7872, stack(0x0000003a05e00000,0x0000003a05f00000)]
  0x0000013ce2cc1280 JavaThread "Notification Thread" daemon [_thread_blocked, id=8592, stack(0x0000003a05f00000,0x0000003a06000000)]
  0x0000013ce3f80870 JavaThread "Daemon health stats" [_thread_blocked, id=3120, stack(0x0000003a06400000,0x0000003a06500000)]
  0x0000013ce480e970 JavaThread "Incoming local TCP Connector on port 55567" [_thread_in_native, id=10000, stack(0x0000003a06500000,0x0000003a06600000)]
  0x0000013ce3991720 JavaThread "Daemon periodic checks" [_thread_blocked, id=4464, stack(0x0000003a06600000,0x0000003a06700000)]
  0x0000013ce3c75bc0 JavaThread "Daemon" [_thread_blocked, id=5776, stack(0x0000003a06700000,0x0000003a06800000)]
  0x0000013ce3c760e0 JavaThread "Handler for socket connection from /127.0.0.1:55567 to /127.0.0.1:55568" [_thread_in_native, id=11008, stack(0x0000003a06800000,0x0000003a06900000)]
  0x0000013ce2ffe640 JavaThread "Cancel handler" [_thread_blocked, id=1092, stack(0x0000003a06900000,0x0000003a06a00000)]
  0x0000013ce3971100 JavaThread "Daemon worker" [_thread_in_native, id=9668, stack(0x0000003a06a00000,0x0000003a06b00000)]
  0x0000013ce4487e10 JavaThread "Asynchronous log dispatcher for DefaultDaemonConnection: socket connection from /127.0.0.1:55567 to /127.0.0.1:55568" [_thread_blocked, id=6364, stack(0x0000003a06b00000,0x0000003a06c00000)]
  0x0000013ce2f71200 JavaThread "Stdin handler" [_thread_blocked, id=5940, stack(0x0000003a06c00000,0x0000003a06d00000)]
  0x0000013ce2f74720 JavaThread "Daemon client event forwarder" [_thread_blocked, id=1264, stack(0x0000003a06d00000,0x0000003a06e00000)]
  0x0000013ce2f72740 JavaThread "Cache worker for journal cache (C:\Users\brito\.gradle\caches\journal-1)" [_thread_blocked, id=5404, stack(0x0000003a06e00000,0x0000003a06f00000)]
  0x0000013ce2f73730 JavaThread "File lock request listener" [_thread_in_native, id=10532, stack(0x0000003a06f00000,0x0000003a07000000)]
  0x0000013ce2f71750 JavaThread "Cache worker for file hash cache (C:\Users\brito\.gradle\caches\7.1.1\fileHashes)" [_thread_blocked, id=4736, stack(0x0000003a07000000,0x0000003a07100000)]
  0x0000013ce2f721f0 JavaThread "Cache worker for file hash cache (C:\Users\brito\Documents\demo\demo\.gradle\7.1.1\fileHashes)" [_thread_blocked, id=1112, stack(0x0000003a07100000,0x0000003a07200000)]
  0x0000013ce2f73c80 JavaThread "File watcher server" daemon [_thread_in_native, id=8312, stack(0x0000003a07200000,0x0000003a07300000)]
  0x0000013ce2f71ca0 JavaThread "File watcher consumer" daemon [_thread_blocked, id=2108, stack(0x0000003a07300000,0x0000003a07400000)]
  0x0000013ce2f72c90 JavaThread "jar transforms" [_thread_blocked, id=5024, stack(0x0000003a07400000,0x0000003a07500000)]
  0x0000013ce2f731e0 JavaThread "jar transforms Thread 2" [_thread_blocked, id=3524, stack(0x0000003a07500000,0x0000003a07600000)]
  0x0000013ce2f741d0 JavaThread "jar transforms Thread 3" [_thread_blocked, id=10820, stack(0x0000003a07600000,0x0000003a07700000)]
  0x0000013ce6841b10 JavaThread "jar transforms Thread 4" [_thread_blocked, id=10768, stack(0x0000003a07700000,0x0000003a07800000)]
  0x0000013ce68425b0 JavaThread "Cache worker for checksums cache (C:\Users\brito\Documents\demo\demo\.gradle\checksums)" [_thread_blocked, id=2320, stack(0x0000003a07800000,0x0000003a07900000)]
  0x0000013ce6842060 JavaThread "Cache worker for cache directory md-supplier (C:\Users\brito\.gradle\caches\7.1.1\md-supplier)" [_thread_blocked, id=2260, stack(0x0000003a07900000,0x0000003a07a00000)]
  0x0000013ce6840b20 JavaThread "Cache worker for cache directory md-rule (C:\Users\brito\.gradle\caches\7.1.1\md-rule)" [_thread_blocked, id=7684, stack(0x0000003a07a00000,0x0000003a07b00000)]
  0x0000013ce6842b00 JavaThread "Cache worker for execution history cache (C:\Users\brito\.gradle\caches\7.1.1\executionHistory)" [_thread_blocked, id=11012, stack(0x0000003a07b00000,0x0000003a07c00000)]
  0x0000013ce6843050 JavaThread "Cache worker for file content cache (C:\Users\brito\.gradle\caches\7.1.1\fileContent)" [_thread_blocked, id=4636, stack(0x0000003a07c00000,0x0000003a07d00000)]
  0x0000013ce44415b0 JavaThread "Cache worker for dependencies-accessors (C:\Users\brito\Documents\demo\demo\.gradle\7.1.1\dependencies-accessors)" [_thread_blocked, id=10224, stack(0x0000003a07e00000,0x0000003a07f00000)]
  0x0000013ce4443ae0 JavaThread "Cache worker for Build Output Cleanup Cache (C:\Users\brito\Documents\demo\demo\.gradle\buildOutputCleanup)" [_thread_blocked, id=10492, stack(0x0000003a07f00000,0x0000003a08000000)]
  0x0000013ce4443040 JavaThread "Unconstrained build operations" [_thread_blocked, id=10108, stack(0x0000003a08000000,0x0000003a08100000)]
  0x0000013ce4446010 JavaThread "Unconstrained build operations Thread 2" [_thread_blocked, id=6808, stack(0x0000003a08100000,0x0000003a08200000)]
  0x0000013ce4441b00 JavaThread "Unconstrained build operations Thread 3" [_thread_blocked, id=9048, stack(0x0000003a08200000,0x0000003a08300000)]
  0x0000013ce4444030 JavaThread "Unconstrained build operations Thread 4" [_thread_blocked, id=8756, stack(0x0000003a08300000,0x0000003a08400000)]
  0x0000013ce4441060 JavaThread "Unconstrained build operations Thread 5" [_thread_blocked, id=5160, stack(0x0000003a08400000,0x0000003a08500000)]
  0x0000013ce4447ff0 JavaThread "Unconstrained build operations Thread 6" [_thread_blocked, id=4872, stack(0x0000003a08500000,0x0000003a08600000)]
  0x0000013ce4448540 JavaThread "Unconstrained build operations Thread 7" [_thread_blocked, id=8172, stack(0x0000003a08600000,0x0000003a08700000)]
  0x0000013ce4447550 JavaThread "Unconstrained build operations Thread 8" [_thread_blocked, id=9716, stack(0x0000003a08700000,0x0000003a08800000)]
  0x0000013ce4444ad0 JavaThread "Unconstrained build operations Thread 9" [_thread_blocked, id=2648, stack(0x0000003a08800000,0x0000003a08900000)]
  0x0000013ce4445ac0 JavaThread "Unconstrained build operations Thread 10" [_thread_blocked, id=2220, stack(0x0000003a08900000,0x0000003a08a00000)]
  0x0000013ce4445020 JavaThread "Unconstrained build operations Thread 11" [_thread_blocked, id=4888, stack(0x0000003a08a00000,0x0000003a08b00000)]
  0x0000013ce4442af0 JavaThread "Unconstrained build operations Thread 12" [_thread_blocked, id=9332, stack(0x0000003a08b00000,0x0000003a08c00000)]
  0x0000013ce4446ab0 JavaThread "Unconstrained build operations Thread 13" [_thread_blocked, id=6820, stack(0x0000003a08c00000,0x0000003a08d00000)]
  0x0000013ce4446560 JavaThread "Unconstrained build operations Thread 14" [_thread_blocked, id=9784, stack(0x0000003a08d00000,0x0000003a08e00000)]
  0x0000013ce4447aa0 JavaThread "Unconstrained build operations Thread 15" [_thread_blocked, id=3252, stack(0x0000003a08e00000,0x0000003a08f00000)]
  0x0000013ce4440b10 JavaThread "Unconstrained build operations Thread 16" [_thread_blocked, id=10300, stack(0x0000003a08f00000,0x0000003a09000000)]
  0x0000013ce4444580 JavaThread "Unconstrained build operations Thread 17" [_thread_blocked, id=8400, stack(0x0000003a09000000,0x0000003a09100000)]
  0x0000013ce4447000 JavaThread "Unconstrained build operations Thread 18" [_thread_blocked, id=4124, stack(0x0000003a09100000,0x0000003a09200000)]
  0x0000013ce4442050 JavaThread "Unconstrained build operations Thread 19" [_thread_blocked, id=5124, stack(0x0000003a09200000,0x0000003a09300000)]
  0x0000013ce4445570 JavaThread "Unconstrained build operations Thread 20" [_thread_blocked, id=5376, stack(0x0000003a09300000,0x0000003a09400000)]
  0x0000013ce4a98ba0 JavaThread "Memory manager" [_thread_blocked, id=11152, stack(0x0000003a09400000,0x0000003a09500000)]
  0x0000013ce4a9ab80 JavaThread "Cache worker for execution history cache (C:\Users\brito\Documents\demo\demo\.gradle\7.1.1\executionHistory)" [_thread_blocked, id=3156, stack(0x0000003a09700000,0x0000003a09800000)]
  0x0000013ce4a9b620 JavaThread "Unconstrained build operations Thread 21" [_thread_blocked, id=6324, stack(0x0000003a04b00000,0x0000003a04c00000)]
  0x0000013ce4a9b0d0 JavaThread "Unconstrained build operations Thread 22" [_thread_blocked, id=4624, stack(0x0000003a09500000,0x0000003a09600000)]
  0x0000013ce4a99b90 JavaThread "Unconstrained build operations Thread 23" [_thread_blocked, id=7512, stack(0x0000003a09600000,0x0000003a09700000)]
  0x0000013ce4a9a630 JavaThread "Unconstrained build operations Thread 24" [_thread_blocked, id=3800, stack(0x0000003a09800000,0x0000003a09900000)]
  0x0000013ce4a9f5e0 JavaThread "Unconstrained build operations Thread 25" [_thread_blocked, id=9876, stack(0x0000003a09900000,0x0000003a09a00000)]
  0x0000013ce4a9e5f0 JavaThread "Unconstrained build operations Thread 26" [_thread_blocked, id=7852, stack(0x0000003a09a00000,0x0000003a09b00000)]
  0x0000013ce4a9eb40 JavaThread "Unconstrained build operations Thread 27" [_thread_blocked, id=7456, stack(0x0000003a09b00000,0x0000003a09c00000)]
  0x0000013ce4a98650 JavaThread "Unconstrained build operations Thread 28" [_thread_blocked, id=5476, stack(0x0000003a09c00000,0x0000003a09d00000)]
  0x0000013ce4a9f090 JavaThread "Unconstrained build operations Thread 29" [_thread_blocked, id=7768, stack(0x0000003a09d00000,0x0000003a09e00000)]
  0x0000013ce4a9bb70 JavaThread "Unconstrained build operations Thread 30" [_thread_blocked, id=6572, stack(0x0000003a09e00000,0x0000003a09f00000)]
  0x0000013ce4a9db50 JavaThread "Unconstrained build operations Thread 31" [_thread_blocked, id=2572, stack(0x0000003a09f00000,0x0000003a0a000000)]
  0x0000013ce4a9c610 JavaThread "Unconstrained build operations Thread 32" [_thread_blocked, id=11064, stack(0x0000003a0a000000,0x0000003a0a100000)]
  0x0000013ce4a9cb60 JavaThread "Unconstrained build operations Thread 33" [_thread_blocked, id=8600, stack(0x0000003a0a100000,0x0000003a0a200000)]
  0x0000013ce4a9c0c0 JavaThread "Unconstrained build operations Thread 34" [_thread_blocked, id=6260, stack(0x0000003a0a200000,0x0000003a0a300000)]
  0x0000013ce4a97bb0 JavaThread "Unconstrained build operations Thread 35" [_thread_blocked, id=7128, stack(0x0000003a0a300000,0x0000003a0a400000)]
  0x0000013ce4a99640 JavaThread "Unconstrained build operations Thread 36" [_thread_blocked, id=10148, stack(0x0000003a0a400000,0x0000003a0a500000)]
  0x0000013ce4a98100 JavaThread "Unconstrained build operations Thread 37" [_thread_blocked, id=8672, stack(0x0000003a0a500000,0x0000003a0a600000)]
  0x0000013ce4a9a0e0 JavaThread "Unconstrained build operations Thread 38" [_thread_blocked, id=2484, stack(0x0000003a0a600000,0x0000003a0a700000)]
  0x0000013ce4a9d0b0 JavaThread "Unconstrained build operations Thread 39" [_thread_blocked, id=9240, stack(0x0000003a0a700000,0x0000003a0a800000)]
  0x0000013ce4a9d600 JavaThread "Unconstrained build operations Thread 40" [_thread_blocked, id=6444, stack(0x0000003a0a800000,0x0000003a0a900000)]

Other Threads:
  0x0000013ce20f9770 VMThread "VM Thread" [stack: 0x0000003a05400000,0x0000003a05500000] [id=4628]
  0x0000013ce2ccb7c0 WatcherThread [stack: 0x0000003a06000000,0x0000003a06100000] [id=3260]
  0x0000013cc82026b0 GCTaskThread "GC Thread#0" [stack: 0x0000003a04f00000,0x0000003a05000000] [id=4892]
  0x0000013ce2f5e5c0 GCTaskThread "GC Thread#1" [stack: 0x0000003a06100000,0x0000003a06200000] [id=11236]
  0x0000013ce2f3b830 GCTaskThread "GC Thread#2" [stack: 0x0000003a06200000,0x0000003a06300000] [id=6216]
  0x0000013ce2f3bb40 GCTaskThread "GC Thread#3" [stack: 0x0000003a06300000,0x0000003a06400000] [id=9648]
  0x0000013cc8208710 ConcurrentGCThread "G1 Main Marker" [stack: 0x0000003a05000000,0x0000003a05100000] [id=7032]
  0x0000013cc8209110 ConcurrentGCThread "G1 Conc#0" [stack: 0x0000003a05100000,0x0000003a05200000] [id=7560]
  0x0000013cc82bbc20 ConcurrentGCThread "G1 Refine#0" [stack: 0x0000003a05200000,0x0000003a05300000] [id=9328]
  0x0000013ce70a2c30 ConcurrentGCThread "G1 Refine#1" [stack: 0x0000003a07d00000,0x0000003a07e00000] [id=7108]
  0x0000013cc82bc630 ConcurrentGCThread "G1 Service" [stack: 0x0000003a05300000,0x0000003a05400000] [id=2652]

Threads with active compile tasks:
C2 CompilerThread0    42655 8080       4       org.objectweb.asm.Frame::execute (2318 bytes)

VM state: not at safepoint (normal execution)

VM Mutex/Monitor currently owned by a thread: None

Heap address: 0x00000000e0000000, size: 512 MB, Compressed Oops mode: 32-bit

CDS archive(s) mapped at: [0x0000000800000000-0x0000000800bb0000-0x0000000800bb0000), size 12255232, SharedBaseAddress: 0x0000000800000000, ArchiveRelocationMode: 0.
Compressed class space mapped at: 0x0000000800c00000-0x000000080dc00000, reserved size: 218103808
Narrow klass base: 0x0000000800000000, Narrow klass shift: 3, Narrow klass range: 0x100000000

GC Precious Log:
 CPUs: 4 total, 4 available
 Memory: 3500M
 Large Page Support: Disabled
 NUMA Support: Disabled
 Compressed Oops: Enabled (32-bit)
 Heap Region Size: 1M
 Heap Min Capacity: 256M
 Heap Initial Capacity: 256M
 Heap Max Capacity: 512M
 Pre-touch: Disabled
 Parallel Workers: 4
 Concurrent Workers: 1
 Concurrent Refinement Workers: 4
 Periodic GC: Disabled

Heap:
 garbage-first heap   total 262144K, used 104068K [0x00000000e0000000, 0x0000000100000000)
  region size 1024K, 6 young (6144K), 2 survivors (2048K)
 Metaspace       used 59138K, committed 59712K, reserved 270336K
  class space    used 7781K, committed 8064K, reserved 212992K

Heap Regions: E=young(eden), S=young(survivor), O=old, HS=humongous(starts), HC=humongous(continues), CS=collection set, F=free, OA=open archive, CA=closed archive, TAMS=top-at-mark-start (previous, next)
|   0|0x00000000e0000000, 0x00000000e0100000, 0x00000000e0100000|100%|HS|  |TAMS 0x00000000e0100000, 0x00000000e0000000| Complete 
|   1|0x00000000e0100000, 0x00000000e0200000, 0x00000000e0200000|100%|HC|  |TAMS 0x00000000e0200000, 0x00000000e0100000| Complete 
|   2|0x00000000e0200000, 0x00000000e0300000, 0x00000000e0300000|100%|HC|  |TAMS 0x00000000e0300000, 0x00000000e0200000| Complete 
|   3|0x00000000e0300000, 0x00000000e0400000, 0x00000000e0400000|100%| O|  |TAMS 0x00000000e0400000, 0x00000000e0300000| Updating 
|   4|0x00000000e0400000, 0x00000000e0500000, 0x00000000e0500000|100%| O|  |TAMS 0x00000000e0500000, 0x00000000e0400000| Updating 
|   5|0x00000000e0500000, 0x00000000e0600000, 0x00000000e0600000|100%| O|  |TAMS 0x00000000e0600000, 0x00000000e0500000| Updating 
|   6|0x00000000e0600000, 0x00000000e0700000, 0x00000000e0700000|100%| O|  |TAMS 0x00000000e0700000, 0x00000000e0600000| Updating 
|   7|0x00000000e0700000, 0x00000000e0800000, 0x00000000e0800000|100%| O|  |TAMS 0x00000000e0800000, 0x00000000e0700000| Updating 
|   8|0x00000000e0800000, 0x00000000e0900000, 0x00000000e0900000|100%| O|  |TAMS 0x00000000e0900000, 0x00000000e0800000| Updating 
|   9|0x00000000e0900000, 0x00000000e0a00000, 0x00000000e0a00000|100%| O|  |TAMS 0x00000000e0a00000, 0x00000000e0900000| Updating 
|  10|0x00000000e0a00000, 0x00000000e0b00000, 0x00000000e0b00000|100%|HS|  |TAMS 0x00000000e0b00000, 0x00000000e0a00000| Complete 
|  11|0x00000000e0b00000, 0x00000000e0c00000, 0x00000000e0c00000|100%|HS|  |TAMS 0x00000000e0c00000, 0x00000000e0b00000| Complete 
|  12|0x00000000e0c00000, 0x00000000e0d00000, 0x00000000e0d00000|100%|HC|  |TAMS 0x00000000e0d00000, 0x00000000e0c00000| Complete 
|  13|0x00000000e0d00000, 0x00000000e0e00000, 0x00000000e0e00000|100%|HS|  |TAMS 0x00000000e0e00000, 0x00000000e0d00000| Complete 
|  14|0x00000000e0e00000, 0x00000000e0f00000, 0x00000000e0f00000|100%|HC|  |TAMS 0x00000000e0f00000, 0x00000000e0e00000| Complete 
|  15|0x00000000e0f00000, 0x00000000e1000000, 0x00000000e1000000|100%|HC|  |TAMS 0x00000000e1000000, 0x00000000e0f00000| Complete 
|  16|0x00000000e1000000, 0x00000000e1100000, 0x00000000e1100000|100%|HS|  |TAMS 0x00000000e1100000, 0x00000000e1000000| Complete 
|  17|0x00000000e1100000, 0x00000000e1200000, 0x00000000e1200000|100%|HS|  |TAMS 0x00000000e1200000, 0x00000000e1100000| Complete 
|  18|0x00000000e1200000, 0x00000000e1300000, 0x00000000e1300000|100%|HC|  |TAMS 0x00000000e1300000, 0x00000000e1200000| Complete 
|  19|0x00000000e1300000, 0x00000000e1400000, 0x00000000e1400000|100%|HC|  |TAMS 0x00000000e1400000, 0x00000000e1300000| Complete 
|  20|0x00000000e1400000, 0x00000000e1500000, 0x00000000e1500000|100%|HC|  |TAMS 0x00000000e1500000, 0x00000000e1400000| Complete 
|  21|0x00000000e1500000, 0x00000000e1600000, 0x00000000e1600000|100%|HS|  |TAMS 0x00000000e1600000, 0x00000000e1500000| Complete 
|  22|0x00000000e1600000, 0x00000000e1700000, 0x00000000e1700000|100%|HC|  |TAMS 0x00000000e1700000, 0x00000000e1600000| Complete 
|  23|0x00000000e1700000, 0x00000000e1800000, 0x00000000e1800000|100%|HC|  |TAMS 0x00000000e1800000, 0x00000000e1700000| Complete 
|  24|0x00000000e1800000, 0x00000000e1900000, 0x00000000e1900000|100%|HC|  |TAMS 0x00000000e1900000, 0x00000000e1800000| Complete 
|  25|0x00000000e1900000, 0x00000000e1a00000, 0x00000000e1a00000|100%|HS|  |TAMS 0x00000000e1a00000, 0x00000000e1900000| Complete 
|  26|0x00000000e1a00000, 0x00000000e1b00000, 0x00000000e1b00000|100%|HC|  |TAMS 0x00000000e1b00000, 0x00000000e1a00000| Complete 
|  27|0x00000000e1b00000, 0x00000000e1c00000, 0x00000000e1c00000|100%|HS|  |TAMS 0x00000000e1c00000, 0x00000000e1b00000| Complete 
|  28|0x00000000e1c00000, 0x00000000e1d00000, 0x00000000e1d00000|100%|HC|  |TAMS 0x00000000e1d00000, 0x00000000e1c00000| Complete 
|  29|0x00000000e1d00000, 0x00000000e1e00000, 0x00000000e1e00000|100%|HC|  |TAMS 0x00000000e1e00000, 0x00000000e1d00000| Complete 
|  30|0x00000000e1e00000, 0x00000000e1f00000, 0x00000000e1f00000|100%|HC|  |TAMS 0x00000000e1f00000, 0x00000000e1e00000| Complete 
|  31|0x00000000e1f00000, 0x00000000e2000000, 0x00000000e2000000|100%|HS|  |TAMS 0x00000000e2000000, 0x00000000e1f00000| Complete 
|  32|0x00000000e2000000, 0x00000000e2100000, 0x00000000e2100000|100%|HS|  |TAMS 0x00000000e2100000, 0x00000000e2000000| Complete 
|  33|0x00000000e2100000, 0x00000000e2200000, 0x00000000e2200000|100%|HC|  |TAMS 0x00000000e2200000, 0x00000000e2100000| Complete 
|  34|0x00000000e2200000, 0x00000000e2300000, 0x00000000e2300000|100%|HC|  |TAMS 0x00000000e2300000, 0x00000000e2200000| Complete 
|  35|0x00000000e2300000, 0x00000000e2400000, 0x00000000e2400000|100%| O|  |TAMS 0x00000000e2400000, 0x00000000e2300000| Updating 
|  36|0x00000000e2400000, 0x00000000e2500000, 0x00000000e2500000|100%| O|  |TAMS 0x00000000e2500000, 0x00000000e2400000| Updating 
|  37|0x00000000e2500000, 0x00000000e2600000, 0x00000000e2600000|100%| O|  |TAMS 0x00000000e2600000, 0x00000000e2500000| Updating 
|  38|0x00000000e2600000, 0x00000000e2700000, 0x00000000e2700000|100%| O|  |TAMS 0x00000000e2700000, 0x00000000e2600000| Updating 
|  39|0x00000000e2700000, 0x00000000e2800000, 0x00000000e2800000|100%| O|  |TAMS 0x00000000e2800000, 0x00000000e2700000| Updating 
|  40|0x00000000e2800000, 0x00000000e2900000, 0x00000000e2900000|100%| O|  |TAMS 0x00000000e2900000, 0x00000000e2800000| Updating 
|  41|0x00000000e2900000, 0x00000000e2a00000, 0x00000000e2a00000|100%| O|  |TAMS 0x00000000e2a00000, 0x00000000e2900000| Updating 
|  42|0x00000000e2a00000, 0x00000000e2b00000, 0x00000000e2b00000|100%| O|  |TAMS 0x00000000e2b00000, 0x00000000e2a00000| Updating 
|  43|0x00000000e2b00000, 0x00000000e2c00000, 0x00000000e2c00000|100%| O|  |TAMS 0x00000000e2c00000, 0x00000000e2b00000| Updating 
|  44|0x00000000e2c00000, 0x00000000e2d00000, 0x00000000e2d00000|100%| O|  |TAMS 0x00000000e2d00000, 0x00000000e2c00000| Updating 
|  45|0x00000000e2d00000, 0x00000000e2e00000, 0x00000000e2e00000|100%| O|  |TAMS 0x00000000e2e00000, 0x00000000e2d00000| Updating 
|  46|0x00000000e2e00000, 0x00000000e2f00000, 0x00000000e2f00000|100%| O|  |TAMS 0x00000000e2f00000, 0x00000000e2e00000| Updating 
|  47|0x00000000e2f00000, 0x00000000e3000000, 0x00000000e3000000|100%| O|  |TAMS 0x00000000e3000000, 0x00000000e2f00000| Updating 
|  48|0x00000000e3000000, 0x00000000e3100000, 0x00000000e3100000|100%| O|  |TAMS 0x00000000e3100000, 0x00000000e3000000| Updating 
|  49|0x00000000e3100000, 0x00000000e3200000, 0x00000000e3200000|100%|HS|  |TAMS 0x00000000e3200000, 0x00000000e3100000| Complete 
|  50|0x00000000e3200000, 0x00000000e3300000, 0x00000000e3300000|100%|HC|  |TAMS 0x00000000e3300000, 0x00000000e3200000| Complete 
|  51|0x00000000e3300000, 0x00000000e3400000, 0x00000000e3400000|100%|HC|  |TAMS 0x00000000e3400000, 0x00000000e3300000| Complete 
|  52|0x00000000e3400000, 0x00000000e3500000, 0x00000000e3500000|100%|HC|  |TAMS 0x00000000e3500000, 0x00000000e3400000| Complete 
|  53|0x00000000e3500000, 0x00000000e3600000, 0x00000000e3600000|100%|HS|  |TAMS 0x00000000e3600000, 0x00000000e3500000| Complete 
|  54|0x00000000e3600000, 0x00000000e3700000, 0x00000000e3700000|100%|HC|  |TAMS 0x00000000e3700000, 0x00000000e3600000| Complete 
|  55|0x00000000e3700000, 0x00000000e3800000, 0x00000000e3800000|100%|HC|  |TAMS 0x00000000e3800000, 0x00000000e3700000| Complete 
|  56|0x00000000e3800000, 0x00000000e3900000, 0x00000000e3900000|100%|HS|  |TAMS 0x00000000e3900000, 0x00000000e3800000| Complete 
|  57|0x00000000e3900000, 0x00000000e3a00000, 0x00000000e3a00000|100%|HC|  |TAMS 0x00000000e3a00000, 0x00000000e3900000| Complete 
|  58|0x00000000e3a00000, 0x00000000e3b00000, 0x00000000e3b00000|100%|HC|  |TAMS 0x00000000e3b00000, 0x00000000e3a00000| Complete 
|  59|0x00000000e3b00000, 0x00000000e3c00000, 0x00000000e3c00000|100%|HC|  |TAMS 0x00000000e3c00000, 0x00000000e3b00000| Complete 
|  60|0x00000000e3c00000, 0x00000000e3d00000, 0x00000000e3d00000|100%|HS|  |TAMS 0x00000000e3d00000, 0x00000000e3c00000| Complete 
|  61|0x00000000e3d00000, 0x00000000e3e00000, 0x00000000e3e00000|100%|HC|  |TAMS 0x00000000e3e00000, 0x00000000e3d00000| Complete 
|  62|0x00000000e3e00000, 0x00000000e3f00000, 0x00000000e3f00000|100%|HC|  |TAMS 0x00000000e3f00000, 0x00000000e3e00000| Complete 
|  63|0x00000000e3f00000, 0x00000000e4000000, 0x00000000e4000000|100%|HC|  |TAMS 0x00000000e4000000, 0x00000000e3f00000| Complete 
|  64|0x00000000e4000000, 0x00000000e4100000, 0x00000000e4100000|100%| O|  |TAMS 0x00000000e4100000, 0x00000000e4000000| Updating 
|  65|0x00000000e4100000, 0x00000000e4200000, 0x00000000e4200000|100%| O|  |TAMS 0x00000000e4200000, 0x00000000e4100000| Updating 
|  66|0x00000000e4200000, 0x00000000e4300000, 0x00000000e4300000|100%| O|  |TAMS 0x00000000e4300000, 0x00000000e4200000| Updating 
|  67|0x00000000e4300000, 0x00000000e4400000, 0x00000000e4400000|100%| O|  |TAMS 0x00000000e4400000, 0x00000000e4300000| Updating 
|  68|0x00000000e4400000, 0x00000000e4500000, 0x00000000e4500000|100%| O|  |TAMS 0x00000000e4500000, 0x00000000e4400000| Updating 
|  69|0x00000000e4500000, 0x00000000e4600000, 0x00000000e4600000|100%| O|  |TAMS 0x00000000e4600000, 0x00000000e4500000| Updating 
|  70|0x00000000e4600000, 0x00000000e4700000, 0x00000000e4700000|100%| O|  |TAMS 0x00000000e4700000, 0x00000000e4600000| Updating 
|  71|0x00000000e4700000, 0x00000000e4800000, 0x00000000e4800000|100%| O|  |TAMS 0x00000000e4800000, 0x00000000e4700000| Updating 
|  72|0x00000000e4800000, 0x00000000e4900000, 0x00000000e4900000|100%| O|  |TAMS 0x00000000e4900000, 0x00000000e4800000| Updating 
|  73|0x00000000e4900000, 0x00000000e4a00000, 0x00000000e4a00000|100%| O|  |TAMS 0x00000000e4a00000, 0x00000000e4900000| Updating 
|  74|0x00000000e4a00000, 0x00000000e4b00000, 0x00000000e4b00000|100%| O|  |TAMS 0x00000000e4b00000, 0x00000000e4a00000| Updating 
|  75|0x00000000e4b00000, 0x00000000e4c00000, 0x00000000e4c00000|100%| O|  |TAMS 0x00000000e4c00000, 0x00000000e4b00000| Updating 
|  76|0x00000000e4c00000, 0x00000000e4d00000, 0x00000000e4d00000|100%| O|  |TAMS 0x00000000e4d00000, 0x00000000e4c00000| Updating 
|  77|0x00000000e4d00000, 0x00000000e4e00000, 0x00000000e4e00000|100%| O|  |TAMS 0x00000000e4e00000, 0x00000000e4d00000| Updating 
|  78|0x00000000e4e00000, 0x00000000e4f00000, 0x00000000e4f00000|100%| O|  |TAMS 0x00000000e4f00000, 0x00000000e4e00000| Updating 
|  79|0x00000000e4f00000, 0x00000000e5000000, 0x00000000e5000000|100%| O|  |TAMS 0x00000000e5000000, 0x00000000e4f00000| Updating 
|  80|0x00000000e5000000, 0x00000000e5100000, 0x00000000e5100000|100%| O|  |TAMS 0x00000000e5100000, 0x00000000e5000000| Updating 
|  81|0x00000000e5100000, 0x00000000e5200000, 0x00000000e5200000|100%| O|  |TAMS 0x00000000e5200000, 0x00000000e5100000| Updating 
|  82|0x00000000e5200000, 0x00000000e5300000, 0x00000000e5300000|100%| O|  |TAMS 0x00000000e5300000, 0x00000000e5200000| Updating 
|  83|0x00000000e5300000, 0x00000000e5400000, 0x00000000e5400000|100%| O|  |TAMS 0x00000000e5400000, 0x00000000e5300000| Updating 
|  84|0x00000000e5400000, 0x00000000e5500000, 0x00000000e5500000|100%| O|  |TAMS 0x00000000e5400000, 0x00000000e5400000| Untracked 
|  85|0x00000000e5500000, 0x00000000e5600000, 0x00000000e5600000|100%| O|  |TAMS 0x00000000e5500000, 0x00000000e5500000| Untracked 
|  86|0x00000000e5600000, 0x00000000e5700000, 0x00000000e5700000|100%| O|  |TAMS 0x00000000e5600000, 0x00000000e5600000| Untracked 
|  87|0x00000000e5700000, 0x00000000e5800000, 0x00000000e5800000|100%| O|  |TAMS 0x00000000e5700000, 0x00000000e5700000| Untracked 
|  88|0x00000000e5800000, 0x00000000e5900000, 0x00000000e5900000|100%| O|  |TAMS 0x00000000e5800000, 0x00000000e5800000| Untracked 
|  89|0x00000000e5900000, 0x00000000e5a00000, 0x00000000e5a00000|100%| O|  |TAMS 0x00000000e5900000, 0x00000000e5900000| Untracked 
|  90|0x00000000e5a00000, 0x00000000e5b00000, 0x00000000e5b00000|100%| O|  |TAMS 0x00000000e5a00000, 0x00000000e5a00000| Untracked 
|  91|0x00000000e5b00000, 0x00000000e5c00000, 0x00000000e5c00000|100%| O|  |TAMS 0x00000000e5b00000, 0x00000000e5b00000| Untracked 
|  92|0x00000000e5c00000, 0x00000000e5d00000, 0x00000000e5d00000|100%| O|  |TAMS 0x00000000e5c00000, 0x00000000e5c00000| Untracked 
|  93|0x00000000e5d00000, 0x00000000e5e00000, 0x00000000e5e00000|100%| O|  |TAMS 0x00000000e5d00000, 0x00000000e5d00000| Untracked 
|  94|0x00000000e5e00000, 0x00000000e5f00000, 0x00000000e5f00000|100%| O|  |TAMS 0x00000000e5e00000, 0x00000000e5e00000| Untracked 
|  95|0x00000000e5f00000, 0x00000000e6000000, 0x00000000e6000000|100%| O|  |TAMS 0x00000000e5f00000, 0x00000000e5f00000| Untracked 
|  96|0x00000000e6000000, 0x00000000e60a1000, 0x00000000e6100000| 62%| O|  |TAMS 0x00000000e6000000, 0x00000000e6000000| Updating 
|  97|0x00000000e6100000, 0x00000000e6100000, 0x00000000e6200000|  0%| F|  |TAMS 0x00000000e6100000, 0x00000000e6100000| Untracked 
|  98|0x00000000e6200000, 0x00000000e6200000, 0x00000000e6300000|  0%| F|  |TAMS 0x00000000e6200000, 0x00000000e6200000| Untracked 
|  99|0x00000000e6300000, 0x00000000e6300000, 0x00000000e6400000|  0%| F|  |TAMS 0x00000000e6300000, 0x00000000e6300000| Untracked 
| 100|0x00000000e6400000, 0x00000000e6400000, 0x00000000e6500000|  0%| F|  |TAMS 0x00000000e6400000, 0x00000000e6400000| Untracked 
| 101|0x00000000e6500000, 0x00000000e6500000, 0x00000000e6600000|  0%| F|  |TAMS 0x00000000e6500000, 0x00000000e6500000| Untracked 
| 102|0x00000000e6600000, 0x00000000e6600000, 0x00000000e6700000|  0%| F|  |TAMS 0x00000000e6600000, 0x00000000e6600000| Untracked 
| 103|0x00000000e6700000, 0x00000000e6700000, 0x00000000e6800000|  0%| F|  |TAMS 0x00000000e6700000, 0x00000000e6700000| Untracked 
| 104|0x00000000e6800000, 0x00000000e6800000, 0x00000000e6900000|  0%| F|  |TAMS 0x00000000e6800000, 0x00000000e6800000| Untracked 
| 105|0x00000000e6900000, 0x00000000e6900000, 0x00000000e6a00000|  0%| F|  |TAMS 0x00000000e6900000, 0x00000000e6900000| Untracked 
| 106|0x00000000e6a00000, 0x00000000e6a00000, 0x00000000e6b00000|  0%| F|  |TAMS 0x00000000e6a00000, 0x00000000e6a00000| Untracked 
| 107|0x00000000e6b00000, 0x00000000e6b00000, 0x00000000e6c00000|  0%| F|  |TAMS 0x00000000e6b00000, 0x00000000e6b00000| Untracked 
| 108|0x00000000e6c00000, 0x00000000e6c00000, 0x00000000e6d00000|  0%| F|  |TAMS 0x00000000e6c00000, 0x00000000e6c00000| Untracked 
| 109|0x00000000e6d00000, 0x00000000e6d00000, 0x00000000e6e00000|  0%| F|  |TAMS 0x00000000e6d00000, 0x00000000e6d00000| Untracked 
| 110|0x00000000e6e00000, 0x00000000e6e00000, 0x00000000e6f00000|  0%| F|  |TAMS 0x00000000e6e00000, 0x00000000e6e00000| Untracked 
| 111|0x00000000e6f00000, 0x00000000e6f00000, 0x00000000e7000000|  0%| F|  |TAMS 0x00000000e6f00000, 0x00000000e6f00000| Untracked 
| 112|0x00000000e7000000, 0x00000000e7000000, 0x00000000e7100000|  0%| F|  |TAMS 0x00000000e7000000, 0x00000000e7000000| Untracked 
| 113|0x00000000e7100000, 0x00000000e7100000, 0x00000000e7200000|  0%| F|  |TAMS 0x00000000e7100000, 0x00000000e7100000| Untracked 
| 114|0x00000000e7200000, 0x00000000e7200000, 0x00000000e7300000|  0%| F|  |TAMS 0x00000000e7200000, 0x00000000e7200000| Untracked 
| 115|0x00000000e7300000, 0x00000000e7300000, 0x00000000e7400000|  0%| F|  |TAMS 0x00000000e7300000, 0x00000000e7300000| Untracked 
| 116|0x00000000e7400000, 0x00000000e7400000, 0x00000000e7500000|  0%| F|  |TAMS 0x00000000e7400000, 0x00000000e7400000| Untracked 
| 117|0x00000000e7500000, 0x00000000e7500000, 0x00000000e7600000|  0%| F|  |TAMS 0x00000000e7500000, 0x00000000e7500000| Untracked 
| 118|0x00000000e7600000, 0x00000000e7600000, 0x00000000e7700000|  0%| F|  |TAMS 0x00000000e7600000, 0x00000000e7600000| Untracked 
| 119|0x00000000e7700000, 0x00000000e7700000, 0x00000000e7800000|  0%| F|  |TAMS 0x00000000e7700000, 0x00000000e7700000| Untracked 
| 120|0x00000000e7800000, 0x00000000e7800000, 0x00000000e7900000|  0%| F|  |TAMS 0x00000000e7800000, 0x00000000e7800000| Untracked 
| 121|0x00000000e7900000, 0x00000000e7900000, 0x00000000e7a00000|  0%| F|  |TAMS 0x00000000e7900000, 0x00000000e7900000| Untracked 
| 122|0x00000000e7a00000, 0x00000000e7a00000, 0x00000000e7b00000|  0%| F|  |TAMS 0x00000000e7a00000, 0x00000000e7a00000| Untracked 
| 123|0x00000000e7b00000, 0x00000000e7b00000, 0x00000000e7c00000|  0%| F|  |TAMS 0x00000000e7b00000, 0x00000000e7b00000| Untracked 
| 124|0x00000000e7c00000, 0x00000000e7c00000, 0x00000000e7d00000|  0%| F|  |TAMS 0x00000000e7c00000, 0x00000000e7c00000| Untracked 
| 125|0x00000000e7d00000, 0x00000000e7d00000, 0x00000000e7e00000|  0%| F|  |TAMS 0x00000000e7d00000, 0x00000000e7d00000| Untracked 
| 126|0x00000000e7e00000, 0x00000000e7e00000, 0x00000000e7f00000|  0%| F|  |TAMS 0x00000000e7e00000, 0x00000000e7e00000| Untracked 
| 127|0x00000000e7f00000, 0x00000000e7f00000, 0x00000000e8000000|  0%| F|  |TAMS 0x00000000e7f00000, 0x00000000e7f00000| Untracked 
| 128|0x00000000e8000000, 0x00000000e8000000, 0x00000000e8100000|  0%| F|  |TAMS 0x00000000e8000000, 0x00000000e8000000| Untracked 
| 129|0x00000000e8100000, 0x00000000e8100000, 0x00000000e8200000|  0%| F|  |TAMS 0x00000000e8100000, 0x00000000e8100000| Untracked 
| 130|0x00000000e8200000, 0x00000000e8200000, 0x00000000e8300000|  0%| F|  |TAMS 0x00000000e8200000, 0x00000000e8200000| Untracked 
| 131|0x00000000e8300000, 0x00000000e8300000, 0x00000000e8400000|  0%| F|  |TAMS 0x00000000e8300000, 0x00000000e8300000| Untracked 
| 132|0x00000000e8400000, 0x00000000e8400000, 0x00000000e8500000|  0%| F|  |TAMS 0x00000000e8400000, 0x00000000e8400000| Untracked 
| 133|0x00000000e8500000, 0x00000000e8500000, 0x00000000e8600000|  0%| F|  |TAMS 0x00000000e8500000, 0x00000000e8500000| Untracked 
| 134|0x00000000e8600000, 0x00000000e8600000, 0x00000000e8700000|  0%| F|  |TAMS 0x00000000e8600000, 0x00000000e8600000| Untracked 
| 135|0x00000000e8700000, 0x00000000e8700000, 0x00000000e8800000|  0%| F|  |TAMS 0x00000000e8700000, 0x00000000e8700000| Untracked 
| 136|0x00000000e8800000, 0x00000000e8800000, 0x00000000e8900000|  0%| F|  |TAMS 0x00000000e8800000, 0x00000000e8800000| Untracked 
| 137|0x00000000e8900000, 0x00000000e8900000, 0x00000000e8a00000|  0%| F|  |TAMS 0x00000000e8900000, 0x00000000e8900000| Untracked 
| 138|0x00000000e8a00000, 0x00000000e8a00000, 0x00000000e8b00000|  0%| F|  |TAMS 0x00000000e8a00000, 0x00000000e8a00000| Untracked 
| 139|0x00000000e8b00000, 0x00000000e8b00000, 0x00000000e8c00000|  0%| F|  |TAMS 0x00000000e8b00000, 0x00000000e8b00000| Untracked 
| 140|0x00000000e8c00000, 0x00000000e8c00000, 0x00000000e8d00000|  0%| F|  |TAMS 0x00000000e8c00000, 0x00000000e8c00000| Untracked 
| 141|0x00000000e8d00000, 0x00000000e8d00000, 0x00000000e8e00000|  0%| F|  |TAMS 0x00000000e8d00000, 0x00000000e8d00000| Untracked 
| 142|0x00000000e8e00000, 0x00000000e8e00000, 0x00000000e8f00000|  0%| F|  |TAMS 0x00000000e8e00000, 0x00000000e8e00000| Untracked 
| 143|0x00000000e8f00000, 0x00000000e8f00000, 0x00000000e9000000|  0%| F|  |TAMS 0x00000000e8f00000, 0x00000000e8f00000| Untracked 
| 144|0x00000000e9000000, 0x00000000e9000000, 0x00000000e9100000|  0%| F|  |TAMS 0x00000000e9000000, 0x00000000e9000000| Untracked 
| 145|0x00000000e9100000, 0x00000000e9100000, 0x00000000e9200000|  0%| F|  |TAMS 0x00000000e9100000, 0x00000000e9100000| Untracked 
| 146|0x00000000e9200000, 0x00000000e9200000, 0x00000000e9300000|  0%| F|  |TAMS 0x00000000e9200000, 0x00000000e9200000| Untracked 
| 147|0x00000000e9300000, 0x00000000e9300000, 0x00000000e9400000|  0%| F|  |TAMS 0x00000000e9300000, 0x00000000e9300000| Untracked 
| 148|0x00000000e9400000, 0x00000000e9400000, 0x00000000e9500000|  0%| F|  |TAMS 0x00000000e9400000, 0x00000000e9400000| Untracked 
| 149|0x00000000e9500000, 0x00000000e9500000, 0x00000000e9600000|  0%| F|  |TAMS 0x00000000e9500000, 0x00000000e9500000| Untracked 
| 150|0x00000000e9600000, 0x00000000e9600000, 0x00000000e9700000|  0%| F|  |TAMS 0x00000000e9600000, 0x00000000e9600000| Untracked 
| 151|0x00000000e9700000, 0x00000000e9700000, 0x00000000e9800000|  0%| F|  |TAMS 0x00000000e9700000, 0x00000000e9700000| Untracked 
| 152|0x00000000e9800000, 0x00000000e9800000, 0x00000000e9900000|  0%| F|  |TAMS 0x00000000e9800000, 0x00000000e9800000| Untracked 
| 153|0x00000000e9900000, 0x00000000e9900000, 0x00000000e9a00000|  0%| F|  |TAMS 0x00000000e9900000, 0x00000000e9900000| Untracked 
| 154|0x00000000e9a00000, 0x00000000e9a00000, 0x00000000e9b00000|  0%| F|  |TAMS 0x00000000e9a00000, 0x00000000e9a00000| Untracked 
| 155|0x00000000e9b00000, 0x00000000e9b00000, 0x00000000e9c00000|  0%| F|  |TAMS 0x00000000e9b00000, 0x00000000e9b00000| Untracked 
| 156|0x00000000e9c00000, 0x00000000e9c00000, 0x00000000e9d00000|  0%| F|  |TAMS 0x00000000e9c00000, 0x00000000e9c00000| Untracked 
| 157|0x00000000e9d00000, 0x00000000e9d00000, 0x00000000e9e00000|  0%| F|  |TAMS 0x00000000e9d00000, 0x00000000e9d00000| Untracked 
| 158|0x00000000e9e00000, 0x00000000e9e00000, 0x00000000e9f00000|  0%| F|  |TAMS 0x00000000e9e00000, 0x00000000e9e00000| Untracked 
| 159|0x00000000e9f00000, 0x00000000e9f00000, 0x00000000ea000000|  0%| F|  |TAMS 0x00000000e9f00000, 0x00000000e9f00000| Untracked 
| 160|0x00000000ea000000, 0x00000000ea000000, 0x00000000ea100000|  0%| F|  |TAMS 0x00000000ea000000, 0x00000000ea000000| Untracked 
| 161|0x00000000ea100000, 0x00000000ea100000, 0x00000000ea200000|  0%| F|  |TAMS 0x00000000ea100000, 0x00000000ea100000| Untracked 
| 162|0x00000000ea200000, 0x00000000ea200000, 0x00000000ea300000|  0%| F|  |TAMS 0x00000000ea200000, 0x00000000ea200000| Untracked 
| 163|0x00000000ea300000, 0x00000000ea300000, 0x00000000ea400000|  0%| F|  |TAMS 0x00000000ea300000, 0x00000000ea300000| Untracked 
| 164|0x00000000ea400000, 0x00000000ea400000, 0x00000000ea500000|  0%| F|  |TAMS 0x00000000ea400000, 0x00000000ea400000| Untracked 
| 165|0x00000000ea500000, 0x00000000ea500000, 0x00000000ea600000|  0%| F|  |TAMS 0x00000000ea500000, 0x00000000ea500000| Untracked 
| 166|0x00000000ea600000, 0x00000000ea600000, 0x00000000ea700000|  0%| F|  |TAMS 0x00000000ea600000, 0x00000000ea600000| Untracked 
| 167|0x00000000ea700000, 0x00000000ea700000, 0x00000000ea800000|  0%| F|  |TAMS 0x00000000ea700000, 0x00000000ea700000| Untracked 
| 168|0x00000000ea800000, 0x00000000ea800000, 0x00000000ea900000|  0%| F|  |TAMS 0x00000000ea800000, 0x00000000ea800000| Untracked 
| 169|0x00000000ea900000, 0x00000000ea900000, 0x00000000eaa00000|  0%| F|  |TAMS 0x00000000ea900000, 0x00000000ea900000| Untracked 
| 170|0x00000000eaa00000, 0x00000000eaa00000, 0x00000000eab00000|  0%| F|  |TAMS 0x00000000eaa00000, 0x00000000eaa00000| Untracked 
| 171|0x00000000eab00000, 0x00000000eab00000, 0x00000000eac00000|  0%| F|  |TAMS 0x00000000eab00000, 0x00000000eab00000| Untracked 
| 172|0x00000000eac00000, 0x00000000eac00000, 0x00000000ead00000|  0%| F|  |TAMS 0x00000000eac00000, 0x00000000eac00000| Untracked 
| 173|0x00000000ead00000, 0x00000000ead00000, 0x00000000eae00000|  0%| F|  |TAMS 0x00000000ead00000, 0x00000000ead00000| Untracked 
| 174|0x00000000eae00000, 0x00000000eae00000, 0x00000000eaf00000|  0%| F|  |TAMS 0x00000000eae00000, 0x00000000eae00000| Untracked 
| 175|0x00000000eaf00000, 0x00000000eaf00000, 0x00000000eb000000|  0%| F|  |TAMS 0x00000000eaf00000, 0x00000000eaf00000| Untracked 
| 176|0x00000000eb000000, 0x00000000eb000000, 0x00000000eb100000|  0%| F|  |TAMS 0x00000000eb000000, 0x00000000eb000000| Untracked 
| 177|0x00000000eb100000, 0x00000000eb100000, 0x00000000eb200000|  0%| F|  |TAMS 0x00000000eb100000, 0x00000000eb100000| Untracked 
| 178|0x00000000eb200000, 0x00000000eb200000, 0x00000000eb300000|  0%| F|  |TAMS 0x00000000eb200000, 0x00000000eb200000| Untracked 
| 179|0x00000000eb300000, 0x00000000eb300000, 0x00000000eb400000|  0%| F|  |TAMS 0x00000000eb300000, 0x00000000eb300000| Untracked 
| 180|0x00000000eb400000, 0x00000000eb400000, 0x00000000eb500000|  0%| F|  |TAMS 0x00000000eb400000, 0x00000000eb400000| Untracked 
| 181|0x00000000eb500000, 0x00000000eb500000, 0x00000000eb600000|  0%| F|  |TAMS 0x00000000eb500000, 0x00000000eb500000| Untracked 
| 182|0x00000000eb600000, 0x00000000eb600000, 0x00000000eb700000|  0%| F|  |TAMS 0x00000000eb600000, 0x00000000eb600000| Untracked 
| 183|0x00000000eb700000, 0x00000000eb700000, 0x00000000eb800000|  0%| F|  |TAMS 0x00000000eb700000, 0x00000000eb700000| Untracked 
| 184|0x00000000eb800000, 0x00000000eb800000, 0x00000000eb900000|  0%| F|  |TAMS 0x00000000eb800000, 0x00000000eb800000| Untracked 
| 185|0x00000000eb900000, 0x00000000eb900000, 0x00000000eba00000|  0%| F|  |TAMS 0x00000000eb900000, 0x00000000eb900000| Untracked 
| 186|0x00000000eba00000, 0x00000000eba00000, 0x00000000ebb00000|  0%| F|  |TAMS 0x00000000eba00000, 0x00000000eba00000| Untracked 
| 187|0x00000000ebb00000, 0x00000000ebb00000, 0x00000000ebc00000|  0%| F|  |TAMS 0x00000000ebb00000, 0x00000000ebb00000| Untracked 
| 188|0x00000000ebc00000, 0x00000000ebc00000, 0x00000000ebd00000|  0%| F|  |TAMS 0x00000000ebc00000, 0x00000000ebc00000| Untracked 
| 189|0x00000000ebd00000, 0x00000000ebd00000, 0x00000000ebe00000|  0%| F|  |TAMS 0x00000000ebd00000, 0x00000000ebd00000| Untracked 
| 190|0x00000000ebe00000, 0x00000000ebe00000, 0x00000000ebf00000|  0%| F|  |TAMS 0x00000000ebe00000, 0x00000000ebe00000| Untracked 
| 191|0x00000000ebf00000, 0x00000000ebf00000, 0x00000000ec000000|  0%| F|  |TAMS 0x00000000ebf00000, 0x00000000ebf00000| Untracked 
| 192|0x00000000ec000000, 0x00000000ec000000, 0x00000000ec100000|  0%| F|  |TAMS 0x00000000ec000000, 0x00000000ec000000| Untracked 
| 193|0x00000000ec100000, 0x00000000ec100000, 0x00000000ec200000|  0%| F|  |TAMS 0x00000000ec100000, 0x00000000ec100000| Untracked 
| 194|0x00000000ec200000, 0x00000000ec200000, 0x00000000ec300000|  0%| F|  |TAMS 0x00000000ec200000, 0x00000000ec200000| Untracked 
| 195|0x00000000ec300000, 0x00000000ec300000, 0x00000000ec400000|  0%| F|  |TAMS 0x00000000ec300000, 0x00000000ec300000| Untracked 
| 196|0x00000000ec400000, 0x00000000ec400000, 0x00000000ec500000|  0%| F|  |TAMS 0x00000000ec400000, 0x00000000ec400000| Untracked 
| 197|0x00000000ec500000, 0x00000000ec500000, 0x00000000ec600000|  0%| F|  |TAMS 0x00000000ec500000, 0x00000000ec500000| Untracked 
| 198|0x00000000ec600000, 0x00000000ec600000, 0x00000000ec700000|  0%| F|  |TAMS 0x00000000ec600000, 0x00000000ec600000| Untracked 
| 199|0x00000000ec700000, 0x00000000ec700000, 0x00000000ec800000|  0%| F|  |TAMS 0x00000000ec700000, 0x00000000ec700000| Untracked 
| 200|0x00000000ec800000, 0x00000000ec800000, 0x00000000ec900000|  0%| F|  |TAMS 0x00000000ec800000, 0x00000000ec800000| Untracked 
| 201|0x00000000ec900000, 0x00000000ec900000, 0x00000000eca00000|  0%| F|  |TAMS 0x00000000ec900000, 0x00000000ec900000| Untracked 
| 202|0x00000000eca00000, 0x00000000eca00000, 0x00000000ecb00000|  0%| F|  |TAMS 0x00000000eca00000, 0x00000000eca00000| Untracked 
| 203|0x00000000ecb00000, 0x00000000ecb00000, 0x00000000ecc00000|  0%| F|  |TAMS 0x00000000ecb00000, 0x00000000ecb00000| Untracked 
| 204|0x00000000ecc00000, 0x00000000ecc00000, 0x00000000ecd00000|  0%| F|  |TAMS 0x00000000ecc00000, 0x00000000ecc00000| Untracked 
| 205|0x00000000ecd00000, 0x00000000ecd00000, 0x00000000ece00000|  0%| F|  |TAMS 0x00000000ecd00000, 0x00000000ecd00000| Untracked 
| 206|0x00000000ece00000, 0x00000000ece00000, 0x00000000ecf00000|  0%| F|  |TAMS 0x00000000ece00000, 0x00000000ece00000| Untracked 
| 207|0x00000000ecf00000, 0x00000000ecf00000, 0x00000000ed000000|  0%| F|  |TAMS 0x00000000ecf00000, 0x00000000ecf00000| Untracked 
| 208|0x00000000ed000000, 0x00000000ed000000, 0x00000000ed100000|  0%| F|  |TAMS 0x00000000ed000000, 0x00000000ed000000| Untracked 
| 209|0x00000000ed100000, 0x00000000ed100000, 0x00000000ed200000|  0%| F|  |TAMS 0x00000000ed100000, 0x00000000ed100000| Untracked 
| 210|0x00000000ed200000, 0x00000000ed200000, 0x00000000ed300000|  0%| F|  |TAMS 0x00000000ed200000, 0x00000000ed200000| Untracked 
| 211|0x00000000ed300000, 0x00000000ed300000, 0x00000000ed400000|  0%| F|  |TAMS 0x00000000ed300000, 0x00000000ed300000| Untracked 
| 212|0x00000000ed400000, 0x00000000ed400000, 0x00000000ed500000|  0%| F|  |TAMS 0x00000000ed400000, 0x00000000ed400000| Untracked 
| 213|0x00000000ed500000, 0x00000000ed500000, 0x00000000ed600000|  0%| F|  |TAMS 0x00000000ed500000, 0x00000000ed500000| Untracked 
| 214|0x00000000ed600000, 0x00000000ed600000, 0x00000000ed700000|  0%| F|  |TAMS 0x00000000ed600000, 0x00000000ed600000| Untracked 
| 215|0x00000000ed700000, 0x00000000ed700000, 0x00000000ed800000|  0%| F|  |TAMS 0x00000000ed700000, 0x00000000ed700000| Untracked 
| 216|0x00000000ed800000, 0x00000000ed800000, 0x00000000ed900000|  0%| F|  |TAMS 0x00000000ed800000, 0x00000000ed800000| Untracked 
| 217|0x00000000ed900000, 0x00000000ed900000, 0x00000000eda00000|  0%| F|  |TAMS 0x00000000ed900000, 0x00000000ed900000| Untracked 
| 218|0x00000000eda00000, 0x00000000eda00000, 0x00000000edb00000|  0%| F|  |TAMS 0x00000000eda00000, 0x00000000eda00000| Untracked 
| 219|0x00000000edb00000, 0x00000000edb00000, 0x00000000edc00000|  0%| F|  |TAMS 0x00000000edb00000, 0x00000000edb00000| Untracked 
| 220|0x00000000edc00000, 0x00000000edc00000, 0x00000000edd00000|  0%| F|  |TAMS 0x00000000edc00000, 0x00000000edc00000| Untracked 
| 221|0x00000000edd00000, 0x00000000edd00000, 0x00000000ede00000|  0%| F|  |TAMS 0x00000000edd00000, 0x00000000edd00000| Untracked 
| 222|0x00000000ede00000, 0x00000000ede00000, 0x00000000edf00000|  0%| F|  |TAMS 0x00000000ede00000, 0x00000000ede00000| Untracked 
| 223|0x00000000edf00000, 0x00000000edf00000, 0x00000000ee000000|  0%| F|  |TAMS 0x00000000edf00000, 0x00000000edf00000| Untracked 
| 224|0x00000000ee000000, 0x00000000ee000000, 0x00000000ee100000|  0%| F|  |TAMS 0x00000000ee000000, 0x00000000ee000000| Untracked 
| 225|0x00000000ee100000, 0x00000000ee100000, 0x00000000ee200000|  0%| F|  |TAMS 0x00000000ee100000, 0x00000000ee100000| Untracked 
| 226|0x00000000ee200000, 0x00000000ee200000, 0x00000000ee300000|  0%| F|  |TAMS 0x00000000ee200000, 0x00000000ee200000| Untracked 
| 227|0x00000000ee300000, 0x00000000ee300000, 0x00000000ee400000|  0%| F|  |TAMS 0x00000000ee300000, 0x00000000ee300000| Untracked 
| 228|0x00000000ee400000, 0x00000000ee400000, 0x00000000ee500000|  0%| F|  |TAMS 0x00000000ee400000, 0x00000000ee400000| Untracked 
| 229|0x00000000ee500000, 0x00000000ee500000, 0x00000000ee600000|  0%| F|  |TAMS 0x00000000ee500000, 0x00000000ee500000| Untracked 
| 230|0x00000000ee600000, 0x00000000ee600000, 0x00000000ee700000|  0%| F|  |TAMS 0x00000000ee600000, 0x00000000ee600000| Untracked 
| 231|0x00000000ee700000, 0x00000000ee700000, 0x00000000ee800000|  0%| F|  |TAMS 0x00000000ee700000, 0x00000000ee700000| Untracked 
| 232|0x00000000ee800000, 0x00000000ee800000, 0x00000000ee900000|  0%| F|  |TAMS 0x00000000ee800000, 0x00000000ee800000| Untracked 
| 233|0x00000000ee900000, 0x00000000ee900000, 0x00000000eea00000|  0%| F|  |TAMS 0x00000000ee900000, 0x00000000ee900000| Untracked 
| 234|0x00000000eea00000, 0x00000000eeb00000, 0x00000000eeb00000|100%| S|CS|TAMS 0x00000000eea00000, 0x00000000eea00000| Complete 
| 235|0x00000000eeb00000, 0x00000000eec00000, 0x00000000eec00000|100%| S|CS|TAMS 0x00000000eeb00000, 0x00000000eeb00000| Complete 
| 236|0x00000000eec00000, 0x00000000eec00000, 0x00000000eed00000|  0%| F|  |TAMS 0x00000000eec00000, 0x00000000eec00000| Untracked 
| 237|0x00000000eed00000, 0x00000000eed00000, 0x00000000eee00000|  0%| F|  |TAMS 0x00000000eed00000, 0x00000000eed00000| Untracked 
| 238|0x00000000eee00000, 0x00000000eee00000, 0x00000000eef00000|  0%| F|  |TAMS 0x00000000eee00000, 0x00000000eee00000| Untracked 
| 239|0x00000000eef00000, 0x00000000eef00000, 0x00000000ef000000|  0%| F|  |TAMS 0x00000000eef00000, 0x00000000eef00000| Untracked 
| 240|0x00000000ef000000, 0x00000000ef000000, 0x00000000ef100000|  0%| F|  |TAMS 0x00000000ef000000, 0x00000000ef000000| Untracked 
| 241|0x00000000ef100000, 0x00000000ef100000, 0x00000000ef200000|  0%| F|  |TAMS 0x00000000ef100000, 0x00000000ef100000| Untracked 
| 242|0x00000000ef200000, 0x00000000ef200000, 0x00000000ef300000|  0%| F|  |TAMS 0x00000000ef200000, 0x00000000ef200000| Untracked 
| 243|0x00000000ef300000, 0x00000000ef300000, 0x00000000ef400000|  0%| F|  |TAMS 0x00000000ef300000, 0x00000000ef300000| Untracked 
| 244|0x00000000ef400000, 0x00000000ef400000, 0x00000000ef500000|  0%| F|  |TAMS 0x00000000ef400000, 0x00000000ef400000| Untracked 
| 245|0x00000000ef500000, 0x00000000ef500000, 0x00000000ef600000|  0%| F|  |TAMS 0x00000000ef500000, 0x00000000ef500000| Untracked 
| 246|0x00000000ef600000, 0x00000000ef600000, 0x00000000ef700000|  0%| F|  |TAMS 0x00000000ef600000, 0x00000000ef600000| Untracked 
| 247|0x00000000ef700000, 0x00000000ef700000, 0x00000000ef800000|  0%| F|  |TAMS 0x00000000ef700000, 0x00000000ef700000| Untracked 
| 248|0x00000000ef800000, 0x00000000ef800000, 0x00000000ef900000|  0%| F|  |TAMS 0x00000000ef800000, 0x00000000ef800000| Untracked 
| 249|0x00000000ef900000, 0x00000000ef900000, 0x00000000efa00000|  0%| F|  |TAMS 0x00000000ef900000, 0x00000000ef900000| Untracked 
| 250|0x00000000efa00000, 0x00000000efa00000, 0x00000000efb00000|  0%| F|  |TAMS 0x00000000efa00000, 0x00000000efa00000| Untracked 
| 251|0x00000000efb00000, 0x00000000efb00000, 0x00000000efc00000|  0%| F|  |TAMS 0x00000000efb00000, 0x00000000efb00000| Untracked 
| 252|0x00000000efc00000, 0x00000000efc9a1a0, 0x00000000efd00000| 60%| E|  |TAMS 0x00000000efc00000, 0x00000000efc00000| Complete 
| 253|0x00000000efd00000, 0x00000000efe00000, 0x00000000efe00000|100%| E|CS|TAMS 0x00000000efd00000, 0x00000000efd00000| Complete 
| 254|0x00000000efe00000, 0x00000000eff00000, 0x00000000eff00000|100%| E|CS|TAMS 0x00000000efe00000, 0x00000000efe00000| Complete 
| 255|0x00000000eff00000, 0x00000000f0000000, 0x00000000f0000000|100%| E|CS|TAMS 0x00000000eff00000, 0x00000000eff00000| Complete 

Card table byte_map: [0x0000013cde960000,0x0000013cdea60000] _byte_map_base: 0x0000013cde260000

Marking Bits (Prev, Next): (CMBitMap*) 0x0000013cc8203d00, (CMBitMap*) 0x0000013cc8203cc0
 Prev Bits: [0x0000013cdf360000, 0x0000013cdfb60000)
 Next Bits: [0x0000013cdeb60000, 0x0000013cdf360000)

Polling page: 0x0000013cc6380000

Metaspace:

Usage:
  Non-class:     50.15 MB used.
      Class:      7.60 MB used.
       Both:     57.75 MB used.

Virtual space:
  Non-class space:       56.00 MB reserved,      50.44 MB ( 90%) committed,  7 nodes.
      Class space:      208.00 MB reserved,       7.88 MB (  4%) committed,  1 nodes.
              Both:      264.00 MB reserved,      58.31 MB ( 22%) committed. 

Chunk freelists:
   Non-Class:  1.45 MB
       Class:  48.00 KB
        Both:  1.50 MB

MaxMetaspaceSize: 256.00 MB
CompressedClassSpaceSize: 208.00 MB
 - commit_granule_bytes: 65536.
 - commit_granule_words: 8192.
 - virtual_space_node_default_size: 1048576.
 - enlarge_chunks_in_place: 1.
 - new_chunks_are_fully_committed: 0.
 - uncommit_free_chunks: 1.
 - use_allocation_guard: 0.
 - handle_deallocations: 1.


Internal statistics:

num_allocs_failed_limit: 9.
num_arena_births: 706.
num_arena_deaths: 0.
num_vsnodes_births: 8.
num_vsnodes_deaths: 0.
num_space_committed: 933.
num_space_uncommitted: 0.
num_chunks_returned_to_freelist: 9.
num_chunks_taken_from_freelist: 2926.
num_chunk_merges: 9.
num_chunk_splits: 1845.
num_chunks_enlarged: 1124.
num_purges: 0.

CodeHeap 'non-profiled nmethods': size=120000Kb used=3423Kb max_used=3423Kb free=116576Kb
 bounds [0x0000013cd7430000, 0x0000013cd7790000, 0x0000013cde960000]
CodeHeap 'profiled nmethods': size=120000Kb used=14902Kb max_used=14902Kb free=105097Kb
 bounds [0x0000013ccff00000, 0x0000013cd0d90000, 0x0000013cd7430000]
CodeHeap 'non-nmethods': size=5760Kb used=2393Kb max_used=2430Kb free=3366Kb
 bounds [0x0000013ccf960000, 0x0000013ccfbd0000, 0x0000013ccff00000]
 total_blobs=8379 nmethods=7465 adapters=826
 compilation: enabled
              stopped_count=0, restarted_count=0
 full_count=0

Compilation events (20 events):
Event: 41.513 Thread 0x0000013ce211c280 8227       1       org.gradle.api.internal.artifacts.dsl.ArtifactFile::getName (5 bytes)
Event: 41.513 Thread 0x0000013ce211c280 nmethod 8227 0x0000013cd7783b10 code [0x0000013cd7783ca0, 0x0000013cd7783d78]
Event: 41.513 Thread 0x0000013ce211c280 8228       1       org.gradle.api.internal.artifacts.dsl.ArtifactFile::getClassifier (5 bytes)
Event: 41.513 Thread 0x0000013ce211c280 nmethod 8228 0x0000013cd7783e10 code [0x0000013cd7783fa0, 0x0000013cd7784078]
Event: 41.515 Thread 0x0000013ce211c280 8230       1       org.gradle.api.internal.attributes.DefaultAttributeMatchingStrategy::getCompatibilityRules (5 bytes)
Event: 41.515 Thread 0x0000013ce211c280 nmethod 8230 0x0000013cd7784110 code [0x0000013cd77842a0, 0x0000013cd7784378]
Event: 41.515 Thread 0x0000013ce211c280 8231       1       org.gradle.internal.component.model.DefaultCompatibilityCheckResult::hasResult (5 bytes)
Event: 41.515 Thread 0x0000013ce211c280 nmethod 8231 0x0000013cd7784410 code [0x0000013cd77845a0, 0x0000013cd7784678]
Event: 41.516 Thread 0x0000013ce211c280 8232       1       org.gradle.api.attributes.LibraryElements$Impl::getName (5 bytes)
Event: 41.516 Thread 0x0000013ce211c280 nmethod 8232 0x0000013cd7784710 code [0x0000013cd77848a0, 0x0000013cd7784978]
Event: 41.516 Thread 0x0000013ce211c280 8233       1       org.gradle.internal.component.model.DefaultCompatibilityCheckResult::getConsumerValue (5 bytes)
Event: 41.516 Thread 0x0000013ce211c280 nmethod 8233 0x0000013cd7784a10 code [0x0000013cd7784ba0, 0x0000013cd7784c78]
Event: 41.516 Thread 0x0000013ce211c280 8234       1       org.gradle.internal.component.model.DefaultCompatibilityCheckResult::getProducerValue (5 bytes)
Event: 41.516 Thread 0x0000013ce211c280 nmethod 8234 0x0000013cd7784d10 code [0x0000013cd7784ea0, 0x0000013cd7784f78]
Event: 41.516 Thread 0x0000013ce211c280 8235       2       org.gradle.api.internal.artifacts.ivyservice.resolveengine.artifact.ParallelResolveArtifactSet$VisitingSet$StartVisitAction::visitArtifacts (31 bytes)
Event: 41.516 Thread 0x0000013ce211c280 nmethod 8235 0x0000013cd0d7b110 code [0x0000013cd0d7b2e0, 0x0000013cd0d7b488]
Event: 41.516 Thread 0x0000013ce211c280 8236       1       org.gradle.api.internal.artifacts.DefaultResolvableArtifact::toPublicView (5 bytes)
Event: 41.516 Thread 0x0000013ce211c280 nmethod 8236 0x0000013cd7785010 code [0x0000013cd77851a0, 0x0000013cd7785278]
Event: 41.516 Thread 0x0000013ce211c280 8237       1       org.gradle.api.internal.artifacts.ivyservice.ArtifactCollectingVisitor::requireArtifactFiles (2 bytes)
Event: 41.517 Thread 0x0000013ce211c280 nmethod 8237 0x0000013cd7785310 code [0x0000013cd77854a0, 0x0000013cd7785578]

GC Heap History (18 events):
Event: 1.806 GC heap before
{Heap before GC invocations=0 (full 0):
 garbage-first heap   total 262144K, used 15360K [0x00000000e0000000, 0x0000000100000000)
  region size 1024K, 13 young (13312K), 0 survivors (0K)
 Metaspace       used 1061K, committed 1216K, reserved 221184K
  class space    used 72K, committed 128K, reserved 212992K
}
Event: 1.822 GC heap after
{Heap after GC invocations=1 (full 0):
 garbage-first heap   total 262144K, used 3990K [0x00000000e0000000, 0x0000000100000000)
  region size 1024K, 2 young (2048K), 2 survivors (2048K)
 Metaspace       used 1061K, committed 1216K, reserved 221184K
  class space    used 72K, committed 128K, reserved 212992K
}
Event: 3.062 GC heap before
{Heap before GC invocations=1 (full 0):
 garbage-first heap   total 262144K, used 20374K [0x00000000e0000000, 0x0000000100000000)
  region size 1024K, 16 young (16384K), 2 survivors (2048K)
 Metaspace       used 3633K, committed 3776K, reserved 221184K
  class space    used 439K, committed 512K, reserved 212992K
}
Event: 3.067 GC heap after
{Heap after GC invocations=2 (full 0):
 garbage-first heap   total 262144K, used 9334K [0x00000000e0000000, 0x0000000100000000)
  region size 1024K, 2 young (2048K), 2 survivors (2048K)
 Metaspace       used 3633K, committed 3776K, reserved 221184K
  class space    used 439K, committed 512K, reserved 212992K
}
Event: 3.902 GC heap before
{Heap before GC invocations=2 (full 0):
 garbage-first heap   total 262144K, used 28790K [0x00000000e0000000, 0x0000000100000000)
  region size 1024K, 22 young (22528K), 2 survivors (2048K)
 Metaspace       used 4087K, committed 4288K, reserved 221184K
  class space    used 483K, committed 576K, reserved 212992K
}
Event: 3.906 GC heap after
{Heap after GC invocations=3 (full 0):
 garbage-first heap   total 262144K, used 9924K [0x00000000e0000000, 0x0000000100000000)
  region size 1024K, 1 young (1024K), 1 survivors (1024K)
 Metaspace       used 4087K, committed 4288K, reserved 221184K
  class space    used 483K, committed 576K, reserved 212992K
}
Event: 17.348 GC heap before
{Heap before GC invocations=3 (full 0):
 garbage-first heap   total 262144K, used 138948K [0x00000000e0000000, 0x0000000100000000)
  region size 1024K, 114 young (116736K), 1 survivors (1024K)
 Metaspace       used 20986K, committed 21248K, reserved 237568K
  class space    used 3087K, committed 3200K, reserved 212992K
}
Event: 17.389 GC heap after
{Heap after GC invocations=4 (full 0):
 garbage-first heap   total 262144K, used 37221K [0x00000000e0000000, 0x0000000100000000)
  region size 1024K, 14 young (14336K), 14 survivors (14336K)
 Metaspace       used 20986K, committed 21248K, reserved 237568K
  class space    used 3087K, committed 3200K, reserved 212992K
}
Event: 24.455 GC heap before
{Heap before GC invocations=5 (full 0):
 garbage-first heap   total 262144K, used 153957K [0x00000000e0000000, 0x0000000100000000)
  region size 1024K, 118 young (120832K), 14 survivors (14336K)
 Metaspace       used 35110K, committed 35520K, reserved 245760K
  class space    used 4705K, committed 4928K, reserved 212992K
}
Event: 24.517 GC heap after
{Heap after GC invocations=6 (full 0):
 garbage-first heap   total 262144K, used 57264K [0x00000000e0000000, 0x0000000100000000)
  region size 1024K, 11 young (11264K), 11 survivors (11264K)
 Metaspace       used 35110K, committed 35520K, reserved 245760K
  class space    used 4705K, committed 4928K, reserved 212992K
}
Event: 30.315 GC heap before
{Heap before GC invocations=7 (full 0):
 garbage-first heap   total 262144K, used 178096K [0x00000000e0000000, 0x0000000100000000)
  region size 1024K, 112 young (114688K), 11 survivors (11264K)
 Metaspace       used 45567K, committed 46208K, reserved 253952K
  class space    used 6244K, committed 6528K, reserved 212992K
}
Event: 30.604 GC heap after
{Heap after GC invocations=8 (full 0):
 garbage-first heap   total 262144K, used 86293K [0x00000000e0000000, 0x0000000100000000)
  region size 1024K, 12 young (12288K), 12 survivors (12288K)
 Metaspace       used 45567K, committed 46208K, reserved 253952K
  class space    used 6244K, committed 6528K, reserved 212992K
}
Event: 34.463 GC heap before
{Heap before GC invocations=8 (full 0):
 garbage-first heap   total 262144K, used 130325K [0x00000000e0000000, 0x0000000100000000)
  region size 1024K, 56 young (57344K), 12 survivors (12288K)
 Metaspace       used 48699K, committed 49344K, reserved 262144K
  class space    used 6608K, committed 6912K, reserved 212992K
}
Event: 34.491 GC heap after
{Heap after GC invocations=9 (full 0):
 garbage-first heap   total 262144K, used 91980K [0x00000000e0000000, 0x0000000100000000)
  region size 1024K, 6 young (6144K), 6 survivors (6144K)
 Metaspace       used 48699K, committed 49344K, reserved 262144K
  class space    used 6608K, committed 6912K, reserved 212992K
}
Event: 40.779 GC heap before
{Heap before GC invocations=9 (full 0):
 garbage-first heap   total 262144K, used 199500K [0x00000000e0000000, 0x0000000100000000)
  region size 1024K, 111 young (113664K), 6 survivors (6144K)
 Metaspace       used 58290K, committed 58880K, reserved 270336K
  class space    used 7667K, committed 7936K, reserved 212992K
}
Event: 40.811 GC heap after
{Heap after GC invocations=10 (full 0):
 garbage-first heap   total 262144K, used 99618K [0x00000000e0000000, 0x0000000100000000)
  region size 1024K, 14 young (14336K), 14 survivors (14336K)
 Metaspace       used 58290K, committed 58880K, reserved 270336K
  class space    used 7667K, committed 7936K, reserved 212992K
}
Event: 41.193 GC heap before
{Heap before GC invocations=10 (full 0):
 garbage-first heap   total 262144K, used 119074K [0x00000000e0000000, 0x0000000100000000)
  region size 1024K, 34 young (34816K), 14 survivors (14336K)
 Metaspace       used 58900K, committed 59520K, reserved 270336K
  class space    used 7762K, committed 8064K, reserved 212992K
}
Event: 41.286 GC heap after
{Heap after GC invocations=11 (full 0):
 garbage-first heap   total 262144K, used 100996K [0x00000000e0000000, 0x0000000100000000)
  region size 1024K, 2 young (2048K), 2 survivors (2048K)
 Metaspace       used 58900K, committed 59520K, reserved 270336K
  class space    used 7762K, committed 8064K, reserved 212992K
}

Deoptimization events (20 events):
Event: 40.252 Thread 0x0000013ce3971100 DEOPT PACKING pc=0x0000013cd0b562fb sp=0x0000003a06af9020
Event: 40.252 Thread 0x0000013ce3971100 DEOPT UNPACKING pc=0x0000013ccf9adece sp=0x0000003a06af8530 mode 0
Event: 40.350 Thread 0x0000013ce3971100 DEOPT PACKING pc=0x0000013cd0b562fb sp=0x0000003a06af9020
Event: 40.350 Thread 0x0000013ce3971100 DEOPT UNPACKING pc=0x0000013ccf9adece sp=0x0000003a06af8530 mode 0
Event: 40.458 Thread 0x0000013ce3971100 DEOPT PACKING pc=0x0000013cd0b562da sp=0x0000003a06af9020
Event: 40.458 Thread 0x0000013ce3971100 DEOPT UNPACKING pc=0x0000013ccf9adece sp=0x0000003a06af8530 mode 0
Event: 40.472 Thread 0x0000013ce3971100 DEOPT PACKING pc=0x0000013cd0c0fa3b sp=0x0000003a06af9130
Event: 40.472 Thread 0x0000013ce3971100 DEOPT UNPACKING pc=0x0000013ccf9adece sp=0x0000003a06af8628 mode 0
Event: 40.506 Thread 0x0000013ce3971100 DEOPT PACKING pc=0x0000013cd0c0fa3b sp=0x0000003a06af8e20
Event: 40.506 Thread 0x0000013ce3971100 DEOPT UNPACKING pc=0x0000013ccf9adece sp=0x0000003a06af8310 mode 0
Event: 40.525 Thread 0x0000013ce3971100 DEOPT PACKING pc=0x0000013cd0c0fa3b sp=0x0000003a06af8e20
Event: 40.526 Thread 0x0000013ce3971100 DEOPT UNPACKING pc=0x0000013ccf9adece sp=0x0000003a06af8310 mode 0
Event: 40.559 Thread 0x0000013ce3971100 DEOPT PACKING pc=0x0000013cd0c0fa3b sp=0x0000003a06af9020
Event: 40.559 Thread 0x0000013ce3971100 DEOPT UNPACKING pc=0x0000013ccf9adece sp=0x0000003a06af8510 mode 0
Event: 40.584 Thread 0x0000013ce3971100 DEOPT PACKING pc=0x0000013cd0c0fa3b sp=0x0000003a06af8f00
Event: 40.584 Thread 0x0000013ce3971100 DEOPT UNPACKING pc=0x0000013ccf9adece sp=0x0000003a06af83f0 mode 0
Event: 40.976 Thread 0x0000013ce3971100 Uncommon trap: trap_request=0xffffff45 fr.pc=0x0000013cd76eae88 relative=0x0000000000000728
Event: 40.976 Thread 0x0000013ce3971100 Uncommon trap: reason=unstable_if action=reinterpret pc=0x0000013cd76eae88 method=java.util.HashMap.putVal(ILjava/lang/Object;Ljava/lang/Object;ZZ)Ljava/lang/Object; @ 109 c2
Event: 40.976 Thread 0x0000013ce3971100 DEOPT PACKING pc=0x0000013cd76eae88 sp=0x0000003a06af7f80
Event: 40.976 Thread 0x0000013ce3971100 DEOPT UNPACKING pc=0x0000013ccf9ad72e sp=0x0000003a06af7e98 mode 2

Classes unloaded (0 events):
No events

Classes redefined (0 events):
No events

Internal exceptions (20 events):
Event: 32.490 Thread 0x0000013ce3971100 Exception <a 'java/lang/ClassNotFoundException'{0x00000000ef69ca08}: org/gradle/api/internal/tasks/DefaultSourceSetContainer_DecoratedBeanInfo> (0x00000000ef69ca08) 
thrown [t:\workspace\open\src\hotspot\share\classfile\systemDictionary.cpp, line 256]
Event: 32.491 Thread 0x0000013ce3971100 Exception <a 'java/lang/ClassNotFoundException'{0x00000000ef6a6860}: org/gradle/api/internal/tasks/DefaultSourceSetContainerBeanInfo> (0x00000000ef6a6860) 
thrown [t:\workspace\open\src\hotspot\share\classfile\systemDictionary.cpp, line 256]
Event: 32.492 Thread 0x0000013ce3971100 Exception <a 'java/lang/ClassNotFoundException'{0x00000000ef6aea00}: org/gradle/api/internal/AbstractValidatingNamedDomainObjectContainerBeanInfo> (0x00000000ef6aea00) 
thrown [t:\workspace\open\src\hotspot\share\classfile\systemDictionary.cpp, line 256]
Event: 32.493 Thread 0x0000013ce3971100 Exception <a 'java/lang/ClassNotFoundException'{0x00000000ef6b6ae0}: org/gradle/api/internal/AbstractNamedDomainObjectContainerBeanInfo> (0x00000000ef6b6ae0) 
thrown [t:\workspace\open\src\hotspot\share\classfile\systemDictionary.cpp, line 256]
Event: 32.494 Thread 0x0000013ce3971100 Exception <a 'java/lang/ClassNotFoundException'{0x00000000ef6bf078}: org/gradle/api/internal/DefaultNamedDomainObjectSetBeanInfo> (0x00000000ef6bf078) 
thrown [t:\workspace\open\src\hotspot\share\classfile\systemDictionary.cpp, line 256]
Event: 32.494 Thread 0x0000013ce3971100 Exception <a 'java/lang/ClassNotFoundException'{0x00000000ef6c7088}: org/gradle/api/internal/DefaultNamedDomainObjectSetCustomizer> (0x00000000ef6c7088) 
thrown [t:\workspace\open\src\hotspot\share\classfile\systemDictionary.cpp, line 256]
Event: 32.498 Thread 0x0000013ce3971100 Exception <a 'java/lang/ClassNotFoundException'{0x00000000ef6e4328}: org/gradle/api/internal/AbstractNamedDomainObjectContainerCustomizer> (0x00000000ef6e4328) 
thrown [t:\workspace\open\src\hotspot\share\classfile\systemDictionary.cpp, line 256]
Event: 32.501 Thread 0x0000013ce3971100 Exception <a 'java/lang/ClassNotFoundException'{0x00000000ef6ff820}: org/gradle/api/internal/AbstractValidatingNamedDomainObjectContainerCustomizer> (0x00000000ef6ff820) 
thrown [t:\workspace\open\src\hotspot\share\classfile\systemDictionary.cpp, line 256]
Event: 32.506 Thread 0x0000013ce3971100 Exception <a 'java/lang/ClassNotFoundException'{0x00000000ef514ba0}: org/gradle/api/internal/tasks/DefaultSourceSetContainerCustomizer> (0x00000000ef514ba0) 
thrown [t:\workspace\open\src\hotspot\share\classfile\systemDictionary.cpp, line 256]
Event: 32.509 Thread 0x0000013ce3971100 Exception <a 'java/lang/ClassNotFoundException'{0x00000000ef52a050}: org/gradle/api/internal/tasks/DefaultSourceSetContainer_DecoratedCustomizer> (0x00000000ef52a050) 
thrown [t:\workspace\open\src\hotspot\share\classfile\systemDictionary.cpp, line 256]
Event: 32.531 Thread 0x0000013ce3971100 Exception <a 'java/lang/ClassNotFoundException'{0x00000000ef5b7b80}: org/jetbrains/plugins/gradle/tooling/tasks/DependenciesReport$ProjectNameFunctionBeanInfo> (0x00000000ef5b7b80) 
thrown [t:\workspace\open\src\hotspot\share\classfile\systemDictionary.cpp, line 256]
Event: 32.532 Thread 0x0000013ce3971100 Exception <a 'java/lang/ClassNotFoundException'{0x00000000ef5c0270}: org/jetbrains/plugins/gradle/tooling/tasks/DependenciesReport$ProjectNameFunctionCustomizer> (0x00000000ef5c0270) 
thrown [t:\workspace\open\src\hotspot\share\classfile\systemDictionary.cpp, line 256]
Event: 32.582 Thread 0x0000013ce3971100 Exception <a 'java/lang/ClassNotFoundException'{0x00000000ef24ffa0}: org/gradle/api/internal/artifacts/configurations/DefaultConfiguration_DecoratedBeanInfo> (0x00000000ef24ffa0) 
thrown [t:\workspace\open\src\hotspot\share\classfile\systemDictionary.cpp, line 256]
Event: 32.583 Thread 0x0000013ce3971100 Exception <a 'java/lang/ClassNotFoundException'{0x00000000ef25cdc8}: org/gradle/api/internal/artifacts/configurations/DefaultConfigurationBeanInfo> (0x00000000ef25cdc8) 
thrown [t:\workspace\open\src\hotspot\share\classfile\systemDictionary.cpp, line 256]
Event: 32.583 Thread 0x0000013ce3971100 Exception <a 'java/lang/ClassNotFoundException'{0x00000000ef2674a0}: org/gradle/api/internal/file/AbstractFileCollectionBeanInfo> (0x00000000ef2674a0) 
thrown [t:\workspace\open\src\hotspot\share\classfile\systemDictionary.cpp, line 256]
Event: 32.584 Thread 0x0000013ce3971100 Exception <a 'java/lang/ClassNotFoundException'{0x00000000ef271b48}: org/gradle/api/internal/file/AbstractFileCollectionCustomizer> (0x00000000ef271b48) 
thrown [t:\workspace\open\src\hotspot\share\classfile\systemDictionary.cpp, line 256]
Event: 32.593 Thread 0x0000013ce3971100 Exception <a 'java/lang/ClassNotFoundException'{0x00000000ef2912a0}: org/gradle/api/internal/artifacts/configurations/DefaultConfigurationCustomizer> (0x00000000ef2912a0) 
thrown [t:\workspace\open\src\hotspot\share\classfile\systemDictionary.cpp, line 256]
Event: 32.599 Thread 0x0000013ce3971100 Exception <a 'java/lang/ClassNotFoundException'{0x00000000ef2f8960}: org/gradle/api/internal/artifacts/configurations/DefaultConfiguration_DecoratedCustomizer> (0x00000000ef2f8960) 
thrown [t:\workspace\open\src\hotspot\share\classfile\systemDictionary.cpp, line 256]
Event: 34.672 Thread 0x0000013ce3971100 Implicit null exception at 0x0000013cd747ecf2 to 0x0000013cd747f268
Event: 34.829 Thread 0x0000013ce3971100 Exception <a 'sun/nio/fs/WindowsException'{0x00000000ef5ae2f0}> (0x00000000ef5ae2f0) 
thrown [t:\workspace\open\src\hotspot\share\prims\jni.cpp, line 579]

Events (20 events):
Event: 38.090 loading class com/sun/org/apache/xerces/internal/dom/DeferredAttrImpl
Event: 38.091 loading class com/sun/org/apache/xerces/internal/dom/AttrImpl
Event: 38.091 loading class com/sun/org/apache/xerces/internal/dom/AttrImpl done
Event: 38.091 loading class com/sun/org/apache/xerces/internal/dom/DeferredAttrImpl done
Event: 39.091 Executing  VM operation: Cleanup
Event: 39.091 Executing  VM operation: Cleanup done
Event: 39.479 Executing  VM operation: HandshakeAllThreads
Event: 39.479 Executing  VM operation: HandshakeAllThreads done
Event: 39.720 Executing  VM operation: HandshakeAllThreads
Event: 39.721 Executing  VM operation: HandshakeAllThreads done
Event: 39.724 Executing  VM operation: HandshakeAllThreads
Event: 39.724 Executing  VM operation: HandshakeAllThreads done
Event: 39.970 Executing  VM operation: ICBufferFull
Event: 39.970 Executing  VM operation: ICBufferFull done
Event: 40.322 loading class sun/nio/cs/ISO_8859_1$Decoder
Event: 40.323 loading class sun/nio/cs/ISO_8859_1$Decoder done
Event: 40.779 Executing  VM operation: G1CollectForAllocation
Event: 40.811 Executing  VM operation: G1CollectForAllocation done
Event: 41.193 Executing  VM operation: CollectForMetadataAllocation
Event: 41.287 Executing  VM operation: CollectForMetadataAllocation done


Dynamic libraries:
0x00007ff772ea0000 - 0x00007ff772eb0000 	C:\Program Files\Java\jdk-16.0.1\bin\java.exe
0x00007ffef5930000 - 0x00007ffef5b25000 	C:\Windows\SYSTEM32\ntdll.dll
0x00007ffef4b90000 - 0x00007ffef4c4e000 	C:\Windows\System32\KERNEL32.DLL
0x00007ffef3190000 - 0x00007ffef3459000 	C:\Windows\System32\KERNELBASE.dll
0x00007ffef34e0000 - 0x00007ffef35e0000 	C:\Windows\System32\ucrtbase.dll
0x00007ffee14d0000 - 0x00007ffee14e8000 	C:\Program Files\Java\jdk-16.0.1\bin\jli.dll
0x00007ffef3c50000 - 0x00007ffef3cfc000 	C:\Windows\System32\ADVAPI32.dll
0x00007ffef4000000 - 0x00007ffef409e000 	C:\Windows\System32\msvcrt.dll
0x00007ffef4930000 - 0x00007ffef49cb000 	C:\Windows\System32\sechost.dll
0x00007ffef49d0000 - 0x00007ffef4afa000 	C:\Windows\System32\RPCRT4.dll
0x00007ffef3d00000 - 0x00007ffef3ea1000 	C:\Windows\System32\USER32.dll
0x00007ffef3100000 - 0x00007ffef3122000 	C:\Windows\System32\win32u.dll
0x00007ffef4b00000 - 0x00007ffef4b2b000 	C:\Windows\System32\GDI32.dll
0x00007ffef3680000 - 0x00007ffef378b000 	C:\Windows\System32\gdi32full.dll
0x00007ffef35e0000 - 0x00007ffef367d000 	C:\Windows\System32\msvcp_win.dll
0x00007ffee1460000 - 0x00007ffee1479000 	C:\Program Files\Java\jdk-16.0.1\bin\VCRUNTIME140.dll
0x00007ffee3d30000 - 0x00007ffee3fca000 	C:\Windows\WinSxS\amd64_microsoft.windows.common-controls_6595b64144ccf1df_6.0.19041.1110_none_60b5254171f9507e\COMCTL32.dll
0x00007ffef17d0000 - 0x00007ffef17da000 	C:\Windows\SYSTEM32\VERSION.dll
0x00007ffef3fd0000 - 0x00007ffef4000000 	C:\Windows\System32\IMM32.DLL
0x00007ffee1440000 - 0x00007ffee144c000 	C:\Program Files\Java\jdk-16.0.1\bin\vcruntime140_1.dll
0x00007ffec5780000 - 0x00007ffec5811000 	C:\Program Files\Java\jdk-16.0.1\bin\msvcp140.dll
0x00007ffea8160000 - 0x00007ffea8d0b000 	C:\Program Files\Java\jdk-16.0.1\bin\server\jvm.dll
0x00007ffef53b0000 - 0x00007ffef53b8000 	C:\Windows\System32\PSAPI.DLL
0x00007ffee1180000 - 0x00007ffee11a7000 	C:\Windows\SYSTEM32\WINMM.dll
0x00007ffef18b0000 - 0x00007ffef18b9000 	C:\Windows\SYSTEM32\WSOCK32.dll
0x00007ffef4350000 - 0x00007ffef43bb000 	C:\Windows\System32\WS2_32.dll
0x00007ffef18d0000 - 0x00007ffef18e2000 	C:\Windows\SYSTEM32\kernel.appcore.dll
0x00007ffedf840000 - 0x00007ffedf84a000 	C:\Program Files\Java\jdk-16.0.1\bin\jimage.dll
0x00007ffee25a0000 - 0x00007ffee2784000 	C:\Windows\SYSTEM32\DBGHELP.DLL
0x00007ffee21d0000 - 0x00007ffee21fc000 	C:\Windows\SYSTEM32\dbgcore.DLL
0x00007ffef38f0000 - 0x00007ffef3973000 	C:\Windows\System32\bcryptPrimitives.dll
0x00007ffed5820000 - 0x00007ffed5845000 	C:\Program Files\Java\jdk-16.0.1\bin\java.dll
0x00007ffef4c70000 - 0x00007ffef53af000 	C:\Windows\System32\SHELL32.dll
0x00007ffef0f90000 - 0x00007ffef1720000 	C:\Windows\SYSTEM32\windows.storage.dll
0x00007ffef53c0000 - 0x00007ffef5715000 	C:\Windows\System32\combase.dll
0x00007ffef2aa0000 - 0x00007ffef2acc000 	C:\Windows\SYSTEM32\Wldp.dll
0x00007ffef5840000 - 0x00007ffef58ee000 	C:\Windows\System32\SHCORE.dll
0x00007ffef3f70000 - 0x00007ffef3fc5000 	C:\Windows\System32\shlwapi.dll
0x00007ffef2f90000 - 0x00007ffef2faf000 	C:\Windows\SYSTEM32\profapi.dll
0x00007ffed3380000 - 0x00007ffed3399000 	C:\Program Files\Java\jdk-16.0.1\bin\net.dll
0x00007ffee5f40000 - 0x00007ffee6048000 	C:\Windows\SYSTEM32\WINHTTP.dll
0x00007ffef2800000 - 0x00007ffef286a000 	C:\Windows\system32\mswsock.dll
0x00007ffed3360000 - 0x00007ffed3373000 	C:\Program Files\Java\jdk-16.0.1\bin\nio.dll
0x00007ffed3270000 - 0x00007ffed3288000 	C:\Program Files\Java\jdk-16.0.1\bin\zip.dll
0x00007ffee0c40000 - 0x00007ffee0c50000 	C:\Program Files\Java\jdk-16.0.1\bin\verify.dll
0x00007ffee1c10000 - 0x00007ffee1c37000 	C:\Users\brito\.gradle\native\8bec1ad78214c89d9ad589b4d07fe93259594b29d510b10fafb7a158f7737e5d\windows-amd64\native-platform.dll
0x00007ffec2df0000 - 0x00007ffec2f2d000 	C:\Users\brito\.gradle\native\53dbd7edfb1c66fb8903c78663c9afc45aea4f116125fa6feffd364cf09443e8\windows-amd64\native-platform-file-events.dll
0x00007ffee0b30000 - 0x00007ffee0b39000 	C:\Program Files\Java\jdk-16.0.1\bin\management.dll
0x00007ffedf580000 - 0x00007ffedf58b000 	C:\Program Files\Java\jdk-16.0.1\bin\management_ext.dll
0x00007ffef29f0000 - 0x00007ffef2a08000 	C:\Windows\SYSTEM32\CRYPTSP.dll
0x00007ffef2110000 - 0x00007ffef2144000 	C:\Windows\system32\rsaenh.dll
0x00007ffef3460000 - 0x00007ffef3487000 	C:\Windows\System32\bcrypt.dll
0x00007ffef2f50000 - 0x00007ffef2f7e000 	C:\Windows\SYSTEM32\USERENV.dll
0x00007ffef2a10000 - 0x00007ffef2a1c000 	C:\Windows\SYSTEM32\CRYPTBASE.dll
0x00007ffef24a0000 - 0x00007ffef24db000 	C:\Windows\SYSTEM32\IPHLPAPI.DLL
0x00007ffef43c0000 - 0x00007ffef43c8000 	C:\Windows\System32\NSI.dll
0x00007ffee9660000 - 0x00007ffee9677000 	C:\Windows\SYSTEM32\dhcpcsvc6.DLL
0x00007ffeea1e0000 - 0x00007ffeea1fd000 	C:\Windows\SYSTEM32\dhcpcsvc.DLL
0x00007ffef24f0000 - 0x00007ffef25bc000 	C:\Windows\SYSTEM32\DNSAPI.dll
0x00007ffee2f10000 - 0x00007ffee2f1e000 	C:\Program Files\Java\jdk-16.0.1\bin\sunmscapi.dll
0x00007ffef3790000 - 0x00007ffef38e6000 	C:\Windows\System32\CRYPT32.dll
0x00007ffef2b10000 - 0x00007ffef2b37000 	C:\Windows\SYSTEM32\ncrypt.dll
0x00007ffef2ad0000 - 0x00007ffef2b0b000 	C:\Windows\SYSTEM32\NTASN1.dll
0x00007ffeec430000 - 0x00007ffeec437000 	C:\Windows\system32\wshunix.dll
0x00007ffee5a60000 - 0x00007ffee5a6a000 	C:\Windows\System32\rasadhlp.dll
0x00007ffee63d0000 - 0x00007ffee644f000 	C:\Windows\System32\fwpuclnt.dll

dbghelp: loaded successfully - version: 4.0.5 - missing functions: none
symbol engine: initialized successfully - sym options: 0x614 - pdb path: .;C:\Program Files\Java\jdk-16.0.1\bin;C:\Windows\SYSTEM32;C:\Windows\WinSxS\amd64_microsoft.windows.common-controls_6595b64144ccf1df_6.0.19041.1110_none_60b5254171f9507e;C:\Program Files\Java\jdk-16.0.1\bin\server;C:\Users\brito\.gradle\native\8bec1ad78214c89d9ad589b4d07fe93259594b29d510b10fafb7a158f7737e5d\windows-amd64;C:\Users\brito\.gradle\native\53dbd7edfb1c66fb8903c78663c9afc45aea4f116125fa6feffd364cf09443e8\windows-amd64

VM Arguments:
jvm_args: -XX:MaxMetaspaceSize=256m -XX:+HeapDumpOnOutOfMemoryError --add-opens=java.base/java.util=ALL-UNNAMED --add-opens=java.base/java.lang=ALL-UNNAMED --add-opens=java.base/java.lang.invoke=ALL-UNNAMED --add-opens=java.base/java.util=ALL-UNNAMED --add-opens=java.prefs/java.util.prefs=ALL-UNNAMED --add-opens=java.prefs/java.util.prefs=ALL-UNNAMED --add-opens=java.base/java.nio.charset=ALL-UNNAMED --add-opens=java.base/java.net=ALL-UNNAMED --add-opens=java.base/java.util.concurrent.atomic=ALL-UNNAMED -Xms256m -Xmx512m -Dfile.encoding=windows-1252 -Duser.country=BR -Duser.language=pt -Duser.variant 
java_command: org.gradle.launcher.daemon.bootstrap.GradleDaemon 7.1.1
java_class_path (initial): C:\Users\brito\.gradle\wrapper\dists\gradle-7.1.1-bin\f29rtwfnc96ub43tt7p47zsru\gradle-7.1.1\lib\gradle-launcher-7.1.1.jar
Launcher Type: SUN_STANDARD

[Global flags]
     intx CICompilerCount                          = 3                                         {product} {ergonomic}
   size_t CompressedClassSpaceSize                 = 218103808                                 {product} {ergonomic}
     uint ConcGCThreads                            = 1                                         {product} {ergonomic}
     uint G1ConcRefinementThreads                  = 4                                         {product} {ergonomic}
   size_t G1HeapRegionSize                         = 1048576                                   {product} {ergonomic}
    uintx GCDrainStackTargetSize                   = 64                                        {product} {ergonomic}
     bool HeapDumpOnOutOfMemoryError               = true                                   {manageable} {command line}
   size_t InitialHeapSize                          = 268435456                                 {product} {command line}
   size_t MarkStackSize                            = 4194304                                   {product} {ergonomic}
   size_t MaxHeapSize                              = 536870912                                 {product} {command line}
   size_t MaxMetaspaceSize                         = 268435456                                 {product} {command line}
   size_t MaxNewSize                               = 321912832                                 {product} {ergonomic}
   size_t MinHeapDeltaBytes                        = 1048576                                   {product} {ergonomic}
   size_t MinHeapSize                              = 268435456                                 {product} {command line}
    uintx NonNMethodCodeHeapSize                   = 5832780                                {pd product} {ergonomic}
    uintx NonProfiledCodeHeapSize                  = 122912730                              {pd product} {ergonomic}
    uintx ProfiledCodeHeapSize                     = 122912730                              {pd product} {ergonomic}
    uintx ReservedCodeCacheSize                    = 251658240                              {pd product} {ergonomic}
     bool SegmentedCodeCache                       = true                                      {product} {ergonomic}
   size_t SoftMaxHeapSize                          = 536870912                              {manageable} {ergonomic}
     bool UseCompressedClassPointers               = true                           {product lp64_product} {ergonomic}
     bool UseCompressedOops                        = true                           {product lp64_product} {ergonomic}
     bool UseG1GC                                  = true                                      {product} {ergonomic}
     bool UseLargePagesIndividualAllocation        = false                                  {pd product} {ergonomic}

Logging:
Log output configuration:
 #0: stdout all=warning uptime,level,tags
 #1: stderr all=off uptime,level,tags

Environment Variables:
PATH=C:\Program Files (x86)\Common Files\Oracle\Java\javapath;C:\Program Files\Common Files\Oracle\Java\javapath;C:\Windows\system32;C:\Windows;C:\Windows\System32\Wbem;C:\Windows\System32\WindowsPowerShell\v1.0\;C:\Windows\System32\OpenSSH\;C:\Program Files\nodejs\;C:\Program Files\Git\cmd;C:\Program Files\MySQL\MySQL Shell 8.0\bin\;C:\Users\brito\AppData\Local\Microsoft\WindowsApps;C:\Users\brito\AppData\Local\Programs\Microsoft VS Code\bin;C:\Users\brito\AppData\Roaming\npm
USERNAME=Bea
OS=Windows_NT
PROCESSOR_IDENTIFIER=Intel64 Family 6 Model 69 Stepping 1, GenuineIntel



---------------  S Y S T E M  ---------------

OS:
 Windows 10 , 64 bit Build 19041 (10.0.19041.1202)
OS uptime: 2 days 0:57 hours

CPU: total 4 (initial active 4) (2 cores per cpu, 2 threads per core) family 6 model 69 stepping 1 microcode 0x25, cx8, cmov, fxsr, ht, mmx, sse, sse2, sse3, ssse3, sse4.1, sse4.2, popcnt, lzcnt, tsc, tscinvbit, avx, avx2, aes, erms, clmul, bmi1, bmi2, fma, vzeroupper, clflush

Memory: 4k page, system-wide physical 3500M (227M free)
TotalPageFile size 6294M (AvailPageFile size 31M)
current process WorkingSet (physical memory assigned to process): 305M, peak: 328M
current process commit charge ("private bytes"): 474M, peak: 479M

vm_info: Java HotSpot(TM) 64-Bit Server VM (16.0.1+9-24) for windows-amd64 JRE (16.0.1+9-24), built on Mar 26 2021 19:31:42 by "mach5one" with MS VC++ 16.7 (VS2019)

END.
