#
# There is insufficient memory for the Java Runtime Environment to continue.
# Native memory allocation (malloc) failed to allocate 35056 bytes for Chunk::new
# Possible reasons:
#   The system is out of physical RAM or swap space
#   The process is running with CompressedOops enabled, and the Java Heap may be blocking the growth of the native heap
# Possible solutions:
#   Reduce memory load on the system
#   Increase physical memory or swap space
#   Check if swap backing store is full
#   Decrease Java heap size (-Xmx/-Xms)
#   Decrease number of Java threads
#   Decrease Java thread stack sizes (-Xss)
#   Set larger code cache with -XX:ReservedCodeCacheSize=
#   JVM is running with Unscaled Compressed Oops mode in which the Java heap is
#     placed in the first 4GB address space. The Java Heap base address is the
#     maximum limit for the native heap growth. Please use -XX:HeapBaseMinAddress
#     to set the Java Heap base and to place the Java Heap above 4GB virtual address.
# This output file may be truncated or incomplete.
#
#  Out of Memory Error (arena.cpp:195), pid=5600, tid=7028
#
# JRE version: Java(TM) SE Runtime Environment (16.0.1+9) (build 16.0.1+9-24)
# Java VM: Java HotSpot(TM) 64-Bit Server VM (16.0.1+9-24, mixed mode, tiered, compressed oops, compressed class ptrs, g1 gc, windows-amd64)
# No core dump will be written. Minidumps are not enabled by default on client versions of Windows
#

---------------  S U M M A R Y ------------

Command Line: -Dfile.encoding=windows-1252 -Duser.country=BR -Duser.language=pt -Duser.variant com.sp.senac.br.demo.PrimeiroProjetoWebApplication

Host: Intel(R) Core(TM) i5-4200U CPU @ 1.60GHz, 4 cores, 3G,  Windows 10 , 64 bit Build 19041 (10.0.19041.1202)
Time: Tue Sep 21 20:36:17 2021 Hora oficial do Brasil elapsed time: 0.322246 seconds (0d 0h 0m 0s)

---------------  T H R E A D  ---------------

Current thread (0x000001fca4d2aa20):  JavaThread "C2 CompilerThread0" daemon [_thread_in_native, id=7028, stack(0x000000f19ee00000,0x000000f19ef00000)]


Current CompileTask:
C2:    322  111 %     4       java.lang.StringLatin1::indexOfChar @ 7 (33 bytes)

Stack: [0x000000f19ee00000,0x000000f19ef00000]
Native frames: (J=compiled Java code, j=interpreted, Vv=VM code, C=native code)
V  [jvm.dll+0x6687ca]
V  [jvm.dll+0x7ca3c9]
V  [jvm.dll+0x7cbb53]
V  [jvm.dll+0x7cc1b3]
V  [jvm.dll+0x242ea5]
V  [jvm.dll+0xadeca]
V  [jvm.dll+0xae5ac]
V  [jvm.dll+0x2a52cf]
V  [jvm.dll+0x574359]
V  [jvm.dll+0x21eb55]
V  [jvm.dll+0x217e51]
V  [jvm.dll+0x21524c]
V  [jvm.dll+0x1a1d9b]
V  [jvm.dll+0x2253a8]
V  [jvm.dll+0x2233ec]
V  [jvm.dll+0x780002]
V  [jvm.dll+0x779b4a]
V  [jvm.dll+0x667666]
C  [ucrtbase.dll+0x21bb2]
C  [KERNEL32.DLL+0x17034]
C  [ntdll.dll+0x52651]


---------------  P R O C E S S  ---------------

Threads class SMR info:
_java_thread_list=0x000001fca5942980, length=12, elements={
0x000001fca4cf2250, 0x000001fca4cf37c0, 0x000001fca4d23800, 0x000001fca4d27630,
0x000001fca4d286e0, 0x000001fca4d28ff0, 0x000001fca4d2aa20, 0x000001fca4d2e770,
0x000001fca4d2ecd0, 0x000001fca591cb30, 0x000001fca59268b0, 0x000001fc8a0fe400
}

Java Threads: ( => current thread )
  0x000001fca4cf2250 JavaThread "Reference Handler" daemon [_thread_blocked, id=9112, stack(0x000000f19e800000,0x000000f19e900000)]
  0x000001fca4cf37c0 JavaThread "Finalizer" daemon [_thread_blocked, id=4064, stack(0x000000f19e900000,0x000000f19ea00000)]
  0x000001fca4d23800 JavaThread "Signal Dispatcher" daemon [_thread_blocked, id=7208, stack(0x000000f19ea00000,0x000000f19eb00000)]
  0x000001fca4d27630 JavaThread "Attach Listener" daemon [_thread_blocked, id=5876, stack(0x000000f19eb00000,0x000000f19ec00000)]
  0x000001fca4d286e0 JavaThread "Service Thread" daemon [_thread_blocked, id=10324, stack(0x000000f19ec00000,0x000000f19ed00000)]
  0x000001fca4d28ff0 JavaThread "Monitor Deflation Thread" daemon [_thread_blocked, id=6640, stack(0x000000f19ed00000,0x000000f19ee00000)]
=>0x000001fca4d2aa20 JavaThread "C2 CompilerThread0" daemon [_thread_in_native, id=7028, stack(0x000000f19ee00000,0x000000f19ef00000)]
  0x000001fca4d2e770 JavaThread "C1 CompilerThread0" daemon [_thread_blocked, id=10080, stack(0x000000f19ef00000,0x000000f19f000000)]
  0x000001fca4d2ecd0 JavaThread "Sweeper thread" daemon [_thread_blocked, id=10708, stack(0x000000f19f000000,0x000000f19f100000)]
  0x000001fca591cb30 JavaThread "Notification Thread" daemon [_thread_blocked, id=5448, stack(0x000000f19f100000,0x000000f19f200000)]
  0x000001fca59268b0 JavaThread "Common-Cleaner" daemon [_thread_blocked, id=2316, stack(0x000000f19f300000,0x000000f19f400000)]
  0x000001fc8a0fe400 JavaThread "DestroyJavaVM" [_thread_in_vm, id=6664, stack(0x000000f19e100000,0x000000f19e200000)]

Other Threads:
  0x000001fca4cdb7f0 VMThread "VM Thread" [stack: 0x000000f19e700000,0x000000f19e800000] [id=11176]
  0x000001fca5920ca0 WatcherThread [stack: 0x000000f19f200000,0x000000f19f300000] [id=6892]
  0x000001fc8a1272e0 GCTaskThread "GC Thread#0" [stack: 0x000000f19e200000,0x000000f19e300000] [id=7772]
  0x000001fc8a1303c0 ConcurrentGCThread "G1 Main Marker" [stack: 0x000000f19e300000,0x000000f19e400000] [id=7352]
  0x000001fc8a1314e0 ConcurrentGCThread "G1 Conc#0" [stack: 0x000000f19e400000,0x000000f19e500000] [id=1752]
  0x000001fc8a16f7d0 ConcurrentGCThread "G1 Refine#0" [stack: 0x000000f19e500000,0x000000f19e600000] [id=7088]
  0x000001fc8a170160 ConcurrentGCThread "G1 Service" [stack: 0x000000f19e600000,0x000000f19e700000] [id=1204]

Threads with active compile tasks:
C2 CompilerThread0      371  111 %     4       java.lang.StringLatin1::indexOfChar @ 7 (33 bytes)

VM state: not at safepoint (normal execution)

VM Mutex/Monitor currently owned by a thread:  ([mutex/lock_event])
[0x000001fc8a0f96d0] MetaspaceExpand_lock - owner thread: 0x000001fc8a0fe400

OutOfMemory and StackOverflow Exception counts:
OutOfMemoryError java_heap_errors=1

Heap address: 0x00000000c9400000, size: 876 MB, Compressed Oops mode: 32-bit

CDS disabled.
Compressed class space mapped at: 0x0000000100000000-0x0000000140000000, reserved size: 1073741824
Narrow klass base: 0x0000000000000000, Narrow klass shift: 3, Narrow klass range: 0x140000000

GC Precious Log:
 CPUs: 4 total, 4 available
 Memory: 3500M
 Large Page Support: Disabled
 NUMA Support: Disabled
 Compressed Oops: Enabled (32-bit)
 Heap Region Size: 1M
 Heap Min Capacity: 8M
 Heap Initial Capacity: 56M
 Heap Max Capacity: 876M
 Pre-touch: Disabled
 Parallel Workers: 4
 Concurrent Workers: 1
 Concurrent Refinement Workers: 4
 Periodic GC: Disabled

Heap:
 garbage-first heap   total 57344K, used 2048K [0x00000000c9400000, 0x0000000100000000)
  region size 1024K, 2 young (2048K), 0 survivors (0K)
 Metaspace       used 4757K, committed 4928K, reserved 1056768K
  class space    used 404K, committed 512K, reserved 1048576K

Heap Regions: E=young(eden), S=young(survivor), O=old, HS=humongous(starts), HC=humongous(continues), CS=collection set, F=free, OA=open archive, CA=closed archive, TAMS=top-at-mark-start (previous, next)
|   0|0x00000000c9400000, 0x00000000c9500000, 0x00000000c9500000|100%|HS|  |TAMS 0x00000000c9400000, 0x00000000c9400000| Complete 
|   1|0x00000000c9500000, 0x00000000c9500000, 0x00000000c9600000|  0%| F|  |TAMS 0x00000000c9500000, 0x00000000c9500000| Untracked 
|   2|0x00000000c9600000, 0x00000000c9600000, 0x00000000c9700000|  0%| F|  |TAMS 0x00000000c9600000, 0x00000000c9600000| Untracked 
|   3|0x00000000c9700000, 0x00000000c9700000, 0x00000000c9800000|  0%| F|  |TAMS 0x00000000c9700000, 0x00000000c9700000| Untracked 
|   4|0x00000000c9800000, 0x00000000c9800000, 0x00000000c9900000|  0%| F|  |TAMS 0x00000000c9800000, 0x00000000c9800000| Untracked 
|   5|0x00000000c9900000, 0x00000000c9900000, 0x00000000c9a00000|  0%| F|  |TAMS 0x00000000c9900000, 0x00000000c9900000| Untracked 
|   6|0x00000000c9a00000, 0x00000000c9a00000, 0x00000000c9b00000|  0%| F|  |TAMS 0x00000000c9a00000, 0x00000000c9a00000| Untracked 
|   7|0x00000000c9b00000, 0x00000000c9b00000, 0x00000000c9c00000|  0%| F|  |TAMS 0x00000000c9b00000, 0x00000000c9b00000| Untracked 
|   8|0x00000000c9c00000, 0x00000000c9c00000, 0x00000000c9d00000|  0%| F|  |TAMS 0x00000000c9c00000, 0x00000000c9c00000| Untracked 
|   9|0x00000000c9d00000, 0x00000000c9d00000, 0x00000000c9e00000|  0%| F|  |TAMS 0x00000000c9d00000, 0x00000000c9d00000| Untracked 
|  10|0x00000000c9e00000, 0x00000000c9e00000, 0x00000000c9f00000|  0%| F|  |TAMS 0x00000000c9e00000, 0x00000000c9e00000| Untracked 
|  11|0x00000000c9f00000, 0x00000000c9f00000, 0x00000000ca000000|  0%| F|  |TAMS 0x00000000c9f00000, 0x00000000c9f00000| Untracked 
|  12|0x00000000ca000000, 0x00000000ca000000, 0x00000000ca100000|  0%| F|  |TAMS 0x00000000ca000000, 0x00000000ca000000| Untracked 
|  13|0x00000000ca100000, 0x00000000ca100000, 0x00000000ca200000|  0%| F|  |TAMS 0x00000000ca100000, 0x00000000ca100000| Untracked 
|  14|0x00000000ca200000, 0x00000000ca200000, 0x00000000ca300000|  0%| F|  |TAMS 0x00000000ca200000, 0x00000000ca200000| Untracked 
|  15|0x00000000ca300000, 0x00000000ca300000, 0x00000000ca400000|  0%| F|  |TAMS 0x00000000ca300000, 0x00000000ca300000| Untracked 
|  16|0x00000000ca400000, 0x00000000ca400000, 0x00000000ca500000|  0%| F|  |TAMS 0x00000000ca400000, 0x00000000ca400000| Untracked 
|  17|0x00000000ca500000, 0x00000000ca500000, 0x00000000ca600000|  0%| F|  |TAMS 0x00000000ca500000, 0x00000000ca500000| Untracked 
|  18|0x00000000ca600000, 0x00000000ca600000, 0x00000000ca700000|  0%| F|  |TAMS 0x00000000ca600000, 0x00000000ca600000| Untracked 
|  19|0x00000000ca700000, 0x00000000ca700000, 0x00000000ca800000|  0%| F|  |TAMS 0x00000000ca700000, 0x00000000ca700000| Untracked 
|  20|0x00000000ca800000, 0x00000000ca800000, 0x00000000ca900000|  0%| F|  |TAMS 0x00000000ca800000, 0x00000000ca800000| Untracked 
|  21|0x00000000ca900000, 0x00000000ca900000, 0x00000000caa00000|  0%| F|  |TAMS 0x00000000ca900000, 0x00000000ca900000| Untracked 
|  22|0x00000000caa00000, 0x00000000caa00000, 0x00000000cab00000|  0%| F|  |TAMS 0x00000000caa00000, 0x00000000caa00000| Untracked 
|  23|0x00000000cab00000, 0x00000000cab00000, 0x00000000cac00000|  0%| F|  |TAMS 0x00000000cab00000, 0x00000000cab00000| Untracked 
|  24|0x00000000cac00000, 0x00000000cac00000, 0x00000000cad00000|  0%| F|  |TAMS 0x00000000cac00000, 0x00000000cac00000| Untracked 
|  25|0x00000000cad00000, 0x00000000cad00000, 0x00000000cae00000|  0%| F|  |TAMS 0x00000000cad00000, 0x00000000cad00000| Untracked 
|  26|0x00000000cae00000, 0x00000000cae00000, 0x00000000caf00000|  0%| F|  |TAMS 0x00000000cae00000, 0x00000000cae00000| Untracked 
|  27|0x00000000caf00000, 0x00000000caf00000, 0x00000000cb000000|  0%| F|  |TAMS 0x00000000caf00000, 0x00000000caf00000| Untracked 
|  28|0x00000000cb000000, 0x00000000cb000000, 0x00000000cb100000|  0%| F|  |TAMS 0x00000000cb000000, 0x00000000cb000000| Untracked 
|  29|0x00000000cb100000, 0x00000000cb100000, 0x00000000cb200000|  0%| F|  |TAMS 0x00000000cb100000, 0x00000000cb100000| Untracked 
|  30|0x00000000cb200000, 0x00000000cb200000, 0x00000000cb300000|  0%| F|  |TAMS 0x00000000cb200000, 0x00000000cb200000| Untracked 
|  31|0x00000000cb300000, 0x00000000cb300000, 0x00000000cb400000|  0%| F|  |TAMS 0x00000000cb300000, 0x00000000cb300000| Untracked 
|  32|0x00000000cb400000, 0x00000000cb400000, 0x00000000cb500000|  0%| F|  |TAMS 0x00000000cb400000, 0x00000000cb400000| Untracked 
|  33|0x00000000cb500000, 0x00000000cb500000, 0x00000000cb600000|  0%| F|  |TAMS 0x00000000cb500000, 0x00000000cb500000| Untracked 
|  34|0x00000000cb600000, 0x00000000cb600000, 0x00000000cb700000|  0%| F|  |TAMS 0x00000000cb600000, 0x00000000cb600000| Untracked 
|  35|0x00000000cb700000, 0x00000000cb700000, 0x00000000cb800000|  0%| F|  |TAMS 0x00000000cb700000, 0x00000000cb700000| Untracked 
|  36|0x00000000cb800000, 0x00000000cb800000, 0x00000000cb900000|  0%| F|  |TAMS 0x00000000cb800000, 0x00000000cb800000| Untracked 
|  37|0x00000000cb900000, 0x00000000cb900000, 0x00000000cba00000|  0%| F|  |TAMS 0x00000000cb900000, 0x00000000cb900000| Untracked 
|  38|0x00000000cba00000, 0x00000000cba00000, 0x00000000cbb00000|  0%| F|  |TAMS 0x00000000cba00000, 0x00000000cba00000| Untracked 
|  39|0x00000000cbb00000, 0x00000000cbb00000, 0x00000000cbc00000|  0%| F|  |TAMS 0x00000000cbb00000, 0x00000000cbb00000| Untracked 
|  40|0x00000000cbc00000, 0x00000000cbc00000, 0x00000000cbd00000|  0%| F|  |TAMS 0x00000000cbc00000, 0x00000000cbc00000| Untracked 
|  41|0x00000000cbd00000, 0x00000000cbd00000, 0x00000000cbe00000|  0%| F|  |TAMS 0x00000000cbd00000, 0x00000000cbd00000| Untracked 
|  42|0x00000000cbe00000, 0x00000000cbe00000, 0x00000000cbf00000|  0%| F|  |TAMS 0x00000000cbe00000, 0x00000000cbe00000| Untracked 
|  43|0x00000000cbf00000, 0x00000000cbf00000, 0x00000000cc000000|  0%| F|  |TAMS 0x00000000cbf00000, 0x00000000cbf00000| Untracked 
|  44|0x00000000cc000000, 0x00000000cc000000, 0x00000000cc100000|  0%| F|  |TAMS 0x00000000cc000000, 0x00000000cc000000| Untracked 
|  45|0x00000000cc100000, 0x00000000cc100000, 0x00000000cc200000|  0%| F|  |TAMS 0x00000000cc100000, 0x00000000cc100000| Untracked 
|  46|0x00000000cc200000, 0x00000000cc200000, 0x00000000cc300000|  0%| F|  |TAMS 0x00000000cc200000, 0x00000000cc200000| Untracked 
|  47|0x00000000cc300000, 0x00000000cc300000, 0x00000000cc400000|  0%| F|  |TAMS 0x00000000cc300000, 0x00000000cc300000| Untracked 
|  48|0x00000000cc400000, 0x00000000cc400000, 0x00000000cc500000|  0%| F|  |TAMS 0x00000000cc400000, 0x00000000cc400000| Untracked 
|  49|0x00000000cc500000, 0x00000000cc500000, 0x00000000cc600000|  0%| F|  |TAMS 0x00000000cc500000, 0x00000000cc500000| Untracked 
|  50|0x00000000cc600000, 0x00000000cc600000, 0x00000000cc700000|  0%| F|  |TAMS 0x00000000cc600000, 0x00000000cc600000| Untracked 
|  51|0x00000000cc700000, 0x00000000cc700000, 0x00000000cc800000|  0%| F|  |TAMS 0x00000000cc700000, 0x00000000cc700000| Untracked 
|  52|0x00000000cc800000, 0x00000000cc800000, 0x00000000cc900000|  0%| F|  |TAMS 0x00000000cc800000, 0x00000000cc800000| Untracked 
|  53|0x00000000cc900000, 0x00000000cc900000, 0x00000000cca00000|  0%| F|  |TAMS 0x00000000cc900000, 0x00000000cc900000| Untracked 
|  54|0x00000000cca00000, 0x00000000ccb00000, 0x00000000ccb00000|100%| E|  |TAMS 0x00000000cca00000, 0x00000000cca00000| Complete 
|  55|0x00000000ccb00000, 0x00000000ccc00000, 0x00000000ccc00000|100%| E|CS|TAMS 0x00000000ccb00000, 0x00000000ccb00000| Complete 

Card table byte_map: [0x000001fca0870000,0x000001fca0a30000] _byte_map_base: 0x000001fca0226000

Marking Bits (Prev, Next): (CMBitMap*) 0x000001fc8a128c70, (CMBitMap*) 0x000001fc8a128cb0
 Prev Bits: [0x000001fca0bf0000, 0x000001fca19a0000)
 Next Bits: [0x000001fca19a0000, 0x000001fca2750000)

Polling page: 0x000001fc880e0000

Metaspace:

Usage:
  Non-class:      4.25 MB used.
      Class:    404.38 KB used.
       Both:      4.65 MB used.

Virtual space:
  Non-class space:        8.00 MB reserved,       4.31 MB ( 54%) committed,  1 nodes.
      Class space:        1.00 GB reserved,     512.00 KB ( <1%) committed,  1 nodes.
              Both:        1.01 GB reserved,       4.81 MB ( <1%) committed. 

Chunk freelists:
   Non-Class:  3.00 MB
       Class:  3.56 MB
        Both:  6.56 MB

MaxMetaspaceSize: 17179869184.00 GB
CompressedClassSpaceSize: 1.00 GB
 - commit_granule_bytes: 65536.
 - commit_granule_words: 8192.
 - virtual_space_node_default_size: 1048576.
 - enlarge_chunks_in_place: 1.
 - new_chunks_are_fully_committed: 0.
 - uncommit_free_chunks: 1.
 - use_allocation_guard: 0.
 - handle_deallocations: 1.


Internal statistics:

num_allocs_failed_limit: 0.
num_arena_births: 4.
num_arena_deaths: 0.
num_vsnodes_births: 2.
num_vsnodes_deaths: 0.
num_space_committed: 77.
num_space_uncommitted: 0.
num_chunks_returned_to_freelist: 0.
num_chunks_taken_from_freelist: 8.
num_chunk_merges: 0.
num_chunk_splits: 2.
num_chunks_enlarged: 0.
num_purges: 0.

CodeHeap 'non-profiled nmethods': size=120000Kb used=22Kb max_used=22Kb free=119977Kb
 bounds [0x000001fc99340000, 0x000001fc995b0000, 0x000001fca0870000]
CodeHeap 'profiled nmethods': size=120000Kb used=156Kb max_used=156Kb free=119843Kb
 bounds [0x000001fc91e10000, 0x000001fc92080000, 0x000001fc99340000]
CodeHeap 'non-nmethods': size=5760Kb used=1055Kb max_used=1068Kb free=4704Kb
 bounds [0x000001fc91870000, 0x000001fc91ae0000, 0x000001fc91e10000]
 total_blobs=432 nmethods=122 adapters=223
 compilation: enabled
              stopped_count=0, restarted_count=0
 full_count=0

Compilation events (20 events):
Event: 0.301 Thread 0x000001fca4d2e770  101       3       java.util.zip.ZipFile$Source::addEntry (33 bytes)
Event: 0.302 Thread 0x000001fca4d2e770 nmethod 101 0x000001fc91e2fc10 code [0x000001fc91e2fdc0, 0x000001fc91e2ff38]
Event: 0.302 Thread 0x000001fca4d2e770  102       3       java.util.zip.ZipFile$Source::isMetaName (141 bytes)
Event: 0.303 Thread 0x000001fca4d2e770 nmethod 102 0x000001fc91e30090 code [0x000001fc91e30260, 0x000001fc91e30778]
Event: 0.307 Thread 0x000001fca4d2aa20 nmethod 103 0x000001fc99344590 code [0x000001fc99344720, 0x000001fc99344938]
Event: 0.307 Thread 0x000001fca4d2aa20  104       4       java.util.zip.ZipCoder$UTF8ZipCoder::normalizedHash (90 bytes)
Event: 0.311 Thread 0x000001fca4d2e770  105       3       java.lang.String::startsWith (138 bytes)
Event: 0.312 Thread 0x000001fca4d2e770 nmethod 105 0x000001fc91e30910 code [0x000001fc91e30b40, 0x000001fc91e313d8]
Event: 0.312 Thread 0x000001fca4d2aa20 nmethod 104 0x000001fc99344a10 code [0x000001fc99344ba0, 0x000001fc99344ed8]
Event: 0.312 Thread 0x000001fca4d2e770  106       3       java.lang.AbstractStringBuilder::putStringAt (12 bytes)
Event: 0.313 Thread 0x000001fca4d2e770 nmethod 106 0x000001fc91e31690 code [0x000001fc91e31840, 0x000001fc91e31a88]
Event: 0.313 Thread 0x000001fca4d2e770  107       3       java.lang.AbstractStringBuilder::putStringAt (34 bytes)
Event: 0.313 Thread 0x000001fca4d2aa20  110       4       java.lang.StringLatin1::canEncode (13 bytes)
Event: 0.313 Thread 0x000001fca4d2e770 nmethod 107 0x000001fc91e31c10 code [0x000001fc91e31de0, 0x000001fc91e320f8]
Event: 0.313 Thread 0x000001fca4d2e770  108       3       java.lang.AbstractStringBuilder::getCoder (15 bytes)
Event: 0.313 Thread 0x000001fca4d2e770 nmethod 108 0x000001fc91e32290 code [0x000001fc91e32420, 0x000001fc91e32558]
Event: 0.313 Thread 0x000001fca4d2e770  109       3       java.lang.String::getBytes (46 bytes)
Event: 0.314 Thread 0x000001fca4d2e770 nmethod 109 0x000001fc91e32610 code [0x000001fc91e327e0, 0x000001fc91e32af8]
Event: 0.314 Thread 0x000001fca4d2aa20 nmethod 110 0x000001fc99345090 code [0x000001fc99345200, 0x000001fc99345278]
Event: 0.316 Thread 0x000001fca4d2aa20  111 %     4       java.lang.StringLatin1::indexOfChar @ 7 (33 bytes)

GC Heap History (0 events):
No events

Deoptimization events (4 events):
Event: 0.247 Thread 0x000001fc8a0fe400 Uncommon trap: trap_request=0xffffff45 fr.pc=0x000001fc99340f14 relative=0x0000000000000074
Event: 0.247 Thread 0x000001fc8a0fe400 Uncommon trap: reason=unstable_if action=reinterpret pc=0x000001fc99340f14 method=java.lang.String.isLatin1()Z @ 10 c2
Event: 0.247 Thread 0x000001fc8a0fe400 DEOPT PACKING pc=0x000001fc99340f14 sp=0x000000f19e1fef60
Event: 0.247 Thread 0x000001fc8a0fe400 DEOPT UNPACKING pc=0x000001fc918bd72e sp=0x000000f19e1feea0 mode 2

Classes unloaded (0 events):
No events

Classes redefined (0 events):
No events

Internal exceptions (0 events):
No events

Events (20 events):
Event: 0.306 loading class java/io/InputStreamReader
Event: 0.306 loading class java/io/InputStreamReader done
Event: 0.306 loading class sun/nio/cs/StreamDecoder
Event: 0.307 loading class sun/nio/cs/StreamDecoder done
Event: 0.307 loading class sun/nio/cs/UTF_8$Decoder
Event: 0.308 loading class sun/nio/cs/UTF_8$Decoder done
Event: 0.308 loading class java/util/Vector
Event: 0.309 loading class java/util/Vector done
Event: 0.309 loading class java/nio/CharBuffer
Event: 0.309 loading class java/nio/CharBuffer done
Event: 0.309 loading class java/nio/HeapCharBuffer
Event: 0.310 loading class java/nio/HeapCharBuffer done
Event: 0.310 loading class java/nio/charset/CoderResult
Event: 0.310 loading class java/nio/charset/CoderResult done
Event: 0.311 loading class java/util/LinkedList
Event: 0.311 loading class java/util/AbstractSequentialList
Event: 0.311 loading class java/util/AbstractSequentialList done
Event: 0.312 loading class java/util/LinkedList done
Event: 0.312 loading class java/util/LinkedList$Node
Event: 0.312 loading class java/util/LinkedList$Node done


Dynamic libraries:
0x00007ff667bc0000 - 0x00007ff667bd0000 	C:\Program Files\Java\jdk-16.0.1\bin\java.exe
0x00007ffef5930000 - 0x00007ffef5b25000 	C:\Windows\SYSTEM32\ntdll.dll
0x00007ffef4b90000 - 0x00007ffef4c4e000 	C:\Windows\System32\KERNEL32.DLL
0x00007ffef3190000 - 0x00007ffef3459000 	C:\Windows\System32\KERNELBASE.dll
0x00007ffef34e0000 - 0x00007ffef35e0000 	C:\Windows\System32\ucrtbase.dll
0x00007ffee2f00000 - 0x00007ffee2f18000 	C:\Program Files\Java\jdk-16.0.1\bin\jli.dll
0x00007ffef3c50000 - 0x00007ffef3cfc000 	C:\Windows\System32\ADVAPI32.dll
0x00007ffef4000000 - 0x00007ffef409e000 	C:\Windows\System32\msvcrt.dll
0x00007ffef4930000 - 0x00007ffef49cb000 	C:\Windows\System32\sechost.dll
0x00007ffef49d0000 - 0x00007ffef4afa000 	C:\Windows\System32\RPCRT4.dll
0x00007ffee14d0000 - 0x00007ffee14e9000 	C:\Program Files\Java\jdk-16.0.1\bin\VCRUNTIME140.dll
0x00007ffef3d00000 - 0x00007ffef3ea1000 	C:\Windows\System32\USER32.dll
0x00007ffef3100000 - 0x00007ffef3122000 	C:\Windows\System32\win32u.dll
0x00007ffef4b00000 - 0x00007ffef4b2b000 	C:\Windows\System32\GDI32.dll
0x00007ffef3680000 - 0x00007ffef378b000 	C:\Windows\System32\gdi32full.dll
0x00007ffef35e0000 - 0x00007ffef367d000 	C:\Windows\System32\msvcp_win.dll
0x00007ffee3d30000 - 0x00007ffee3fca000 	C:\Windows\WinSxS\amd64_microsoft.windows.common-controls_6595b64144ccf1df_6.0.19041.1110_none_60b5254171f9507e\COMCTL32.dll
0x00007ffef17d0000 - 0x00007ffef17da000 	C:\Windows\SYSTEM32\VERSION.dll
0x00007ffef3fd0000 - 0x00007ffef4000000 	C:\Windows\System32\IMM32.DLL
0x00007ffef1850000 - 0x00007ffef185c000 	C:\Program Files\Java\jdk-16.0.1\bin\vcruntime140_1.dll
0x00007ffec6670000 - 0x00007ffec6701000 	C:\Program Files\Java\jdk-16.0.1\bin\msvcp140.dll
0x00007ffea8160000 - 0x00007ffea8d0b000 	C:\Program Files\Java\jdk-16.0.1\bin\server\jvm.dll
0x00007ffef53b0000 - 0x00007ffef53b8000 	C:\Windows\System32\PSAPI.DLL
0x00007ffef18b0000 - 0x00007ffef18b9000 	C:\Windows\SYSTEM32\WSOCK32.dll
0x00007ffef4350000 - 0x00007ffef43bb000 	C:\Windows\System32\WS2_32.dll
0x00007ffee1180000 - 0x00007ffee11a7000 	C:\Windows\SYSTEM32\WINMM.dll
0x00007ffef18d0000 - 0x00007ffef18e2000 	C:\Windows\SYSTEM32\kernel.appcore.dll
0x00007ffeec430000 - 0x00007ffeec43a000 	C:\Program Files\Java\jdk-16.0.1\bin\jimage.dll
0x00007ffee25a0000 - 0x00007ffee2784000 	C:\Windows\SYSTEM32\DBGHELP.DLL
0x00007ffee21d0000 - 0x00007ffee21fc000 	C:\Windows\SYSTEM32\dbgcore.DLL
0x00007ffef38f0000 - 0x00007ffef3973000 	C:\Windows\System32\bcryptPrimitives.dll
0x00007ffed5820000 - 0x00007ffed5845000 	C:\Program Files\Java\jdk-16.0.1\bin\java.dll
0x00007ffef4c70000 - 0x00007ffef53af000 	C:\Windows\System32\SHELL32.dll
0x00007ffef0f90000 - 0x00007ffef1720000 	C:\Windows\SYSTEM32\windows.storage.dll
0x00007ffef53c0000 - 0x00007ffef5715000 	C:\Windows\System32\combase.dll
0x00007ffef2aa0000 - 0x00007ffef2acc000 	C:\Windows\SYSTEM32\Wldp.dll
0x00007ffef5840000 - 0x00007ffef58ee000 	C:\Windows\System32\SHCORE.dll
0x00007ffef3f70000 - 0x00007ffef3fc5000 	C:\Windows\System32\shlwapi.dll
0x00007ffef2f90000 - 0x00007ffef2faf000 	C:\Windows\SYSTEM32\profapi.dll
0x00007ffee1460000 - 0x00007ffee1479000 	C:\Program Files\Java\jdk-16.0.1\bin\net.dll
0x00007ffee5f40000 - 0x00007ffee6048000 	C:\Windows\SYSTEM32\WINHTTP.dll
0x00007ffef2800000 - 0x00007ffef286a000 	C:\Windows\system32\mswsock.dll
0x00007ffed3380000 - 0x00007ffed3393000 	C:\Program Files\Java\jdk-16.0.1\bin\nio.dll
0x00007ffed3360000 - 0x00007ffed3378000 	C:\Program Files\Java\jdk-16.0.1\bin\zip.dll

dbghelp: loaded successfully - version: 4.0.5 - missing functions: none
symbol engine: initialized successfully - sym options: 0x614 - pdb path: (cannot be retrieved)

VM Arguments:
jvm_args: -Dfile.encoding=windows-1252 -Duser.country=BR -Duser.language=pt -Duser.variant 
java_command: com.sp.senac.br.demo.PrimeiroProjetoWebApplication
java_class_path (initial): C:\Users\brito\Documents\demo\demo\build\classes\java\main;C:\Users\brito\Documents\demo\demo\build\resources\main;C:\Users\brito\.gradle\caches\modules-2\files-2.1\org.springframework.boot\spring-boot-starter-data-jpa\2.5.4\61bdc9ccd2dd88dc956d85b4a608ef624476db7d\spring-boot-starter-data-jpa-2.5.4.jar;C:\Users\brito\.gradle\caches\modules-2\files-2.1\org.springframework.boot\spring-boot-starter-thymeleaf\2.5.4\cade32e2891268e53f710d2e95671dff03de23b5\spring-boot-starter-thymeleaf-2.5.4.jar;C:\Users\brito\.gradle\caches\modules-2\files-2.1\org.springframework.boot\spring-boot-starter-web\2.5.4\2bef2cedf2e0d1038ab51a2c6154579c5945e60c\spring-boot-starter-web-2.5.4.jar;C:\Users\brito\.gradle\caches\modules-2\files-2.1\mysql\mysql-connector-java\8.0.26\e5ec6610020a3084b7d32ee725d1650176f6b3de\mysql-connector-java-8.0.26.jar;C:\Users\brito\.gradle\caches\modules-2\files-2.1\org.springframework.boot\spring-boot-starter-aop\2.5.4\6a158adb640effb8153c7531f5ceb69f8fe2d025\spring-boot-starter-aop-2.5.4.jar;C:\Users\brito\.gradle\caches\modules-2\files-2.1\org.springframework.boot\spring-boot-starter-jdbc\2.5.4\ce13933bc6b2ce6789288407c9244a104c9af6ed\spring-boot-starter-jdbc-2.5.4.jar;C:\Users\brito\.gradle\caches\modules-2\files-2.1\jakarta.transaction\jakarta.transaction-api\1.3.3\c4179d48720a1e87202115fbed6089bdc4195405\jakarta.transaction-api-1.3.3.jar;C:\Users\brito\.gradle\caches\modules-2\files-2.1\jakarta.persistence\jakarta.persistence-api\2.2.3\8f6ea5daedc614f07a3654a455660145286f024e\jakarta.persistence-api-2.2.3.jar;C:\Users\brito\.gradle\caches\modules-2\files-2.1\org.hibernate\hibernate-core\5.4.32.Final\99a5e10bf455337014c190e141ec631e9ff71663\hibernate-core-5.4.32.Final.jar;C:\Users\brito\.gradle\caches\modules-2\files-2.1\org.springframework.data\spring-data-jpa\2.5.4\91fb0dcb66a316bb65e9b837757f105c4bf1359d\spring-data-jpa-2.5.4.jar;C:\Users\brito\.gradle\caches\modules-2\files-2.1\org.springframework\spring-aspects\5.3.9\ee2c3
Launcher Type: SUN_STANDARD

[Global flags]
     intx CICompilerCount                          = 3                                         {product} {ergonomic}
     uint ConcGCThreads                            = 1                                         {product} {ergonomic}
     uint G1ConcRefinementThreads                  = 4                                         {product} {ergonomic}
   size_t G1HeapRegionSize                         = 1048576                                   {product} {ergonomic}
    uintx GCDrainStackTargetSize                   = 64                                        {product} {ergonomic}
   size_t InitialHeapSize                          = 58720256                                  {product} {ergonomic}
   size_t MarkStackSize                            = 4194304                                   {product} {ergonomic}
   size_t MaxHeapSize                              = 918552576                                 {product} {ergonomic}
   size_t MaxNewSize                               = 550502400                                 {product} {ergonomic}
   size_t MinHeapDeltaBytes                        = 1048576                                   {product} {ergonomic}
   size_t MinHeapSize                              = 8388608                                   {product} {ergonomic}
    uintx NonNMethodCodeHeapSize                   = 5832780                                {pd product} {ergonomic}
    uintx NonProfiledCodeHeapSize                  = 122912730                              {pd product} {ergonomic}
    uintx ProfiledCodeHeapSize                     = 122912730                              {pd product} {ergonomic}
    uintx ReservedCodeCacheSize                    = 251658240                              {pd product} {ergonomic}
     bool SegmentedCodeCache                       = true                                      {product} {ergonomic}
   size_t SoftMaxHeapSize                          = 918552576                              {manageable} {ergonomic}
     bool UseCompressedClassPointers               = true                           {product lp64_product} {ergonomic}
     bool UseCompressedOops                        = true                           {product lp64_product} {ergonomic}
     bool UseG1GC                                  = true                                      {product} {ergonomic}
     bool UseLargePagesIndividualAllocation        = false                                  {pd product} {ergonomic}

Logging:
Log output configuration:
 #0: stdout all=warning uptime,level,tags
 #1: stderr all=off uptime,level,tags

Environment Variables:
PATH=C:\Program Files (x86)\Common Files\Oracle\Java\javapath;C:\Program Files\Common Files\Oracle\Java\javapath;C:\Windows\system32;C:\Windows;C:\Windows\System32\Wbem;C:\Windows\System32\WindowsPowerShell\v1.0\;C:\Windows\System32\OpenSSH\;C:\Program Files\nodejs\;C:\Program Files\Git\cmd;C:\Program Files\MySQL\MySQL Shell 8.0\bin\;C:\Users\brito\AppData\Local\Microsoft\WindowsApps;C:\Users\brito\AppData\Local\Programs\Microsoft VS Code\bin;C:\Users\brito\AppData\Roaming\npm
USERNAME=Bea
OS=Windows_NT
PROCESSOR_IDENTIFIER=Intel64 Family 6 Model 69 Stepping 1, GenuineIntel



---------------  S Y S T E M  ---------------

OS:
 Windows 10 , 64 bit Build 19041 (10.0.19041.1202)
OS uptime: 2 days 1:02 hours

CPU: total 4 (initial active 4) (2 cores per cpu, 2 threads per core) family 6 model 69 stepping 1 microcode 0x25, cx8, cmov, fxsr, ht, mmx, sse, sse2, sse3, ssse3, sse4.1, sse4.2, popcnt, lzcnt, tsc, tscinvbit, avx, avx2, aes, erms, clmul, bmi1, bmi2, fma, vzeroupper, clflush

Memory: 4k page, system-wide physical 3500M (227M free)
TotalPageFile size 6294M (AvailPageFile size 0M)
current process WorkingSet (physical memory assigned to process): 28M, peak: 28M
current process commit charge ("private bytes"): 120M, peak: 120M

vm_info: Java HotSpot(TM) 64-Bit Server VM (16.0.1+9-24) for windows-amd64 JRE (16.0.1+9-24), built on Mar 26 2021 19:31:42 by "mach5one" with MS VC++ 16.7 (VS2019)

END.
