#
# There is insufficient memory for the Java Runtime Environment to continue.
# Native memory allocation (mmap) failed to map 42991616 bytes for G1 virtual space
# Possible reasons:
#   The system is out of physical RAM or swap space
#   The process is running with CompressedOops enabled, and the Java Heap may be blocking the growth of the native heap
# Possible solutions:
#   Reduce memory load on the system
#   Increase physical memory or swap space
#   Check if swap backing store is full
#   Decrease Java heap size (-Xmx/-Xms)
#   Decrease number of Java threads
#   Decrease Java thread stack sizes (-Xss)
#   Set larger code cache with -XX:ReservedCodeCacheSize=
#   JVM is running with Unscaled Compressed Oops mode in which the Java heap is
#     placed in the first 4GB address space. The Java Heap base address is the
#     maximum limit for the native heap growth. Please use -XX:HeapBaseMinAddress
#     to set the Java Heap base and to place the Java Heap above 4GB virtual address.
# This output file may be truncated or incomplete.
#
#  Out of Memory Error (os_windows.cpp:3466), pid=3508, tid=10120
#
# JRE version: Java(TM) SE Runtime Environment (16.0.1+9) (build 16.0.1+9-24)
# Java VM: Java HotSpot(TM) 64-Bit Server VM (16.0.1+9-24, mixed mode, sharing, tiered, compressed oops, compressed class ptrs, g1 gc, windows-amd64)
# No core dump will be written. Minidumps are not enabled by default on client versions of Windows
#

---------------  S U M M A R Y ------------

Command Line: -Dfile.encoding=windows-1252 -Duser.country=BR -Duser.language=pt -Duser.variant com.sp.senac.br.demo.PrimeiroProjetoWebApplication

Host: Intel(R) Core(TM) i5-4200U CPU @ 1.60GHz, 4 cores, 3G,  Windows 10 , 64 bit Build 19041 (10.0.19041.1202)
Time: Tue Sep 21 21:00:44 2021 Hora oficial do Brasil elapsed time: 7.513221 seconds (0d 0h 0m 7s)

---------------  T H R E A D  ---------------

Current thread (0x0000014afbffd640):  VMThread "VM Thread" [stack: 0x00000012aed00000,0x00000012aee00000] [id=10120]

Stack: [0x00000012aed00000,0x00000012aee00000]
Native frames: (J=compiled Java code, j=interpreted, Vv=VM code, C=native code)
V  [jvm.dll+0x6687ca]
V  [jvm.dll+0x7ca3c9]
V  [jvm.dll+0x7cbb53]
V  [jvm.dll+0x7cc1b3]
V  [jvm.dll+0x242ea5]
V  [jvm.dll+0x665589]
V  [jvm.dll+0x65a175]
V  [jvm.dll+0x2fc5ab]
V  [jvm.dll+0x3037a6]
V  [jvm.dll+0x352fee]
V  [jvm.dll+0x35321f]
V  [jvm.dll+0x2d3618]
V  [jvm.dll+0x2d11a5]
V  [jvm.dll+0x2d07dc]
V  [jvm.dll+0x3158c2]
V  [jvm.dll+0x7d05eb]
V  [jvm.dll+0x7d12e4]
V  [jvm.dll+0x7d17e9]
V  [jvm.dll+0x7d1aa4]
V  [jvm.dll+0x7d1b70]
V  [jvm.dll+0x779b4a]
V  [jvm.dll+0x667666]
C  [ucrtbase.dll+0x21bb2]
C  [KERNEL32.DLL+0x17034]
C  [ntdll.dll+0x52651]

VM_Operation (0x00000012ae7fc000): G1CollectForAllocation, mode: safepoint, requested by thread 0x0000014ae147e130


---------------  P R O C E S S  ---------------

Threads class SMR info:
_java_thread_list=0x0000014afe48b330, length=16, elements={
0x0000014ae147e130, 0x0000014afc0011a0, 0x0000014afc001f70, 0x0000014afc011ad0,
0x0000014afc015400, 0x0000014afc015d10, 0x0000014afc016620, 0x0000014afc017260,
0x0000014afc022910, 0x0000014afc02e690, 0x0000014afcc4f0f0, 0x0000014afcc58a50,
0x0000014afe4bb050, 0x0000014afe4bb570, 0x0000014afc0acde0, 0x0000014afd3e4570
}

Java Threads: ( => current thread )
  0x0000014ae147e130 JavaThread "main" [_thread_blocked, id=6280, stack(0x00000012ae700000,0x00000012ae800000)]
  0x0000014afc0011a0 JavaThread "Reference Handler" daemon [_thread_blocked, id=11120, stack(0x00000012aee00000,0x00000012aef00000)]
  0x0000014afc001f70 JavaThread "Finalizer" daemon [_thread_blocked, id=8984, stack(0x00000012aef00000,0x00000012af000000)]
  0x0000014afc011ad0 JavaThread "Signal Dispatcher" daemon [_thread_blocked, id=2312, stack(0x00000012af000000,0x00000012af100000)]
  0x0000014afc015400 JavaThread "Attach Listener" daemon [_thread_blocked, id=7788, stack(0x00000012af100000,0x00000012af200000)]
  0x0000014afc015d10 JavaThread "Service Thread" daemon [_thread_blocked, id=5296, stack(0x00000012af200000,0x00000012af300000)]
  0x0000014afc016620 JavaThread "Monitor Deflation Thread" daemon [_thread_blocked, id=9772, stack(0x00000012af300000,0x00000012af400000)]
  0x0000014afc017260 JavaThread "C2 CompilerThread0" daemon [_thread_blocked, id=7316, stack(0x00000012af400000,0x00000012af500000)]
  0x0000014afc022910 JavaThread "C1 CompilerThread0" daemon [_thread_blocked, id=4124, stack(0x00000012af500000,0x00000012af600000)]
  0x0000014afc02e690 JavaThread "Sweeper thread" daemon [_thread_blocked, id=9080, stack(0x00000012af600000,0x00000012af700000)]
  0x0000014afcc4f0f0 JavaThread "Notification Thread" daemon [_thread_blocked, id=6580, stack(0x00000012af700000,0x00000012af800000)]
  0x0000014afcc58a50 JavaThread "Common-Cleaner" daemon [_thread_blocked, id=4548, stack(0x00000012af900000,0x00000012afa00000)]
  0x0000014afe4bb050 JavaThread "Catalina-utility-1" [_thread_blocked, id=2896, stack(0x00000012afe00000,0x00000012aff00000)]
  0x0000014afe4bb570 JavaThread "Catalina-utility-2" [_thread_blocked, id=1684, stack(0x00000012aff00000,0x00000012b0000000)]
  0x0000014afc0acde0 JavaThread "container-0" [_thread_blocked, id=7532, stack(0x00000012b0000000,0x00000012b0100000)]
  0x0000014afd3e4570 JavaThread "mysql-cj-abandoned-connection-cleanup" daemon [_thread_blocked, id=7052, stack(0x00000012b0100000,0x00000012b0200000)]

Other Threads:
=>0x0000014afbffd640 VMThread "VM Thread" [stack: 0x00000012aed00000,0x00000012aee00000] [id=10120]
  0x0000014afcc50e40 WatcherThread [stack: 0x00000012af800000,0x00000012af900000] [id=9432]
  0x0000014ae14a7190 GCTaskThread "GC Thread#0" [stack: 0x00000012ae800000,0x00000012ae900000] [id=10516]
  0x0000014afd2546c0 GCTaskThread "GC Thread#1" [stack: 0x00000012afa00000,0x00000012afb00000] [id=10920]
  0x0000014afd508560 GCTaskThread "GC Thread#2" [stack: 0x00000012afb00000,0x00000012afc00000] [id=8692]
  0x0000014afd4b3f40 GCTaskThread "GC Thread#3" [stack: 0x00000012afc00000,0x00000012afd00000] [id=6448]
  0x0000014ae14b0710 ConcurrentGCThread "G1 Main Marker" [stack: 0x00000012ae900000,0x00000012aea00000] [id=5000]
  0x0000014ae14b24a0 ConcurrentGCThread "G1 Conc#0" [stack: 0x00000012aea00000,0x00000012aeb00000] [id=3656]
  0x0000014ae14ef230 ConcurrentGCThread "G1 Refine#0" [stack: 0x00000012aeb00000,0x00000012aec00000] [id=8928]
  0x0000014afd4b4250 ConcurrentGCThread "G1 Refine#1" [stack: 0x00000012afd00000,0x00000012afe00000] [id=3224]
  0x0000014ae14f0bd0 ConcurrentGCThread "G1 Service" [stack: 0x00000012aec00000,0x00000012aed00000] [id=4248]

Threads with active compile tasks:
C2 CompilerThread0     7561 3416       4       org.springframework.util.ConcurrentReferenceHashMap$Segment::findInChain (66 bytes)

VM state: at safepoint (normal execution)

VM Mutex/Monitor currently owned by a thread:  ([mutex/lock_event])
[0x0000014ae147b580] Threads_lock - owner thread: 0x0000014afbffd640
[0x0000014ae147bb20] Heap_lock - owner thread: 0x0000014ae147e130

Heap address: 0x00000000c9400000, size: 876 MB, Compressed Oops mode: 32-bit

CDS archive(s) mapped at: [0x0000000800000000-0x0000000800bb0000-0x0000000800bb0000), size 12255232, SharedBaseAddress: 0x0000000800000000, ArchiveRelocationMode: 0.
Compressed class space mapped at: 0x0000000800c00000-0x0000000840c00000, reserved size: 1073741824
Narrow klass base: 0x0000000800000000, Narrow klass shift: 3, Narrow klass range: 0x100000000

GC Precious Log:
 CPUs: 4 total, 4 available
 Memory: 3500M
 Large Page Support: Disabled
 NUMA Support: Disabled
 Compressed Oops: Enabled (32-bit)
 Heap Region Size: 1M
 Heap Min Capacity: 8M
 Heap Initial Capacity: 56M
 Heap Max Capacity: 876M
 Pre-touch: Disabled
 Parallel Workers: 4
 Concurrent Workers: 1
 Concurrent Refinement Workers: 4
 Periodic GC: Disabled

Heap:
 garbage-first heap   total 57344K, used 14986K [0x00000000c9400000, 0x0000000100000000)
  region size 1024K, 1 young (1024K), 1 survivors (1024K)
 Metaspace       used 26232K, committed 26624K, reserved 1073152K
  class space    used 3259K, committed 3456K, reserved 1048576K

Heap Regions: E=young(eden), S=young(survivor), O=old, HS=humongous(starts), HC=humongous(continues), CS=collection set, F=free, OA=open archive, CA=closed archive, TAMS=top-at-mark-start (previous, next)
|   0|0x00000000c9400000, 0x00000000c9500000, 0x00000000c9500000|100%|HS|  |TAMS 0x00000000c9500000, 0x00000000c9400000| Complete 
|   1|0x00000000c9500000, 0x00000000c9600000, 0x00000000c9600000|100%| O|  |TAMS 0x00000000c9600000, 0x00000000c9500000| Untracked 
|   2|0x00000000c9600000, 0x00000000c9700000, 0x00000000c9700000|100%| O|  |TAMS 0x00000000c9700000, 0x00000000c9600000| Untracked 
|   3|0x00000000c9700000, 0x00000000c9800000, 0x00000000c9800000|100%| O|  |TAMS 0x00000000c9800000, 0x00000000c9700000| Untracked 
|   4|0x00000000c9800000, 0x00000000c9900000, 0x00000000c9900000|100%| O|  |TAMS 0x00000000c9900000, 0x00000000c9800000| Untracked 
|   5|0x00000000c9900000, 0x00000000c9a00000, 0x00000000c9a00000|100%| O|  |TAMS 0x00000000c9a00000, 0x00000000c9900000| Untracked 
|   6|0x00000000c9a00000, 0x00000000c9b00000, 0x00000000c9b00000|100%| O|  |TAMS 0x00000000c9ac6a00, 0x00000000c9a00000| Untracked 
|   7|0x00000000c9b00000, 0x00000000c9c00000, 0x00000000c9c00000|100%| O|  |TAMS 0x00000000c9b00000, 0x00000000c9b00000| Untracked 
|   8|0x00000000c9c00000, 0x00000000c9c7ea00, 0x00000000c9d00000| 49%| O|  |TAMS 0x00000000c9c00000, 0x00000000c9c00000| Untracked 
|   9|0x00000000c9d00000, 0x00000000c9e00000, 0x00000000c9e00000|100%| O|  |TAMS 0x00000000c9d00000, 0x00000000c9d00000| Untracked 
|  10|0x00000000c9e00000, 0x00000000c9f00000, 0x00000000c9f00000|100%| O|  |TAMS 0x00000000c9e00000, 0x00000000c9e00000| Untracked 
|  11|0x00000000c9f00000, 0x00000000ca000000, 0x00000000ca000000|100%| O|  |TAMS 0x00000000c9f00000, 0x00000000c9f00000| Untracked 
|  12|0x00000000ca000000, 0x00000000ca100000, 0x00000000ca100000|100%| O|  |TAMS 0x00000000ca000000, 0x00000000ca000000| Untracked 
|  13|0x00000000ca100000, 0x00000000ca200000, 0x00000000ca200000|100%| O|  |TAMS 0x00000000ca100000, 0x00000000ca100000| Untracked 
|  14|0x00000000ca200000, 0x00000000ca27d800, 0x00000000ca300000| 49%| O|  |TAMS 0x00000000ca200000, 0x00000000ca200000| Untracked 
|  15|0x00000000ca300000, 0x00000000ca300000, 0x00000000ca400000|  0%| F|  |TAMS 0x00000000ca300000, 0x00000000ca300000| Untracked 
|  16|0x00000000ca400000, 0x00000000ca400000, 0x00000000ca500000|  0%| F|  |TAMS 0x00000000ca400000, 0x00000000ca400000| Untracked 
|  17|0x00000000ca500000, 0x00000000ca500000, 0x00000000ca600000|  0%| F|  |TAMS 0x00000000ca500000, 0x00000000ca500000| Untracked 
|  18|0x00000000ca600000, 0x00000000ca600000, 0x00000000ca700000|  0%| F|  |TAMS 0x00000000ca600000, 0x00000000ca600000| Untracked 
|  19|0x00000000ca700000, 0x00000000ca700000, 0x00000000ca800000|  0%| F|  |TAMS 0x00000000ca700000, 0x00000000ca700000| Untracked 
|  20|0x00000000ca800000, 0x00000000ca800000, 0x00000000ca900000|  0%| F|  |TAMS 0x00000000ca800000, 0x00000000ca800000| Untracked 
|  21|0x00000000ca900000, 0x00000000ca900000, 0x00000000caa00000|  0%| F|  |TAMS 0x00000000ca900000, 0x00000000ca900000| Untracked 
|  22|0x00000000caa00000, 0x00000000caa00000, 0x00000000cab00000|  0%| F|  |TAMS 0x00000000caa00000, 0x00000000caa00000| Untracked 
|  23|0x00000000cab00000, 0x00000000cab00000, 0x00000000cac00000|  0%| F|  |TAMS 0x00000000cab00000, 0x00000000cab00000| Untracked 
|  24|0x00000000cac00000, 0x00000000caca6828, 0x00000000cad00000| 65%| S|CS|TAMS 0x00000000cac00000, 0x00000000cac00000| Complete 
|  25|0x00000000cad00000, 0x00000000cad00000, 0x00000000cae00000|  0%| F|  |TAMS 0x00000000cad00000, 0x00000000cad00000| Untracked 
|  26|0x00000000cae00000, 0x00000000cae00000, 0x00000000caf00000|  0%| F|  |TAMS 0x00000000cae00000, 0x00000000cae00000| Untracked 
|  27|0x00000000caf00000, 0x00000000caf00000, 0x00000000cb000000|  0%| F|  |TAMS 0x00000000caf00000, 0x00000000caf00000| Untracked 
|  28|0x00000000cb000000, 0x00000000cb000000, 0x00000000cb100000|  0%| F|  |TAMS 0x00000000cb000000, 0x00000000cb000000| Untracked 
|  29|0x00000000cb100000, 0x00000000cb100000, 0x00000000cb200000|  0%| F|  |TAMS 0x00000000cb100000, 0x00000000cb100000| Untracked 
|  30|0x00000000cb200000, 0x00000000cb200000, 0x00000000cb300000|  0%| F|  |TAMS 0x00000000cb200000, 0x00000000cb200000| Untracked 
|  31|0x00000000cb300000, 0x00000000cb300000, 0x00000000cb400000|  0%| F|  |TAMS 0x00000000cb300000, 0x00000000cb300000| Untracked 
|  32|0x00000000cb400000, 0x00000000cb400000, 0x00000000cb500000|  0%| F|  |TAMS 0x00000000cb400000, 0x00000000cb400000| Untracked 
|  33|0x00000000cb500000, 0x00000000cb500000, 0x00000000cb600000|  0%| F|  |TAMS 0x00000000cb500000, 0x00000000cb500000| Untracked 
|  34|0x00000000cb600000, 0x00000000cb600000, 0x00000000cb700000|  0%| F|  |TAMS 0x00000000cb600000, 0x00000000cb600000| Untracked 
|  35|0x00000000cb700000, 0x00000000cb700000, 0x00000000cb800000|  0%| F|  |TAMS 0x00000000cb700000, 0x00000000cb700000| Untracked 
|  36|0x00000000cb800000, 0x00000000cb800000, 0x00000000cb900000|  0%| F|  |TAMS 0x00000000cb800000, 0x00000000cb800000| Untracked 
|  37|0x00000000cb900000, 0x00000000cb900000, 0x00000000cba00000|  0%| F|  |TAMS 0x00000000cb900000, 0x00000000cb900000| Untracked 
|  38|0x00000000cba00000, 0x00000000cba00000, 0x00000000cbb00000|  0%| F|  |TAMS 0x00000000cba00000, 0x00000000cba00000| Untracked 
|  39|0x00000000cbb00000, 0x00000000cbb00000, 0x00000000cbc00000|  0%| F|  |TAMS 0x00000000cbb00000, 0x00000000cbb00000| Untracked 
|  40|0x00000000cbc00000, 0x00000000cbc00000, 0x00000000cbd00000|  0%| F|  |TAMS 0x00000000cbc00000, 0x00000000cbc00000| Untracked 
|  41|0x00000000cbd00000, 0x00000000cbd00000, 0x00000000cbe00000|  0%| F|  |TAMS 0x00000000cbd00000, 0x00000000cbd00000| Untracked 
|  42|0x00000000cbe00000, 0x00000000cbe00000, 0x00000000cbf00000|  0%| F|  |TAMS 0x00000000cbe00000, 0x00000000cbe00000| Untracked 
|  43|0x00000000cbf00000, 0x00000000cbf00000, 0x00000000cc000000|  0%| F|  |TAMS 0x00000000cbf00000, 0x00000000cbf00000| Untracked 
|  44|0x00000000cc000000, 0x00000000cc000000, 0x00000000cc100000|  0%| F|  |TAMS 0x00000000cc000000, 0x00000000cc000000| Untracked 
|  45|0x00000000cc100000, 0x00000000cc100000, 0x00000000cc200000|  0%| F|  |TAMS 0x00000000cc100000, 0x00000000cc100000| Untracked 
|  46|0x00000000cc200000, 0x00000000cc200000, 0x00000000cc300000|  0%| F|  |TAMS 0x00000000cc200000, 0x00000000cc200000| Untracked 
|  47|0x00000000cc300000, 0x00000000cc300000, 0x00000000cc400000|  0%| F|  |TAMS 0x00000000cc300000, 0x00000000cc300000| Untracked 
|  48|0x00000000cc400000, 0x00000000cc400000, 0x00000000cc500000|  0%| F|  |TAMS 0x00000000cc400000, 0x00000000cc400000| Untracked 
|  49|0x00000000cc500000, 0x00000000cc500000, 0x00000000cc600000|  0%| F|  |TAMS 0x00000000cc500000, 0x00000000cc500000| Untracked 
|  50|0x00000000cc600000, 0x00000000cc600000, 0x00000000cc700000|  0%| F|  |TAMS 0x00000000cc600000, 0x00000000cc600000| Untracked 
|  51|0x00000000cc700000, 0x00000000cc700000, 0x00000000cc800000|  0%| F|  |TAMS 0x00000000cc700000, 0x00000000cc700000| Untracked 
|  52|0x00000000cc800000, 0x00000000cc800000, 0x00000000cc900000|  0%| F|  |TAMS 0x00000000cc800000, 0x00000000cc800000| Untracked 
|  53|0x00000000cc900000, 0x00000000cc900000, 0x00000000cca00000|  0%| F|  |TAMS 0x00000000cc900000, 0x00000000cc900000| Untracked 
|  54|0x00000000cca00000, 0x00000000cca00000, 0x00000000ccb00000|  0%| F|  |TAMS 0x00000000cca00000, 0x00000000cca00000| Untracked 
|  55|0x00000000ccb00000, 0x00000000ccb00000, 0x00000000ccc00000|  0%| F|  |TAMS 0x00000000ccb00000, 0x00000000ccb00000| Untracked 

Card table byte_map: [0x0000014af7bf0000,0x0000014af7db0000] _byte_map_base: 0x0000014af75a6000

Marking Bits (Prev, Next): (CMBitMap*) 0x0000014ae14a87e0, (CMBitMap*) 0x0000014ae14a87a0
 Prev Bits: [0x0000014af8d20000, 0x0000014af9ad0000)
 Next Bits: [0x0000014af7f70000, 0x0000014af8d20000)

Polling page: 0x0000014adf470000

Metaspace:

Usage:
  Non-class:     22.43 MB used.
      Class:      3.18 MB used.
       Both:     25.62 MB used.

Virtual space:
  Non-class space:       24.00 MB reserved,      22.62 MB ( 94%) committed,  3 nodes.
      Class space:        1.00 GB reserved,       3.38 MB ( <1%) committed,  1 nodes.
              Both:        1.02 GB reserved,      26.00 MB (  2%) committed. 

Chunk freelists:
   Non-Class:  992.00 KB
       Class:  696.00 KB
        Both:  1.65 MB

MaxMetaspaceSize: 17179869184.00 GB
CompressedClassSpaceSize: 1.00 GB
 - commit_granule_bytes: 65536.
 - commit_granule_words: 8192.
 - virtual_space_node_default_size: 1048576.
 - enlarge_chunks_in_place: 1.
 - new_chunks_are_fully_committed: 0.
 - uncommit_free_chunks: 1.
 - use_allocation_guard: 0.
 - handle_deallocations: 1.


Internal statistics:

num_allocs_failed_limit: 3.
num_arena_births: 306.
num_arena_deaths: 0.
num_vsnodes_births: 4.
num_vsnodes_deaths: 0.
num_space_committed: 416.
num_space_uncommitted: 0.
num_chunks_returned_to_freelist: 3.
num_chunks_taken_from_freelist: 1216.
num_chunk_merges: 3.
num_chunk_splits: 826.
num_chunks_enlarged: 633.
num_purges: 0.

CodeHeap 'non-profiled nmethods': size=120000Kb used=1352Kb max_used=1352Kb free=118647Kb
 bounds [0x0000014af06c0000, 0x0000014af0930000, 0x0000014af7bf0000]
CodeHeap 'profiled nmethods': size=120000Kb used=7162Kb max_used=7162Kb free=112838Kb
 bounds [0x0000014ae9190000, 0x0000014ae9890000, 0x0000014af06c0000]
CodeHeap 'non-nmethods': size=5760Kb used=1219Kb max_used=1258Kb free=4541Kb
 bounds [0x0000014ae8bf0000, 0x0000014ae8e60000, 0x0000014ae9190000]
 total_blobs=3943 nmethods=3429 adapters=426
 compilation: enabled
              stopped_count=0, restarted_count=0
 full_count=0

Compilation events (20 events):
Event: 7.485 Thread 0x0000014afc022910 3467       2       java.util.ArrayDeque::<init> (35 bytes)
Event: 7.485 Thread 0x0000014afc022910 nmethod 3467 0x0000014ae988c390 code [0x0000014ae988c520, 0x0000014ae988c758]
Event: 7.486 Thread 0x0000014afc022910 3468       2       org.springframework.boot.context.properties.source.SpringConfigurationPropertySources::iterator (23 bytes)
Event: 7.487 Thread 0x0000014afc022910 nmethod 3468 0x0000014ae988c810 code [0x0000014ae988ca00, 0x0000014ae988cdd8]
Event: 7.487 Thread 0x0000014afc022910 3469       2       org.springframework.boot.context.properties.source.SpringConfigurationPropertySources$$Lambda$82/0x0000000800ca1d50::<init> (10 bytes)
Event: 7.487 Thread 0x0000014afc022910 nmethod 3469 0x0000014ae988d010 code [0x0000014ae988d1a0, 0x0000014ae988d2f8]
Event: 7.488 Thread 0x0000014afc022910 3470       2       org.springframework.boot.context.properties.source.SpringConfigurationPropertySources$SourcesIterator::<init> (32 bytes)
Event: 7.488 Thread 0x0000014afc022910 nmethod 3470 0x0000014ae988d390 code [0x0000014ae988d540, 0x0000014ae988d8a8]
Event: 7.489 Thread 0x0000014afc022910 3471       2       org.springframework.boot.context.properties.source.ConfigurationPropertyName$ElementsParser::expand (20 bytes)
Event: 7.490 Thread 0x0000014afc022910 nmethod 3471 0x0000014ae988da10 code [0x0000014ae988dbc0, 0x0000014ae988de08]
Event: 7.490 Thread 0x0000014afc022910 3472       2       org.springframework.boot.context.properties.source.ConfigurationPropertyName$ElementsParser::expand (26 bytes)
Event: 7.490 Thread 0x0000014afc017260 nmethod 3419 0x0000014af0810310 code [0x0000014af0810540, 0x0000014af08114d0]
Event: 7.491 Thread 0x0000014afc017260 3416       4       org.springframework.util.ConcurrentReferenceHashMap$Segment::findInChain (66 bytes)
Event: 7.491 Thread 0x0000014afc022910 nmethod 3472 0x0000014ae988df10 code [0x0000014ae988e0c0, 0x0000014ae988e348]
Event: 7.491 Thread 0x0000014afc022910 3473       2       org.springframework.boot.context.properties.bind.AbstractBindHandler::onFinish (15 bytes)
Event: 7.491 Thread 0x0000014afc022910 nmethod 3473 0x0000014ae988e490 code [0x0000014ae988e640, 0x0000014ae988e768]
Event: 7.493 Thread 0x0000014afc022910 3475       1       org.apache.catalina.core.StandardContext::getTldValidation (5 bytes)
Event: 7.493 Thread 0x0000014afc022910 nmethod 3475 0x0000014af0811d90 code [0x0000014af0811f20, 0x0000014af0811ff8]
Event: 7.493 Thread 0x0000014afc022910 3476       1       org.apache.catalina.core.StandardContext::getXmlBlockExternal (5 bytes)
Event: 7.494 Thread 0x0000014afc022910 nmethod 3476 0x0000014af0812090 code [0x0000014af0812220, 0x0000014af08122f8]

GC Heap History (19 events):
Event: 1.180 GC heap before
{Heap before GC invocations=0 (full 0):
 garbage-first heap   total 57344K, used 13312K [0x00000000c9400000, 0x0000000100000000)
  region size 1024K, 13 young (13312K), 0 survivors (0K)
 Metaspace       used 2745K, committed 2880K, reserved 1056768K
  class space    used 253K, committed 320K, reserved 1048576K
}
Event: 1.190 GC heap after
{Heap after GC invocations=1 (full 0):
 garbage-first heap   total 57344K, used 6087K [0x00000000c9400000, 0x0000000100000000)
  region size 1024K, 2 young (2048K), 2 survivors (2048K)
 Metaspace       used 2745K, committed 2880K, reserved 1056768K
  class space    used 253K, committed 320K, reserved 1048576K
}
Event: 1.927 GC heap before
{Heap before GC invocations=1 (full 0):
 garbage-first heap   total 57344K, used 16327K [0x00000000c9400000, 0x0000000100000000)
  region size 1024K, 12 young (12288K), 2 survivors (2048K)
 Metaspace       used 5704K, committed 5824K, reserved 1056768K
  class space    used 644K, committed 704K, reserved 1048576K
}
Event: 1.935 GC heap after
{Heap after GC invocations=2 (full 0):
 garbage-first heap   total 57344K, used 6999K [0x00000000c9400000, 0x0000000100000000)
  region size 1024K, 1 young (1024K), 1 survivors (1024K)
 Metaspace       used 5704K, committed 5824K, reserved 1056768K
  class space    used 644K, committed 704K, reserved 1048576K
}
Event: 2.577 GC heap before
{Heap before GC invocations=2 (full 0):
 garbage-first heap   total 57344K, used 24407K [0x00000000c9400000, 0x0000000100000000)
  region size 1024K, 19 young (19456K), 1 survivors (1024K)
 Metaspace       used 10044K, committed 10304K, reserved 1064960K
  class space    used 1206K, committed 1344K, reserved 1048576K
}
Event: 2.582 GC heap after
{Heap after GC invocations=3 (full 0):
 garbage-first heap   total 57344K, used 8030K [0x00000000c9400000, 0x0000000100000000)
  region size 1024K, 2 young (2048K), 2 survivors (2048K)
 Metaspace       used 10044K, committed 10304K, reserved 1064960K
  class space    used 1206K, committed 1344K, reserved 1048576K
}
Event: 3.314 GC heap before
{Heap before GC invocations=3 (full 0):
 garbage-first heap   total 57344K, used 35678K [0x00000000c9400000, 0x0000000100000000)
  region size 1024K, 30 young (30720K), 2 survivors (2048K)
 Metaspace       used 14726K, committed 14976K, reserved 1064960K
  class space    used 1798K, committed 1920K, reserved 1048576K
}
Event: 3.321 GC heap after
{Heap after GC invocations=4 (full 0):
 garbage-first heap   total 57344K, used 9059K [0x00000000c9400000, 0x0000000100000000)
  region size 1024K, 3 young (3072K), 3 survivors (3072K)
 Metaspace       used 14726K, committed 14976K, reserved 1064960K
  class space    used 1798K, committed 1920K, reserved 1048576K
}
Event: 3.434 GC heap before
{Heap before GC invocations=4 (full 0):
 garbage-first heap   total 57344K, used 38755K [0x00000000c9400000, 0x0000000100000000)
  region size 1024K, 33 young (33792K), 3 survivors (3072K)
 Metaspace       used 15225K, committed 15488K, reserved 1064960K
  class space    used 1837K, committed 1984K, reserved 1048576K
}
Event: 3.441 GC heap after
{Heap after GC invocations=5 (full 0):
 garbage-first heap   total 57344K, used 9159K [0x00000000c9400000, 0x0000000100000000)
  region size 1024K, 3 young (3072K), 3 survivors (3072K)
 Metaspace       used 15225K, committed 15488K, reserved 1064960K
  class space    used 1837K, committed 1984K, reserved 1048576K
}
Event: 5.527 GC heap before
{Heap before GC invocations=5 (full 0):
 garbage-first heap   total 57344K, used 39879K [0x00000000c9400000, 0x0000000100000000)
  region size 1024K, 33 young (33792K), 3 survivors (3072K)
 Metaspace       used 18723K, committed 19008K, reserved 1073152K
  class space    used 2282K, committed 2432K, reserved 1048576K
}
Event: 5.538 GC heap after
{Heap after GC invocations=6 (full 0):
 garbage-first heap   total 57344K, used 11034K [0x00000000c9400000, 0x0000000100000000)
  region size 1024K, 4 young (4096K), 4 survivors (4096K)
 Metaspace       used 18723K, committed 19008K, reserved 1073152K
  class space    used 2282K, committed 2432K, reserved 1048576K
}
Event: 6.119 GC heap before
{Heap before GC invocations=6 (full 0):
 garbage-first heap   total 57344K, used 23322K [0x00000000c9400000, 0x0000000100000000)
  region size 1024K, 17 young (17408K), 4 survivors (4096K)
 Metaspace       used 20964K, committed 21248K, reserved 1073152K
  class space    used 2588K, committed 2752K, reserved 1048576K
}
Event: 6.135 GC heap after
{Heap after GC invocations=7 (full 0):
 garbage-first heap   total 57344K, used 12111K [0x00000000c9400000, 0x0000000100000000)
  region size 1024K, 4 young (4096K), 4 survivors (4096K)
 Metaspace       used 20964K, committed 21248K, reserved 1073152K
  class space    used 2588K, committed 2752K, reserved 1048576K
}
Event: 7.086 GC heap before
{Heap before GC invocations=8 (full 0):
 garbage-first heap   total 48128K, used 35663K [0x00000000c9400000, 0x0000000100000000)
  region size 1024K, 28 young (28672K), 4 survivors (4096K)
 Metaspace       used 25069K, committed 25280K, reserved 1073152K
  class space    used 3102K, committed 3200K, reserved 1048576K
}
Event: 7.099 GC heap after
{Heap after GC invocations=9 (full 0):
 garbage-first heap   total 48128K, used 14738K [0x00000000c9400000, 0x0000000100000000)
  region size 1024K, 4 young (4096K), 4 survivors (4096K)
 Metaspace       used 25069K, committed 25280K, reserved 1073152K
  class space    used 3102K, committed 3200K, reserved 1048576K
}
Event: 7.109 GC heap before
{Heap before GC invocations=9 (full 0):
 garbage-first heap   total 48128K, used 35218K [0x00000000c9400000, 0x0000000100000000)
  region size 1024K, 25 young (25600K), 4 survivors (4096K)
 Metaspace       used 25069K, committed 25280K, reserved 1073152K
  class space    used 3102K, committed 3200K, reserved 1048576K
}
Event: 7.117 GC heap after
{Heap after GC invocations=10 (full 0):
 garbage-first heap   total 48128K, used 14381K [0x00000000c9400000, 0x0000000100000000)
  region size 1024K, 1 young (1024K), 1 survivors (1024K)
 Metaspace       used 25069K, committed 25280K, reserved 1073152K
  class space    used 3102K, committed 3200K, reserved 1048576K
}
Event: 7.501 GC heap before
{Heap before GC invocations=10 (full 0):
 garbage-first heap   total 48128K, used 34861K [0x00000000c9400000, 0x0000000100000000)
  region size 1024K, 22 young (22528K), 1 survivors (1024K)
 Metaspace       used 26232K, committed 26624K, reserved 1073152K
  class space    used 3259K, committed 3456K, reserved 1048576K
}

Deoptimization events (20 events):
Event: 7.348 Thread 0x0000014ae147e130 DEOPT PACKING pc=0x0000014ae981f66e sp=0x00000012ae7fc8c0
Event: 7.348 Thread 0x0000014ae147e130 DEOPT UNPACKING pc=0x0000014ae8c3dece sp=0x00000012ae7fbd88 mode 0
Event: 7.371 Thread 0x0000014ae147e130 DEOPT PACKING pc=0x0000014ae981f66e sp=0x00000012ae7fca30
Event: 7.371 Thread 0x0000014ae147e130 DEOPT UNPACKING pc=0x0000014ae8c3dece sp=0x00000012ae7fbef8 mode 0
Event: 7.371 Thread 0x0000014ae147e130 Uncommon trap: trap_request=0xffffff45 fr.pc=0x0000014af07e626c relative=0x00000000000010cc
Event: 7.371 Thread 0x0000014ae147e130 Uncommon trap: reason=unstable_if action=reinterpret pc=0x0000014af07e626c method=java.util.Properties$LineReader.readLine()I @ 295 c2
Event: 7.371 Thread 0x0000014ae147e130 DEOPT PACKING pc=0x0000014af07e626c sp=0x00000012ae7fca60
Event: 7.371 Thread 0x0000014ae147e130 DEOPT UNPACKING pc=0x0000014ae8c3d72e sp=0x00000012ae7fc9f0 mode 2
Event: 7.372 Thread 0x0000014ae147e130 Uncommon trap: trap_request=0xffffff76 fr.pc=0x0000014af075a380 relative=0x0000000000001060
Event: 7.372 Thread 0x0000014ae147e130 Uncommon trap: reason=predicate action=maybe_recompile pc=0x0000014af075a380 method=java.util.Properties$LineReader.readLine()I @ 53 c2
Event: 7.372 Thread 0x0000014ae147e130 DEOPT PACKING pc=0x0000014af075a380 sp=0x00000012ae7fca50
Event: 7.372 Thread 0x0000014ae147e130 DEOPT UNPACKING pc=0x0000014ae8c3d72e sp=0x00000012ae7fca00 mode 2
Event: 7.375 Thread 0x0000014ae147e130 DEOPT PACKING pc=0x0000014ae981f66e sp=0x00000012ae7fcbd0
Event: 7.375 Thread 0x0000014ae147e130 DEOPT UNPACKING pc=0x0000014ae8c3dece sp=0x00000012ae7fc098 mode 0
Event: 7.405 Thread 0x0000014afe4bb050 DEOPT PACKING pc=0x0000014ae94f4a82 sp=0x00000012afeff0a0
Event: 7.405 Thread 0x0000014afe4bb050 DEOPT UNPACKING pc=0x0000014ae8c3dece sp=0x00000012afefe538 mode 3
Event: 7.458 Thread 0x0000014ae147e130 Uncommon trap: trap_request=0xffffff45 fr.pc=0x0000014af07c9438 relative=0x0000000000000298
Event: 7.458 Thread 0x0000014ae147e130 Uncommon trap: reason=unstable_if action=reinterpret pc=0x0000014af07c9438 method=java.util.WeakHashMap.expungeStaleEntries()V @ 9 c2
Event: 7.458 Thread 0x0000014ae147e130 DEOPT PACKING pc=0x0000014af07c9438 sp=0x00000012ae7fbe90
Event: 7.458 Thread 0x0000014ae147e130 DEOPT UNPACKING pc=0x0000014ae8c3d72e sp=0x00000012ae7fbe28 mode 2

Classes unloaded (0 events):
No events

Classes redefined (0 events):
No events

Internal exceptions (20 events):
Event: 6.084 Thread 0x0000014ae147e130 Exception <a 'java/lang/ClassNotFoundException'{0x00000000cbf1a520}: java/lang/ObjectCustomizer> (0x00000000cbf1a520) 
thrown [t:\workspace\open\src\hotspot\share\classfile\systemDictionary.cpp, line 256]
Event: 6.087 Thread 0x0000014ae147e130 Exception <a 'java/lang/ClassNotFoundException'{0x00000000cbf21cc8}: org/springframework/transaction/annotation/AbstractTransactionManagementConfigurationCustomizer> (0x00000000cbf21cc8) 
thrown [t:\workspace\open\src\hotspot\share\classfile\systemDictionary.cpp, line 256]
Event: 6.090 Thread 0x0000014ae147e130 Exception <a 'java/lang/ClassNotFoundException'{0x00000000cbf284d8}: org/springframework/transaction/annotation/ProxyTransactionManagementConfigurationCustomizer> (0x00000000cbf284d8) 
thrown [t:\workspace\open\src\hotspot\share\classfile\systemDictionary.cpp, line 256]
Event: 6.091 Thread 0x0000014ae147e130 Exception <a 'java/lang/ClassNotFoundException'{0x00000000cbf300c0}: org/springframework/context/annotation/ImportAwareCustomizer> (0x00000000cbf300c0) 
thrown [t:\workspace\open\src\hotspot\share\classfile\systemDictionary.cpp, line 256]
Event: 6.092 Thread 0x0000014ae147e130 Exception <a 'java/lang/ClassNotFoundException'{0x00000000cbf34d10}: org/springframework/beans/factory/AwareCustomizer> (0x00000000cbf34d10) 
thrown [t:\workspace\open\src\hotspot\share\classfile\systemDictionary.cpp, line 256]
Event: 6.194 Thread 0x0000014ae147e130 Exception <a 'java/lang/NoSuchMethodError'{0x00000000cc12fbb0}: 'java.lang.Object java.lang.invoke.DirectMethodHandle$Holder.invokeSpecialIFC(java.lang.Object, java.lang.Object, java.lang.Object)'> (0x00000000cc12fbb0) 
thrown [t:\workspace\open\src\hotspot\share\interpreter\linkResolver.cpp, line 790]
Event: 6.267 Thread 0x0000014ae147e130 Exception <a 'java/lang/NoSuchMethodError'{0x00000000cc094d70}: 'int java.lang.invoke.DirectMethodHandle$Holder.invokeSpecial(java.lang.Object, java.lang.Object, java.lang.Object, java.lang.Object, java.lang.Object)'> (0x00000000cc094d70) 
thrown [t:\workspace\open\src\hotspot\share\interpreter\linkResolver.cpp, line 790]
Event: 6.367 Thread 0x0000014ae147e130 Exception <a 'java/lang/NoSuchMethodError'{0x00000000cbaecbc0}: 'void java.lang.invoke.DirectMethodHandle$Holder.invokeInterface(java.lang.Object, java.lang.Object, int)'> (0x00000000cbaecbc0) 
thrown [t:\workspace\open\src\hotspot\share\interpreter\linkResolver.cpp, line 790]
Event: 6.371 Thread 0x0000014ae147e130 Exception <a 'java/lang/NoSuchMethodError'{0x00000000cb907ae0}: 'int java.lang.invoke.DirectMethodHandle$Holder.invokeVirtual(java.lang.Object, java.lang.Object)'> (0x00000000cb907ae0) 
thrown [t:\workspace\open\src\hotspot\share\interpreter\linkResolver.cpp, line 790]
Event: 6.378 Thread 0x0000014ae147e130 Exception <a 'java/lang/IncompatibleClassChangeError'{0x00000000cb9430c8}: Found class java.lang.Object, but interface was expected> (0x00000000cb9430c8) 
thrown [t:\workspace\open\src\hotspot\share\interpreter\linkResolver.cpp, line 857]
Event: 6.379 Thread 0x0000014ae147e130 Exception <a 'java/lang/NoSuchMethodError'{0x00000000cb9487d0}: 'void java.lang.invoke.DirectMethodHandle$Holder.invokeStatic(java.lang.Object, int, java.lang.Object)'> (0x00000000cb9487d0) 
thrown [t:\workspace\open\src\hotspot\share\interpreter\linkResolver.cpp, line 790]
Event: 6.390 Thread 0x0000014ae147e130 Exception <a 'java/lang/NoSuchMethodError'{0x00000000cb978220}: 'int java.lang.invoke.DirectMethodHandle$Holder.invokeSpecial(java.lang.Object, java.lang.Object, int)'> (0x00000000cb978220) 
thrown [t:\workspace\open\src\hotspot\share\interpreter\linkResolver.cpp, line 790]
Event: 6.580 Thread 0x0000014ae147e130 Exception <a 'java/lang/NoSuchMethodError'{0x00000000cb5767e0}: 'java.lang.Object java.lang.invoke.DirectMethodHandle$Holder.invokeStaticInit(java.lang.Object, int, int, int, int)'> (0x00000000cb5767e0) 
thrown [t:\workspace\open\src\hotspot\share\interpreter\linkResolver.cpp, line 790]
Event: 6.744 Thread 0x0000014ae147e130 Exception <a 'java/lang/NoSuchMethodError'{0x00000000cb59c5a8}: 'java.lang.Object java.lang.invoke.DirectMethodHandle$Holder.invokeStaticInit(java.lang.Object, java.lang.Object, int, int, int, int)'> (0x00000000cb59c5a8) 
thrown [t:\workspace\open\src\hotspot\share\interpreter\linkResolver.cpp, line 790]
Event: 7.067 Thread 0x0000014ae147e130 Implicit null exception at 0x0000014af07674e8 to 0x0000014af076a764
Event: 7.234 Thread 0x0000014ae147e130 Exception <a 'java/io/FileNotFoundException'{0x00000000cb684a10}> (0x00000000cb684a10) 
thrown [t:\workspace\open\src\hotspot\share\prims\jni.cpp, line 579]
Event: 7.235 Thread 0x0000014ae147e130 Exception <a 'java/io/FileNotFoundException'{0x00000000cb685be8}> (0x00000000cb685be8) 
thrown [t:\workspace\open\src\hotspot\share\prims\jni.cpp, line 579]
Event: 7.296 Thread 0x0000014ae147e130 Exception <a 'java/lang/NoSuchMethodError'{0x00000000cb434590}: 'int java.lang.invoke.DirectMethodHandle$Holder.invokeInterface(java.lang.Object, java.lang.Object, java.lang.Object, java.lang.Object)'> (0x00000000cb434590) 
thrown [t:\workspace\open\src\hotspot\share\interpreter\linkResolver.cpp, line 790]
Event: 7.372 Thread 0x0000014ae147e130 Implicit null exception at 0x0000014af0759422 to 0x0000014af075a33c
Event: 7.392 Thread 0x0000014ae147e130 Exception <a 'java/io/FileNotFoundException'{0x00000000cb262b90}> (0x00000000cb262b90) 
thrown [t:\workspace\open\src\hotspot\share\prims\jni.cpp, line 579]

Events (20 events):
Event: 7.404 Thread 0x0000014afe4bb570 Thread added: 0x0000014afe4bb570
Event: 7.405 loading class java/util/concurrent/locks/AbstractQueuedSynchronizer$ConditionNode
Event: 7.405 loading class java/util/concurrent/ForkJoinPool$ManagedBlocker
Event: 7.405 loading class java/util/concurrent/locks/AbstractQueuedSynchronizer$ExclusiveNode
Event: 7.405 loading class java/util/concurrent/ForkJoinPool$ManagedBlocker done
Event: 7.405 loading class java/util/concurrent/locks/AbstractQueuedSynchronizer$Node
Event: 7.405 loading class java/util/concurrent/locks/AbstractQueuedSynchronizer$Node done
Event: 7.405 loading class java/util/concurrent/locks/AbstractQueuedSynchronizer$ExclusiveNode done
Event: 7.405 loading class java/util/concurrent/locks/AbstractQueuedSynchronizer$ConditionNode done
Event: 7.411 Thread 0x0000014afc0acde0 Thread added: 0x0000014afc0acde0
Event: 7.429 Executing  VM operation: HandshakeAllThreads
Event: 7.429 Executing  VM operation: HandshakeAllThreads done
Event: 7.466 loading class java/util/concurrent/Executors$FinalizableDelegatedExecutorService
Event: 7.466 loading class java/util/concurrent/Executors$DelegatedExecutorService
Event: 7.466 loading class java/util/concurrent/Executors$DelegatedExecutorService done
Event: 7.466 loading class java/util/concurrent/Executors$FinalizableDelegatedExecutorService done
Event: 7.467 Executing  VM operation: HandshakeAllThreads
Event: 7.467 Executing  VM operation: HandshakeAllThreads done
Event: 7.467 Thread 0x0000014afd3e4570 Thread added: 0x0000014afd3e4570
Event: 7.501 Executing  VM operation: G1CollectForAllocation


Dynamic libraries:
0x00007ff667bc0000 - 0x00007ff667bd0000 	C:\Program Files\Java\jdk-16.0.1\bin\java.exe
0x00007ffef5930000 - 0x00007ffef5b25000 	C:\Windows\SYSTEM32\ntdll.dll
0x00007ffef4b90000 - 0x00007ffef4c4e000 	C:\Windows\System32\KERNEL32.DLL
0x00007ffef3190000 - 0x00007ffef3459000 	C:\Windows\System32\KERNELBASE.dll
0x00007ffef34e0000 - 0x00007ffef35e0000 	C:\Windows\System32\ucrtbase.dll
0x00007ffee2f00000 - 0x00007ffee2f18000 	C:\Program Files\Java\jdk-16.0.1\bin\jli.dll
0x00007ffef3c50000 - 0x00007ffef3cfc000 	C:\Windows\System32\ADVAPI32.dll
0x00007ffeec420000 - 0x00007ffeec439000 	C:\Program Files\Java\jdk-16.0.1\bin\VCRUNTIME140.dll
0x00007ffef4000000 - 0x00007ffef409e000 	C:\Windows\System32\msvcrt.dll
0x00007ffef4930000 - 0x00007ffef49cb000 	C:\Windows\System32\sechost.dll
0x00007ffef49d0000 - 0x00007ffef4afa000 	C:\Windows\System32\RPCRT4.dll
0x00007ffef3d00000 - 0x00007ffef3ea1000 	C:\Windows\System32\USER32.dll
0x00007ffee3d30000 - 0x00007ffee3fca000 	C:\Windows\WinSxS\amd64_microsoft.windows.common-controls_6595b64144ccf1df_6.0.19041.1110_none_60b5254171f9507e\COMCTL32.dll
0x00007ffef3100000 - 0x00007ffef3122000 	C:\Windows\System32\win32u.dll
0x00007ffef4b00000 - 0x00007ffef4b2b000 	C:\Windows\System32\GDI32.dll
0x00007ffef3680000 - 0x00007ffef378b000 	C:\Windows\System32\gdi32full.dll
0x00007ffef35e0000 - 0x00007ffef367d000 	C:\Windows\System32\msvcp_win.dll
0x00007ffef17d0000 - 0x00007ffef17da000 	C:\Windows\SYSTEM32\VERSION.dll
0x00007ffef3fd0000 - 0x00007ffef4000000 	C:\Windows\System32\IMM32.DLL
0x00007ffef1850000 - 0x00007ffef185c000 	C:\Program Files\Java\jdk-16.0.1\bin\vcruntime140_1.dll
0x00007ffecbb90000 - 0x00007ffecbc21000 	C:\Program Files\Java\jdk-16.0.1\bin\msvcp140.dll
0x00007ffea8160000 - 0x00007ffea8d0b000 	C:\Program Files\Java\jdk-16.0.1\bin\server\jvm.dll
0x00007ffef53b0000 - 0x00007ffef53b8000 	C:\Windows\System32\PSAPI.DLL
0x00007ffef18b0000 - 0x00007ffef18b9000 	C:\Windows\SYSTEM32\WSOCK32.dll
0x00007ffef4350000 - 0x00007ffef43bb000 	C:\Windows\System32\WS2_32.dll
0x00007ffee1180000 - 0x00007ffee11a7000 	C:\Windows\SYSTEM32\WINMM.dll
0x00007ffef18d0000 - 0x00007ffef18e2000 	C:\Windows\SYSTEM32\kernel.appcore.dll
0x00007ffee2ef0000 - 0x00007ffee2efa000 	C:\Program Files\Java\jdk-16.0.1\bin\jimage.dll
0x00007ffee25a0000 - 0x00007ffee2784000 	C:\Windows\SYSTEM32\DBGHELP.DLL
0x00007ffee21d0000 - 0x00007ffee21fc000 	C:\Windows\SYSTEM32\dbgcore.DLL
0x00007ffef38f0000 - 0x00007ffef3973000 	C:\Windows\System32\bcryptPrimitives.dll
0x00007ffed5820000 - 0x00007ffed5845000 	C:\Program Files\Java\jdk-16.0.1\bin\java.dll
0x00007ffef4c70000 - 0x00007ffef53af000 	C:\Windows\System32\SHELL32.dll
0x00007ffef0f90000 - 0x00007ffef1720000 	C:\Windows\SYSTEM32\windows.storage.dll
0x00007ffef53c0000 - 0x00007ffef5715000 	C:\Windows\System32\combase.dll
0x00007ffef2aa0000 - 0x00007ffef2acc000 	C:\Windows\SYSTEM32\Wldp.dll
0x00007ffef5840000 - 0x00007ffef58ee000 	C:\Windows\System32\SHCORE.dll
0x00007ffef3f70000 - 0x00007ffef3fc5000 	C:\Windows\System32\shlwapi.dll
0x00007ffef2f90000 - 0x00007ffef2faf000 	C:\Windows\SYSTEM32\profapi.dll
0x00007ffee14d0000 - 0x00007ffee14e9000 	C:\Program Files\Java\jdk-16.0.1\bin\net.dll
0x00007ffee5f40000 - 0x00007ffee6048000 	C:\Windows\SYSTEM32\WINHTTP.dll
0x00007ffef2800000 - 0x00007ffef286a000 	C:\Windows\system32\mswsock.dll
0x00007ffee1460000 - 0x00007ffee1473000 	C:\Program Files\Java\jdk-16.0.1\bin\nio.dll
0x00007ffed3380000 - 0x00007ffed3398000 	C:\Program Files\Java\jdk-16.0.1\bin\zip.dll
0x00007ffee2ee0000 - 0x00007ffee2ef0000 	C:\Program Files\Java\jdk-16.0.1\bin\verify.dll
0x00007ffee2c00000 - 0x00007ffee2c09000 	C:\Program Files\Java\jdk-16.0.1\bin\management.dll
0x00007ffee15a0000 - 0x00007ffee15ab000 	C:\Program Files\Java\jdk-16.0.1\bin\management_ext.dll
0x00007ffeeb880000 - 0x00007ffeeb897000 	C:\Windows\system32\napinsp.dll
0x00007ffee5940000 - 0x00007ffee595b000 	C:\Windows\system32\pnrpnsp.dll
0x00007ffee0b80000 - 0x00007ffee0b95000 	C:\Windows\system32\wshbth.dll
0x00007ffeee7c0000 - 0x00007ffeee7dd000 	C:\Windows\system32\NLAapi.dll
0x00007ffef24a0000 - 0x00007ffef24db000 	C:\Windows\SYSTEM32\IPHLPAPI.DLL
0x00007ffef24f0000 - 0x00007ffef25bc000 	C:\Windows\SYSTEM32\DNSAPI.dll
0x00007ffef43c0000 - 0x00007ffef43c8000 	C:\Windows\System32\NSI.dll
0x00007ffee2f90000 - 0x00007ffee2fa2000 	C:\Windows\System32\winrnr.dll
0x00007ffee5a60000 - 0x00007ffee5a6a000 	C:\Windows\System32\rasadhlp.dll
0x00007ffee63d0000 - 0x00007ffee644f000 	C:\Windows\System32\fwpuclnt.dll
0x00007ffef3460000 - 0x00007ffef3487000 	C:\Windows\System32\bcrypt.dll
0x00007ffef29f0000 - 0x00007ffef2a08000 	C:\Windows\SYSTEM32\CRYPTSP.dll
0x00007ffef2110000 - 0x00007ffef2144000 	C:\Windows\system32\rsaenh.dll
0x00007ffef2f50000 - 0x00007ffef2f7e000 	C:\Windows\SYSTEM32\USERENV.dll
0x00007ffef2a10000 - 0x00007ffef2a1c000 	C:\Windows\SYSTEM32\CRYPTBASE.dll
0x00007ffee9660000 - 0x00007ffee9677000 	C:\Windows\SYSTEM32\dhcpcsvc6.DLL
0x00007ffeea1e0000 - 0x00007ffeea1fd000 	C:\Windows\SYSTEM32\dhcpcsvc.DLL

dbghelp: loaded successfully - version: 4.0.5 - missing functions: none
symbol engine: initialized successfully - sym options: 0x614 - pdb path: .;C:\Program Files\Java\jdk-16.0.1\bin;C:\Windows\SYSTEM32;C:\Windows\WinSxS\amd64_microsoft.windows.common-controls_6595b64144ccf1df_6.0.19041.1110_none_60b5254171f9507e;C:\Program Files\Java\jdk-16.0.1\bin\server

VM Arguments:
jvm_args: -Dfile.encoding=windows-1252 -Duser.country=BR -Duser.language=pt -Duser.variant 
java_command: com.sp.senac.br.demo.PrimeiroProjetoWebApplication
java_class_path (initial): C:\Users\brito\Documents\demo\demo\build\classes\java\main;C:\Users\brito\Documents\demo\demo\build\resources\main;C:\Users\brito\.gradle\caches\modules-2\files-2.1\org.springframework.boot\spring-boot-starter-data-jpa\2.5.4\61bdc9ccd2dd88dc956d85b4a608ef624476db7d\spring-boot-starter-data-jpa-2.5.4.jar;C:\Users\brito\.gradle\caches\modules-2\files-2.1\org.springframework.boot\spring-boot-starter-thymeleaf\2.5.4\cade32e2891268e53f710d2e95671dff03de23b5\spring-boot-starter-thymeleaf-2.5.4.jar;C:\Users\brito\.gradle\caches\modules-2\files-2.1\org.springframework.boot\spring-boot-starter-web\2.5.4\2bef2cedf2e0d1038ab51a2c6154579c5945e60c\spring-boot-starter-web-2.5.4.jar;C:\Users\brito\.gradle\caches\modules-2\files-2.1\mysql\mysql-connector-java\8.0.26\e5ec6610020a3084b7d32ee725d1650176f6b3de\mysql-connector-java-8.0.26.jar;C:\Users\brito\.gradle\caches\modules-2\files-2.1\org.springframework.boot\spring-boot-starter-aop\2.5.4\6a158adb640effb8153c7531f5ceb69f8fe2d025\spring-boot-starter-aop-2.5.4.jar;C:\Users\brito\.gradle\caches\modules-2\files-2.1\org.springframework.boot\spring-boot-starter-jdbc\2.5.4\ce13933bc6b2ce6789288407c9244a104c9af6ed\spring-boot-starter-jdbc-2.5.4.jar;C:\Users\brito\.gradle\caches\modules-2\files-2.1\jakarta.transaction\jakarta.transaction-api\1.3.3\c4179d48720a1e87202115fbed6089bdc4195405\jakarta.transaction-api-1.3.3.jar;C:\Users\brito\.gradle\caches\modules-2\files-2.1\jakarta.persistence\jakarta.persistence-api\2.2.3\8f6ea5daedc614f07a3654a455660145286f024e\jakarta.persistence-api-2.2.3.jar;C:\Users\brito\.gradle\caches\modules-2\files-2.1\org.hibernate\hibernate-core\5.4.32.Final\99a5e10bf455337014c190e141ec631e9ff71663\hibernate-core-5.4.32.Final.jar;C:\Users\brito\.gradle\caches\modules-2\files-2.1\org.springframework.data\spring-data-jpa\2.5.4\91fb0dcb66a316bb65e9b837757f105c4bf1359d\spring-data-jpa-2.5.4.jar;C:\Users\brito\.gradle\caches\modules-2\files-2.1\org.springframework\spring-aspects\5.3.9\ee2c3
Launcher Type: SUN_STANDARD

[Global flags]
     intx CICompilerCount                          = 3                                         {product} {ergonomic}
     uint ConcGCThreads                            = 1                                         {product} {ergonomic}
     uint G1ConcRefinementThreads                  = 4                                         {product} {ergonomic}
   size_t G1HeapRegionSize                         = 1048576                                   {product} {ergonomic}
    uintx GCDrainStackTargetSize                   = 64                                        {product} {ergonomic}
   size_t InitialHeapSize                          = 58720256                                  {product} {ergonomic}
   size_t MarkStackSize                            = 4194304                                   {product} {ergonomic}
   size_t MaxHeapSize                              = 918552576                                 {product} {ergonomic}
   size_t MaxNewSize                               = 550502400                                 {product} {ergonomic}
   size_t MinHeapDeltaBytes                        = 1048576                                   {product} {ergonomic}
   size_t MinHeapSize                              = 8388608                                   {product} {ergonomic}
    uintx NonNMethodCodeHeapSize                   = 5832780                                {pd product} {ergonomic}
    uintx NonProfiledCodeHeapSize                  = 122912730                              {pd product} {ergonomic}
    uintx ProfiledCodeHeapSize                     = 122912730                              {pd product} {ergonomic}
    uintx ReservedCodeCacheSize                    = 251658240                              {pd product} {ergonomic}
     bool SegmentedCodeCache                       = true                                      {product} {ergonomic}
   size_t SoftMaxHeapSize                          = 918552576                              {manageable} {ergonomic}
     bool UseCompressedClassPointers               = true                           {product lp64_product} {ergonomic}
     bool UseCompressedOops                        = true                           {product lp64_product} {ergonomic}
     bool UseG1GC                                  = true                                      {product} {ergonomic}
     bool UseLargePagesIndividualAllocation        = false                                  {pd product} {ergonomic}

Logging:
Log output configuration:
 #0: stdout all=warning uptime,level,tags
 #1: stderr all=off uptime,level,tags

Environment Variables:
PATH=C:\Program Files (x86)\Common Files\Oracle\Java\javapath;C:\Program Files\Common Files\Oracle\Java\javapath;C:\Windows\system32;C:\Windows;C:\Windows\System32\Wbem;C:\Windows\System32\WindowsPowerShell\v1.0\;C:\Windows\System32\OpenSSH\;C:\Program Files\nodejs\;C:\Program Files\Git\cmd;C:\Program Files\MySQL\MySQL Shell 8.0\bin\;C:\Users\brito\AppData\Local\Microsoft\WindowsApps;C:\Users\brito\AppData\Local\Programs\Microsoft VS Code\bin;C:\Users\brito\AppData\Roaming\npm
USERNAME=Bea
OS=Windows_NT
PROCESSOR_IDENTIFIER=Intel64 Family 6 Model 69 Stepping 1, GenuineIntel



---------------  S Y S T E M  ---------------

OS:
 Windows 10 , 64 bit Build 19041 (10.0.19041.1202)
OS uptime: 2 days 1:27 hours

CPU: total 4 (initial active 4) (2 cores per cpu, 2 threads per core) family 6 model 69 stepping 1 microcode 0x25, cx8, cmov, fxsr, ht, mmx, sse, sse2, sse3, ssse3, sse4.1, sse4.2, popcnt, lzcnt, tsc, tscinvbit, avx, avx2, aes, erms, clmul, bmi1, bmi2, fma, vzeroupper, clflush

Memory: 4k page, system-wide physical 3500M (265M free)
TotalPageFile size 6294M (AvailPageFile size 39M)
current process WorkingSet (physical memory assigned to process): 142M, peak: 142M
current process commit charge ("private bytes"): 186M, peak: 227M

vm_info: Java HotSpot(TM) 64-Bit Server VM (16.0.1+9-24) for windows-amd64 JRE (16.0.1+9-24), built on Mar 26 2021 19:31:42 by "mach5one" with MS VC++ 16.7 (VS2019)

END.
