#
# There is insufficient memory for the Java Runtime Environment to continue.
# Native memory allocation (malloc) failed to allocate 1189696 bytes for Chunk::new
# Possible reasons:
#   The system is out of physical RAM or swap space
#   The process is running with CompressedOops enabled, and the Java Heap may be blocking the growth of the native heap
# Possible solutions:
#   Reduce memory load on the system
#   Increase physical memory or swap space
#   Check if swap backing store is full
#   Decrease Java heap size (-Xmx/-Xms)
#   Decrease number of Java threads
#   Decrease Java thread stack sizes (-Xss)
#   Set larger code cache with -XX:ReservedCodeCacheSize=
#   JVM is running with Unscaled Compressed Oops mode in which the Java heap is
#     placed in the first 4GB address space. The Java Heap base address is the
#     maximum limit for the native heap growth. Please use -XX:HeapBaseMinAddress
#     to set the Java Heap base and to place the Java Heap above 4GB virtual address.
# This output file may be truncated or incomplete.
#
#  Out of Memory Error (arena.cpp:195), pid=3392, tid=2320
#
# JRE version: Java(TM) SE Runtime Environment (16.0.1+9) (build 16.0.1+9-24)
# Java VM: Java HotSpot(TM) 64-Bit Server VM (16.0.1+9-24, mixed mode, sharing, tiered, compressed oops, compressed class ptrs, g1 gc, windows-amd64)
# No core dump will be written. Minidumps are not enabled by default on client versions of Windows
#

---------------  S U M M A R Y ------------

Command Line: --add-opens=java.base/java.util=ALL-UNNAMED --add-opens=java.base/java.lang=ALL-UNNAMED --add-opens=java.base/java.lang.invoke=ALL-UNNAMED --add-opens=java.base/java.util=ALL-UNNAMED --add-opens=java.prefs/java.util.prefs=ALL-UNNAMED --add-opens=java.prefs/java.util.prefs=ALL-UNNAMED --add-opens=java.base/java.nio.charset=ALL-UNNAMED --add-opens=java.base/java.net=ALL-UNNAMED --add-opens=java.base/java.util.concurrent.atomic=ALL-UNNAMED -XX:MaxMetaspaceSize=256m -XX:+HeapDumpOnOutOfMemoryError -Xms256m -Xmx512m -Dfile.encoding=windows-1252 -Duser.country=BR -Duser.language=pt -Duser.variant org.gradle.launcher.daemon.bootstrap.GradleDaemon 7.1.1

Host: Intel(R) Core(TM) i5-4200U CPU @ 1.60GHz, 4 cores, 3G,  Windows 10 , 64 bit Build 19041 (10.0.19041.1202)
Time: Tue Sep 21 20:27:18 2021 Hora oficial do Brasil elapsed time: 1037.350228 seconds (0d 0h 17m 17s)

---------------  T H R E A D  ---------------

Current thread (0x000001abfa0ce620):  JavaThread "C2 CompilerThread0" daemon [_thread_in_native, id=2320, stack(0x000000853fb00000,0x000000853fc00000)]


Current CompileTask:
C2:1037350 12931       4       org.gradle.api.internal.artifacts.ModuleComponentSelectorSerializer::read (50 bytes)

Stack: [0x000000853fb00000,0x000000853fc00000]
Native frames: (J=compiled Java code, j=interpreted, Vv=VM code, C=native code)
V  [jvm.dll+0x6687ca]
V  [jvm.dll+0x7ca3c9]
V  [jvm.dll+0x7cbb53]
V  [jvm.dll+0x7cc1b3]
V  [jvm.dll+0x242ea5]
V  [jvm.dll+0xadeca]
V  [jvm.dll+0xae5ac]
V  [jvm.dll+0x2a52cf]
V  [jvm.dll+0x574359]
V  [jvm.dll+0x21eb55]
V  [jvm.dll+0x217e51]
V  [jvm.dll+0x21524c]
V  [jvm.dll+0x1a1d9b]
V  [jvm.dll+0x2253a8]
V  [jvm.dll+0x2233ec]
V  [jvm.dll+0x780002]
V  [jvm.dll+0x779b4a]
V  [jvm.dll+0x667666]
C  [ucrtbase.dll+0x21bb2]
C  [KERNEL32.DLL+0x17034]
C  [ntdll.dll+0x52651]


---------------  P R O C E S S  ---------------

Threads class SMR info:
_java_thread_list=0x000001abfcd6b1b0, length=82, elements={
0x000001abde26c150, 0x000001abfa0b19e0, 0x000001abfa0b70b0, 0x000001abfa0c5010,
0x000001abfa0c5b20, 0x000001abfa0c8be0, 0x000001abfa0c9c90, 0x000001abfa0ce620,
0x000001abfa0ef7d0, 0x000001abfa109470, 0x000001abfacdaa30, 0x000001abface6f50,
0x000001abfc21f980, 0x000001abfc01b040, 0x000001abfbbef340, 0x000001abfca7c060,
0x000001abfca7e040, 0x000001abfca7eae0, 0x000001abfca7e590, 0x000001abfca7d050,
0x000001abfc586500, 0x000001abfc587f90, 0x000001abfc5884e0, 0x000001abfc588f80,
0x000001abfc588a30, 0x000001abfc5874f0, 0x000001abfd73c4d0, 0x000001abfd75a060,
0x000001abfd73da10, 0x000001abfd73af90, 0x000001abfd73b4e0, 0x000001abfd736fd0,
0x000001abfd73ba30, 0x000001abfd73df60, 0x000001abfd739a50, 0x000001abfd739500,
0x000001abfd73ea00, 0x000001abfd738fb0, 0x000001abfd73ca20, 0x000001abfd73cf70,
0x000001abfd739fa0, 0x000001abfd73bf80, 0x000001abfd73a4f0, 0x000001abfd73d4c0,
0x000001abfd73e4b0, 0x000001abfd737520, 0x000001abfd737fc0, 0x000001abfd738a60,
0x000001abfd757090, 0x000001abfd754b60, 0x000001abfd75c040, 0x000001abfd75b5a0,
0x000001abfd7575e0, 0x000001abfd7595c0, 0x000001abfd756b40, 0x000001abfd7560a0,
0x000001abfd75a5b0, 0x000001abfd759b10, 0x000001abfd7565f0, 0x000001abfd7585d0,
0x000001abfd754610, 0x000001abfd75ab00, 0x000001abfd7550b0, 0x000001abfd75b050,
0x000001abfd757b30, 0x000001abfd75baf0, 0x000001abfd758b20, 0x000001abfd755600,
0x000001abfd755b50, 0x000001abfd758080, 0x000001abfca7c5b0, 0x000001abfca7f580,
0x000001abfca7cb00, 0x000001abfca7d5a0, 0x000001abfca7f030, 0x000001abfca7daf0,
0x000001abfc5894d0, 0x000001abfc585fb0, 0x000001abfc586fa0, 0x000001abfc587a40,
0x000001ab821777d0, 0x000001ab82177d20
}

Java Threads: ( => current thread )
  0x000001abde26c150 JavaThread "main" [_thread_blocked, id=8404, stack(0x000000853ee00000,0x000000853ef00000)]
  0x000001abfa0b19e0 JavaThread "Reference Handler" daemon [_thread_blocked, id=2556, stack(0x000000853f500000,0x000000853f600000)]
  0x000001abfa0b70b0 JavaThread "Finalizer" daemon [_thread_blocked, id=8968, stack(0x000000853f600000,0x000000853f700000)]
  0x000001abfa0c5010 JavaThread "Signal Dispatcher" daemon [_thread_blocked, id=976, stack(0x000000853f700000,0x000000853f800000)]
  0x000001abfa0c5b20 JavaThread "Attach Listener" daemon [_thread_blocked, id=9804, stack(0x000000853f800000,0x000000853f900000)]
  0x000001abfa0c8be0 JavaThread "Service Thread" daemon [_thread_blocked, id=6976, stack(0x000000853f900000,0x000000853fa00000)]
  0x000001abfa0c9c90 JavaThread "Monitor Deflation Thread" daemon [_thread_blocked, id=1972, stack(0x000000853fa00000,0x000000853fb00000)]
=>0x000001abfa0ce620 JavaThread "C2 CompilerThread0" daemon [_thread_in_native, id=2320, stack(0x000000853fb00000,0x000000853fc00000)]
  0x000001abfa0ef7d0 JavaThread "C1 CompilerThread0" daemon [_thread_blocked, id=6696, stack(0x000000853fc00000,0x000000853fd00000)]
  0x000001abfa109470 JavaThread "Sweeper thread" daemon [_thread_blocked, id=7764, stack(0x000000853fd00000,0x000000853fe00000)]
  0x000001abfacdaa30 JavaThread "Common-Cleaner" daemon [_thread_blocked, id=3888, stack(0x000000853fe00000,0x000000853ff00000)]
  0x000001abface6f50 JavaThread "Notification Thread" daemon [_thread_blocked, id=1644, stack(0x000000853ff00000,0x0000008540000000)]
  0x000001abfc21f980 JavaThread "Daemon health stats" [_thread_blocked, id=832, stack(0x0000008540400000,0x0000008540500000)]
  0x000001abfc01b040 JavaThread "Incoming local TCP Connector on port 63686" [_thread_in_native, id=7244, stack(0x0000008540500000,0x0000008540600000)]
  0x000001abfbbef340 JavaThread "Daemon periodic checks" [_thread_blocked, id=2480, stack(0x0000008540600000,0x0000008540700000)]
  0x000001abfca7c060 JavaThread "Cache worker for journal cache (C:\Users\brito\.gradle\caches\journal-1)" [_thread_blocked, id=7328, stack(0x0000008540e00000,0x0000008540f00000)]
  0x000001abfca7e040 JavaThread "File lock request listener" [_thread_in_native, id=7936, stack(0x0000008540f00000,0x0000008541000000)]
  0x000001abfca7eae0 JavaThread "Cache worker for file hash cache (C:\Users\brito\.gradle\caches\7.1.1\fileHashes)" [_thread_blocked, id=5680, stack(0x0000008541000000,0x0000008541100000)]
  0x000001abfca7e590 JavaThread "File watcher server" daemon [_thread_in_native, id=6064, stack(0x0000008541200000,0x0000008541300000)]
  0x000001abfca7d050 JavaThread "File watcher consumer" daemon [_thread_blocked, id=9516, stack(0x0000008541300000,0x0000008541400000)]
  0x000001abfc586500 JavaThread "Cache worker for execution history cache (C:\Users\brito\.gradle\caches\7.1.1\executionHistory)" [_thread_blocked, id=6948, stack(0x0000008541700000,0x0000008541800000)]
  0x000001abfc587f90 JavaThread "jar transforms" [_thread_blocked, id=4304, stack(0x0000008541800000,0x0000008541900000)]
  0x000001abfc5884e0 JavaThread "jar transforms Thread 2" [_thread_blocked, id=1876, stack(0x0000008541900000,0x0000008541a00000)]
  0x000001abfc588f80 JavaThread "Cache worker for file content cache (C:\Users\brito\.gradle\caches\7.1.1\fileContent)" [_thread_blocked, id=1304, stack(0x0000008541a00000,0x0000008541b00000)]
  0x000001abfc588a30 JavaThread "jar transforms Thread 3" [_thread_blocked, id=4700, stack(0x0000008541b00000,0x0000008541c00000)]
  0x000001abfc5874f0 JavaThread "jar transforms Thread 4" [_thread_blocked, id=9728, stack(0x0000008541c00000,0x0000008541d00000)]
  0x000001abfd73c4d0 JavaThread "Memory manager" [_thread_blocked, id=1140, stack(0x0000008543300000,0x0000008543400000)]
  0x000001abfd75a060 JavaThread "Cache worker for Java compile cache (C:\Users\brito\.gradle\caches\7.1.1\javaCompile)" [_thread_blocked, id=10148, stack(0x0000008545000000,0x0000008545100000)]
  0x000001abfd73da10 JavaThread "Daemon Thread 3" [_thread_blocked, id=9232, stack(0x000000853eb00000,0x000000853ec00000)]
  0x000001abfd73af90 JavaThread "Handler for socket connection from /127.0.0.1:63686 to /127.0.0.1:55558" [_thread_in_native, id=4660, stack(0x000000853ec00000,0x000000853ed00000)]
  0x000001abfd73b4e0 JavaThread "Cancel handler" [_thread_blocked, id=9480, stack(0x000000853ed00000,0x000000853ee00000)]
  0x000001abfd736fd0 JavaThread "Daemon worker Thread 3" [_thread_in_Java, id=5664, stack(0x0000008540700000,0x0000008540800000)]
  0x000001abfd73ba30 JavaThread "Asynchronous log dispatcher for DefaultDaemonConnection: socket connection from /127.0.0.1:63686 to /127.0.0.1:55558" [_thread_blocked, id=7468, stack(0x0000008540800000,0x0000008540900000)]
  0x000001abfd73df60 JavaThread "Stdin handler" [_thread_blocked, id=6932, stack(0x0000008540900000,0x0000008540a00000)]
  0x000001abfd739a50 JavaThread "Daemon client event forwarder" [_thread_blocked, id=2576, stack(0x0000008540a00000,0x0000008540b00000)]
  0x000001abfd739500 JavaThread "Cache worker for file hash cache (C:\Users\brito\Documents\demo\demo\.gradle\7.1.1\fileHashes)" [_thread_blocked, id=10908, stack(0x0000008540b00000,0x0000008540c00000)]
  0x000001abfd73ea00 JavaThread "Cache worker for checksums cache (C:\Users\brito\Documents\demo\demo\.gradle\checksums)" [_thread_blocked, id=4484, stack(0x0000008540c00000,0x0000008540d00000)]
  0x000001abfd738fb0 JavaThread "Cache worker for cache directory md-supplier (C:\Users\brito\.gradle\caches\7.1.1\md-supplier)" [_thread_blocked, id=8664, stack(0x0000008540d00000,0x0000008540e00000)]
  0x000001abfd73ca20 JavaThread "Cache worker for cache directory md-rule (C:\Users\brito\.gradle\caches\7.1.1\md-rule)" [_thread_blocked, id=2328, stack(0x0000008541100000,0x0000008541200000)]
  0x000001abfd73cf70 JavaThread "Cache worker for dependencies-accessors (C:\Users\brito\Documents\demo\demo\.gradle\7.1.1\dependencies-accessors)" [_thread_blocked, id=4312, stack(0x0000008541400000,0x0000008541500000)]
  0x000001abfd739fa0 JavaThread "Cache worker for Build Output Cleanup Cache (C:\Users\brito\Documents\demo\demo\.gradle\buildOutputCleanup)" [_thread_blocked, id=10108, stack(0x0000008541500000,0x0000008541600000)]
  0x000001abfd73bf80 JavaThread "Unconstrained build operations" [_thread_blocked, id=9248, stack(0x0000008541600000,0x0000008541700000)]
  0x000001abfd73a4f0 JavaThread "Unconstrained build operations Thread 2" [_thread_blocked, id=9420, stack(0x0000008541d00000,0x0000008541e00000)]
  0x000001abfd73d4c0 JavaThread "Unconstrained build operations Thread 3" [_thread_blocked, id=2500, stack(0x0000008541e00000,0x0000008541f00000)]
  0x000001abfd73e4b0 JavaThread "Unconstrained build operations Thread 4" [_thread_blocked, id=8268, stack(0x0000008541f00000,0x0000008542000000)]
  0x000001abfd737520 JavaThread "Unconstrained build operations Thread 5" [_thread_blocked, id=3664, stack(0x0000008542000000,0x0000008542100000)]
  0x000001abfd737fc0 JavaThread "Unconstrained build operations Thread 6" [_thread_blocked, id=9464, stack(0x0000008542100000,0x0000008542200000)]
  0x000001abfd738a60 JavaThread "Unconstrained build operations Thread 7" [_thread_blocked, id=6364, stack(0x0000008542200000,0x0000008542300000)]
  0x000001abfd757090 JavaThread "Unconstrained build operations Thread 8" [_thread_blocked, id=10124, stack(0x0000008542300000,0x0000008542400000)]
  0x000001abfd754b60 JavaThread "Unconstrained build operations Thread 9" [_thread_blocked, id=4696, stack(0x0000008542400000,0x0000008542500000)]
  0x000001abfd75c040 JavaThread "Unconstrained build operations Thread 10" [_thread_blocked, id=4328, stack(0x0000008542500000,0x0000008542600000)]
  0x000001abfd75b5a0 JavaThread "Unconstrained build operations Thread 11" [_thread_blocked, id=2584, stack(0x0000008542600000,0x0000008542700000)]
  0x000001abfd7575e0 JavaThread "Unconstrained build operations Thread 12" [_thread_blocked, id=9328, stack(0x0000008542700000,0x0000008542800000)]
  0x000001abfd7595c0 JavaThread "Unconstrained build operations Thread 13" [_thread_blocked, id=9944, stack(0x0000008542800000,0x0000008542900000)]
  0x000001abfd756b40 JavaThread "Unconstrained build operations Thread 14" [_thread_blocked, id=2624, stack(0x0000008542900000,0x0000008542a00000)]
  0x000001abfd7560a0 JavaThread "Unconstrained build operations Thread 15" [_thread_blocked, id=4316, stack(0x0000008542a00000,0x0000008542b00000)]
  0x000001abfd75a5b0 JavaThread "Unconstrained build operations Thread 16" [_thread_blocked, id=224, stack(0x0000008542b00000,0x0000008542c00000)]
  0x000001abfd759b10 JavaThread "Unconstrained build operations Thread 17" [_thread_blocked, id=9316, stack(0x0000008542c00000,0x0000008542d00000)]
  0x000001abfd7565f0 JavaThread "Unconstrained build operations Thread 18" [_thread_blocked, id=8692, stack(0x0000008542d00000,0x0000008542e00000)]
  0x000001abfd7585d0 JavaThread "Unconstrained build operations Thread 19" [_thread_blocked, id=9528, stack(0x0000008542e00000,0x0000008542f00000)]
  0x000001abfd754610 JavaThread "Unconstrained build operations Thread 20" [_thread_blocked, id=7252, stack(0x0000008542f00000,0x0000008543000000)]
  0x000001abfd75ab00 JavaThread "Cache worker for execution history cache (C:\Users\brito\Documents\demo\demo\.gradle\7.1.1\executionHistory)" [_thread_blocked, id=8852, stack(0x0000008543400000,0x0000008543500000)]
  0x000001abfd7550b0 JavaThread "Unconstrained build operations Thread 21" [_thread_blocked, id=8920, stack(0x0000008543000000,0x0000008543100000)]
  0x000001abfd75b050 JavaThread "Unconstrained build operations Thread 22" [_thread_blocked, id=8924, stack(0x0000008543100000,0x0000008543200000)]
  0x000001abfd757b30 JavaThread "Unconstrained build operations Thread 23" [_thread_blocked, id=7984, stack(0x0000008543200000,0x0000008543300000)]
  0x000001abfd75baf0 JavaThread "Unconstrained build operations Thread 24" [_thread_blocked, id=5012, stack(0x0000008543500000,0x0000008543600000)]
  0x000001abfd758b20 JavaThread "Unconstrained build operations Thread 25" [_thread_blocked, id=10792, stack(0x0000008543600000,0x0000008543700000)]
  0x000001abfd755600 JavaThread "Unconstrained build operations Thread 26" [_thread_blocked, id=4396, stack(0x0000008543700000,0x0000008543800000)]
  0x000001abfd755b50 JavaThread "Unconstrained build operations Thread 27" [_thread_blocked, id=3508, stack(0x0000008543a00000,0x0000008543b00000)]
  0x000001abfd758080 JavaThread "Unconstrained build operations Thread 28" [_thread_blocked, id=10680, stack(0x0000008543b00000,0x0000008543c00000)]
  0x000001abfca7c5b0 JavaThread "Unconstrained build operations Thread 29" [_thread_blocked, id=5248, stack(0x0000008543c00000,0x0000008543d00000)]
  0x000001abfca7f580 JavaThread "Unconstrained build operations Thread 30" [_thread_blocked, id=7560, stack(0x0000008543d00000,0x0000008543e00000)]
  0x000001abfca7cb00 JavaThread "Unconstrained build operations Thread 31" [_thread_blocked, id=5776, stack(0x0000008543e00000,0x0000008543f00000)]
  0x000001abfca7d5a0 JavaThread "Unconstrained build operations Thread 32" [_thread_blocked, id=10224, stack(0x0000008543f00000,0x0000008544000000)]
  0x000001abfca7f030 JavaThread "Unconstrained build operations Thread 33" [_thread_blocked, id=9648, stack(0x0000008544000000,0x0000008544100000)]
  0x000001abfca7daf0 JavaThread "Unconstrained build operations Thread 34" [_thread_blocked, id=7904, stack(0x0000008544100000,0x0000008544200000)]
  0x000001abfc5894d0 JavaThread "Unconstrained build operations Thread 35" [_thread_blocked, id=5364, stack(0x0000008544200000,0x0000008544300000)]
  0x000001abfc585fb0 JavaThread "Unconstrained build operations Thread 36" [_thread_blocked, id=7576, stack(0x0000008544300000,0x0000008544400000)]
  0x000001abfc586fa0 JavaThread "Unconstrained build operations Thread 37" [_thread_blocked, id=11008, stack(0x0000008544400000,0x0000008544500000)]
  0x000001abfc587a40 JavaThread "Unconstrained build operations Thread 38" [_thread_blocked, id=9344, stack(0x0000008544500000,0x0000008544600000)]
  0x000001ab821777d0 JavaThread "Unconstrained build operations Thread 39" [_thread_blocked, id=5144, stack(0x0000008544600000,0x0000008544700000)]
  0x000001ab82177d20 JavaThread "Unconstrained build operations Thread 40" [_thread_blocked, id=3568, stack(0x0000008544700000,0x0000008544800000)]

Other Threads:
  0x000001abfa0a9820 VMThread "VM Thread" [stack: 0x000000853f400000,0x000000853f500000] [id=4608]
  0x000001abfacf1490 WatcherThread [stack: 0x0000008540000000,0x0000008540100000] [id=10592]
  0x000001abde291e40 GCTaskThread "GC Thread#0" [stack: 0x000000853ef00000,0x000000853f000000] [id=8236]
  0x000001abfad8bbd0 GCTaskThread "GC Thread#1" [stack: 0x0000008540100000,0x0000008540200000] [id=4816]
  0x000001abfb148080 GCTaskThread "GC Thread#2" [stack: 0x0000008540200000,0x0000008540300000] [id=1224]
  0x000001abfb0c7490 GCTaskThread "GC Thread#3" [stack: 0x0000008540300000,0x0000008540400000] [id=10576]
  0x000001abde297cc0 ConcurrentGCThread "G1 Main Marker" [stack: 0x000000853f000000,0x000000853f100000] [id=10536]
  0x000001abde298560 ConcurrentGCThread "G1 Conc#0" [stack: 0x000000853f100000,0x000000853f200000] [id=7072]
  0x000001abde34e3e0 ConcurrentGCThread "G1 Refine#0" [stack: 0x000000853f200000,0x000000853f300000] [id=1916]
  0x000001abfd4f2460 ConcurrentGCThread "G1 Refine#1" [stack: 0x0000008543800000,0x0000008543900000] [id=1924]
  0x000001abfadae690 ConcurrentGCThread "G1 Refine#2" [stack: 0x0000008543900000,0x0000008543a00000] [id=7032]
  0x000001abfee29730 ConcurrentGCThread "G1 Refine#3" [stack: 0x0000008544b00000,0x0000008544c00000] [id=6260]
  0x000001abf9f640a0 ConcurrentGCThread "G1 Service" [stack: 0x000000853f300000,0x000000853f400000] [id=7608]

Threads with active compile tasks:
C2 CompilerThread0  1037452 12931       4       org.gradle.api.internal.artifacts.ModuleComponentSelectorSerializer::read (50 bytes)
C1 CompilerThread0  1037452 13047       2       io.spring.gradle.dependencymanagement.org.apache.maven.model.Model::getLicenses (23 bytes)

VM state: not at safepoint (normal execution)

VM Mutex/Monitor currently owned by a thread: None

Heap address: 0x00000000e0000000, size: 512 MB, Compressed Oops mode: 32-bit

CDS archive(s) mapped at: [0x0000000800000000-0x0000000800bb0000-0x0000000800bb0000), size 12255232, SharedBaseAddress: 0x0000000800000000, ArchiveRelocationMode: 0.
Compressed class space mapped at: 0x0000000800c00000-0x000000080dc00000, reserved size: 218103808
Narrow klass base: 0x0000000800000000, Narrow klass shift: 3, Narrow klass range: 0x100000000

GC Precious Log:
 CPUs: 4 total, 4 available
 Memory: 3500M
 Large Page Support: Disabled
 NUMA Support: Disabled
 Compressed Oops: Enabled (32-bit)
 Heap Region Size: 1M
 Heap Min Capacity: 256M
 Heap Initial Capacity: 256M
 Heap Max Capacity: 512M
 Pre-touch: Disabled
 Parallel Workers: 4
 Concurrent Workers: 1
 Concurrent Refinement Workers: 4
 Periodic GC: Disabled

Heap:
 garbage-first heap   total 266240K, used 167428K [0x00000000e0000000, 0x0000000100000000)
  region size 1024K, 45 young (46080K), 5 survivors (5120K)
 Metaspace       used 70334K, committed 71040K, reserved 278528K
  class space    used 9316K, committed 9664K, reserved 212992K

Heap Regions: E=young(eden), S=young(survivor), O=old, HS=humongous(starts), HC=humongous(continues), CS=collection set, F=free, OA=open archive, CA=closed archive, TAMS=top-at-mark-start (previous, next)
|   0|0x00000000e0000000, 0x00000000e0100000, 0x00000000e0100000|100%|HS|  |TAMS 0x00000000e0100000, 0x00000000e0100000| Complete 
|   1|0x00000000e0100000, 0x00000000e0200000, 0x00000000e0200000|100%|HC|  |TAMS 0x00000000e0200000, 0x00000000e0200000| Complete 
|   2|0x00000000e0200000, 0x00000000e0300000, 0x00000000e0300000|100%|HC|  |TAMS 0x00000000e0300000, 0x00000000e0300000| Complete 
|   3|0x00000000e0300000, 0x00000000e0400000, 0x00000000e0400000|100%| O|  |TAMS 0x00000000e0400000, 0x00000000e0400000| Untracked 
|   4|0x00000000e0400000, 0x00000000e0500000, 0x00000000e0500000|100%| O|  |TAMS 0x00000000e0500000, 0x00000000e0500000| Untracked 
|   5|0x00000000e0500000, 0x00000000e0600000, 0x00000000e0600000|100%| O|  |TAMS 0x00000000e0600000, 0x00000000e0600000| Untracked 
|   6|0x00000000e0600000, 0x00000000e0700000, 0x00000000e0700000|100%| O|  |TAMS 0x00000000e0700000, 0x00000000e0700000| Untracked 
|   7|0x00000000e0700000, 0x00000000e0800000, 0x00000000e0800000|100%| O|  |TAMS 0x00000000e0800000, 0x00000000e0800000| Untracked 
|   8|0x00000000e0800000, 0x00000000e0900000, 0x00000000e0900000|100%| O|  |TAMS 0x00000000e0900000, 0x00000000e0900000| Untracked 
|   9|0x00000000e0900000, 0x00000000e0a00000, 0x00000000e0a00000|100%| O|  |TAMS 0x00000000e0a00000, 0x00000000e0a00000| Untracked 
|  10|0x00000000e0a00000, 0x00000000e0b00000, 0x00000000e0b00000|100%| O|  |TAMS 0x00000000e0b00000, 0x00000000e0b00000| Untracked 
|  11|0x00000000e0b00000, 0x00000000e0c00000, 0x00000000e0c00000|100%| O|  |TAMS 0x00000000e0c00000, 0x00000000e0c00000| Untracked 
|  12|0x00000000e0c00000, 0x00000000e0d00000, 0x00000000e0d00000|100%| O|  |TAMS 0x00000000e0d00000, 0x00000000e0d00000| Untracked 
|  13|0x00000000e0d00000, 0x00000000e0e00000, 0x00000000e0e00000|100%| O|  |TAMS 0x00000000e0e00000, 0x00000000e0e00000| Untracked 
|  14|0x00000000e0e00000, 0x00000000e0f00000, 0x00000000e0f00000|100%| O|  |TAMS 0x00000000e0f00000, 0x00000000e0f00000| Untracked 
|  15|0x00000000e0f00000, 0x00000000e1000000, 0x00000000e1000000|100%| O|  |TAMS 0x00000000e1000000, 0x00000000e1000000| Untracked 
|  16|0x00000000e1000000, 0x00000000e1100000, 0x00000000e1100000|100%| O|  |TAMS 0x00000000e1100000, 0x00000000e1100000| Untracked 
|  17|0x00000000e1100000, 0x00000000e1200000, 0x00000000e1200000|100%| O|  |TAMS 0x00000000e1200000, 0x00000000e1200000| Untracked 
|  18|0x00000000e1200000, 0x00000000e1300000, 0x00000000e1300000|100%| O|  |TAMS 0x00000000e1300000, 0x00000000e1300000| Untracked 
|  19|0x00000000e1300000, 0x00000000e1400000, 0x00000000e1400000|100%| O|  |TAMS 0x00000000e1400000, 0x00000000e1400000| Untracked 
|  20|0x00000000e1400000, 0x00000000e1500000, 0x00000000e1500000|100%| O|  |TAMS 0x00000000e1500000, 0x00000000e1500000| Untracked 
|  21|0x00000000e1500000, 0x00000000e1600000, 0x00000000e1600000|100%| O|  |TAMS 0x00000000e1600000, 0x00000000e1600000| Untracked 
|  22|0x00000000e1600000, 0x00000000e1700000, 0x00000000e1700000|100%| O|  |TAMS 0x00000000e1700000, 0x00000000e1700000| Untracked 
|  23|0x00000000e1700000, 0x00000000e1800000, 0x00000000e1800000|100%| O|  |TAMS 0x00000000e1800000, 0x00000000e1800000| Untracked 
|  24|0x00000000e1800000, 0x00000000e1900000, 0x00000000e1900000|100%| O|  |TAMS 0x00000000e1900000, 0x00000000e1900000| Untracked 
|  25|0x00000000e1900000, 0x00000000e1a00000, 0x00000000e1a00000|100%| O|  |TAMS 0x00000000e1a00000, 0x00000000e1a00000| Untracked 
|  26|0x00000000e1a00000, 0x00000000e1b00000, 0x00000000e1b00000|100%| O|  |TAMS 0x00000000e1b00000, 0x00000000e1b00000| Untracked 
|  27|0x00000000e1b00000, 0x00000000e1c00000, 0x00000000e1c00000|100%| O|  |TAMS 0x00000000e1c00000, 0x00000000e1c00000| Untracked 
|  28|0x00000000e1c00000, 0x00000000e1d00000, 0x00000000e1d00000|100%| O|  |TAMS 0x00000000e1d00000, 0x00000000e1d00000| Untracked 
|  29|0x00000000e1d00000, 0x00000000e1e00000, 0x00000000e1e00000|100%| O|  |TAMS 0x00000000e1e00000, 0x00000000e1e00000| Untracked 
|  30|0x00000000e1e00000, 0x00000000e1f00000, 0x00000000e1f00000|100%| O|  |TAMS 0x00000000e1f00000, 0x00000000e1f00000| Untracked 
|  31|0x00000000e1f00000, 0x00000000e2000000, 0x00000000e2000000|100%| O|  |TAMS 0x00000000e2000000, 0x00000000e2000000| Untracked 
|  32|0x00000000e2000000, 0x00000000e2100000, 0x00000000e2100000|100%| O|  |TAMS 0x00000000e2100000, 0x00000000e2100000| Untracked 
|  33|0x00000000e2100000, 0x00000000e2200000, 0x00000000e2200000|100%| O|  |TAMS 0x00000000e2200000, 0x00000000e2200000| Untracked 
|  34|0x00000000e2200000, 0x00000000e2300000, 0x00000000e2300000|100%| O|  |TAMS 0x00000000e2300000, 0x00000000e2300000| Untracked 
|  35|0x00000000e2300000, 0x00000000e2400000, 0x00000000e2400000|100%| O|  |TAMS 0x00000000e2400000, 0x00000000e2400000| Untracked 
|  36|0x00000000e2400000, 0x00000000e2500000, 0x00000000e2500000|100%| O|  |TAMS 0x00000000e2500000, 0x00000000e2500000| Untracked 
|  37|0x00000000e2500000, 0x00000000e2600000, 0x00000000e2600000|100%| O|  |TAMS 0x00000000e2600000, 0x00000000e2600000| Untracked 
|  38|0x00000000e2600000, 0x00000000e2700000, 0x00000000e2700000|100%| O|  |TAMS 0x00000000e2700000, 0x00000000e2700000| Untracked 
|  39|0x00000000e2700000, 0x00000000e2800000, 0x00000000e2800000|100%| O|  |TAMS 0x00000000e2800000, 0x00000000e2800000| Untracked 
|  40|0x00000000e2800000, 0x00000000e2900000, 0x00000000e2900000|100%| O|  |TAMS 0x00000000e2900000, 0x00000000e2900000| Untracked 
|  41|0x00000000e2900000, 0x00000000e2a00000, 0x00000000e2a00000|100%| O|  |TAMS 0x00000000e2a00000, 0x00000000e2a00000| Untracked 
|  42|0x00000000e2a00000, 0x00000000e2b00000, 0x00000000e2b00000|100%| O|  |TAMS 0x00000000e2b00000, 0x00000000e2b00000| Untracked 
|  43|0x00000000e2b00000, 0x00000000e2c00000, 0x00000000e2c00000|100%| O|  |TAMS 0x00000000e2c00000, 0x00000000e2c00000| Untracked 
|  44|0x00000000e2c00000, 0x00000000e2d00000, 0x00000000e2d00000|100%| O|  |TAMS 0x00000000e2d00000, 0x00000000e2d00000| Untracked 
|  45|0x00000000e2d00000, 0x00000000e2e00000, 0x00000000e2e00000|100%| O|  |TAMS 0x00000000e2e00000, 0x00000000e2e00000| Untracked 
|  46|0x00000000e2e00000, 0x00000000e2f00000, 0x00000000e2f00000|100%| O|  |TAMS 0x00000000e2ed7800, 0x00000000e2f00000| Untracked 
|  47|0x00000000e2f00000, 0x00000000e3000000, 0x00000000e3000000|100%| O|  |TAMS 0x00000000e2f00000, 0x00000000e3000000| Untracked 
|  48|0x00000000e3000000, 0x00000000e3100000, 0x00000000e3100000|100%| O|  |TAMS 0x00000000e3000000, 0x00000000e3100000| Untracked 
|  49|0x00000000e3100000, 0x00000000e3200000, 0x00000000e3200000|100%| O|  |TAMS 0x00000000e3100000, 0x00000000e3200000| Untracked 
|  50|0x00000000e3200000, 0x00000000e3300000, 0x00000000e3300000|100%| O|  |TAMS 0x00000000e3200000, 0x00000000e3300000| Untracked 
|  51|0x00000000e3300000, 0x00000000e3400000, 0x00000000e3400000|100%| O|  |TAMS 0x00000000e3300000, 0x00000000e3400000| Untracked 
|  52|0x00000000e3400000, 0x00000000e3500000, 0x00000000e3500000|100%| O|  |TAMS 0x00000000e3400000, 0x00000000e3500000| Untracked 
|  53|0x00000000e3500000, 0x00000000e3600000, 0x00000000e3600000|100%| O|  |TAMS 0x00000000e3500000, 0x00000000e3600000| Untracked 
|  54|0x00000000e3600000, 0x00000000e3700000, 0x00000000e3700000|100%| O|  |TAMS 0x00000000e3600000, 0x00000000e3700000| Untracked 
|  55|0x00000000e3700000, 0x00000000e3800000, 0x00000000e3800000|100%| O|  |TAMS 0x00000000e3700000, 0x00000000e3800000| Untracked 
|  56|0x00000000e3800000, 0x00000000e3900000, 0x00000000e3900000|100%| O|  |TAMS 0x00000000e3800000, 0x00000000e3900000| Untracked 
|  57|0x00000000e3900000, 0x00000000e3a00000, 0x00000000e3a00000|100%| O|  |TAMS 0x00000000e3900000, 0x00000000e3a00000| Untracked 
|  58|0x00000000e3a00000, 0x00000000e3b00000, 0x00000000e3b00000|100%| O|  |TAMS 0x00000000e3a00000, 0x00000000e3b00000| Untracked 
|  59|0x00000000e3b00000, 0x00000000e3c00000, 0x00000000e3c00000|100%|HS|  |TAMS 0x00000000e3b00000, 0x00000000e3c00000| Complete 
|  60|0x00000000e3c00000, 0x00000000e3d00000, 0x00000000e3d00000|100%| O|  |TAMS 0x00000000e3c00000, 0x00000000e3d00000| Untracked 
|  61|0x00000000e3d00000, 0x00000000e3e00000, 0x00000000e3e00000|100%|HS|  |TAMS 0x00000000e3d00000, 0x00000000e3e00000| Complete 
|  62|0x00000000e3e00000, 0x00000000e3f00000, 0x00000000e3f00000|100%|HS|  |TAMS 0x00000000e3e00000, 0x00000000e3f00000| Complete 
|  63|0x00000000e3f00000, 0x00000000e4000000, 0x00000000e4000000|100%|HC|  |TAMS 0x00000000e3f00000, 0x00000000e4000000| Complete 
|  64|0x00000000e4000000, 0x00000000e4100000, 0x00000000e4100000|100%|HS|  |TAMS 0x00000000e4000000, 0x00000000e4100000| Complete 
|  65|0x00000000e4100000, 0x00000000e4200000, 0x00000000e4200000|100%|HC|  |TAMS 0x00000000e4100000, 0x00000000e4200000| Complete 
|  66|0x00000000e4200000, 0x00000000e4300000, 0x00000000e4300000|100%|HC|  |TAMS 0x00000000e4200000, 0x00000000e4300000| Complete 
|  67|0x00000000e4300000, 0x00000000e4400000, 0x00000000e4400000|100%|HS|  |TAMS 0x00000000e4300000, 0x00000000e4400000| Complete 
|  68|0x00000000e4400000, 0x00000000e4500000, 0x00000000e4500000|100%|HC|  |TAMS 0x00000000e4400000, 0x00000000e4500000| Complete 
|  69|0x00000000e4500000, 0x00000000e4600000, 0x00000000e4600000|100%|HC|  |TAMS 0x00000000e4500000, 0x00000000e4600000| Complete 
|  70|0x00000000e4600000, 0x00000000e4700000, 0x00000000e4700000|100%|HC|  |TAMS 0x00000000e4600000, 0x00000000e4700000| Complete 
|  71|0x00000000e4700000, 0x00000000e4800000, 0x00000000e4800000|100%|HS|  |TAMS 0x00000000e4700000, 0x00000000e4800000| Complete 
|  72|0x00000000e4800000, 0x00000000e4900000, 0x00000000e4900000|100%|HC|  |TAMS 0x00000000e4800000, 0x00000000e4900000| Complete 
|  73|0x00000000e4900000, 0x00000000e4a00000, 0x00000000e4a00000|100%|HC|  |TAMS 0x00000000e4900000, 0x00000000e4a00000| Complete 
|  74|0x00000000e4a00000, 0x00000000e4b00000, 0x00000000e4b00000|100%|HC|  |TAMS 0x00000000e4a00000, 0x00000000e4b00000| Complete 
|  75|0x00000000e4b00000, 0x00000000e4c00000, 0x00000000e4c00000|100%|HS|  |TAMS 0x00000000e4b00000, 0x00000000e4c00000| Complete 
|  76|0x00000000e4c00000, 0x00000000e4d00000, 0x00000000e4d00000|100%|HC|  |TAMS 0x00000000e4c00000, 0x00000000e4d00000| Complete 
|  77|0x00000000e4d00000, 0x00000000e4e00000, 0x00000000e4e00000|100%|HC|  |TAMS 0x00000000e4d00000, 0x00000000e4e00000| Complete 
|  78|0x00000000e4e00000, 0x00000000e4f00000, 0x00000000e4f00000|100%|HC|  |TAMS 0x00000000e4e00000, 0x00000000e4f00000| Complete 
|  79|0x00000000e4f00000, 0x00000000e5000000, 0x00000000e5000000|100%|HS|  |TAMS 0x00000000e4f00000, 0x00000000e5000000| Complete 
|  80|0x00000000e5000000, 0x00000000e5100000, 0x00000000e5100000|100%|HS|  |TAMS 0x00000000e5000000, 0x00000000e5100000| Complete 
|  81|0x00000000e5100000, 0x00000000e5200000, 0x00000000e5200000|100%|HC|  |TAMS 0x00000000e5100000, 0x00000000e5200000| Complete 
|  82|0x00000000e5200000, 0x00000000e5300000, 0x00000000e5300000|100%|HC|  |TAMS 0x00000000e5200000, 0x00000000e5300000| Complete 
|  83|0x00000000e5300000, 0x00000000e5400000, 0x00000000e5400000|100%|HS|  |TAMS 0x00000000e5300000, 0x00000000e5400000| Complete 
|  84|0x00000000e5400000, 0x00000000e5500000, 0x00000000e5500000|100%|HC|  |TAMS 0x00000000e5400000, 0x00000000e5500000| Complete 
|  85|0x00000000e5500000, 0x00000000e5600000, 0x00000000e5600000|100%|HC|  |TAMS 0x00000000e5500000, 0x00000000e5600000| Complete 
|  86|0x00000000e5600000, 0x00000000e5700000, 0x00000000e5700000|100%|HC|  |TAMS 0x00000000e5600000, 0x00000000e5700000| Complete 
|  87|0x00000000e5700000, 0x00000000e5800000, 0x00000000e5800000|100%| O|  |TAMS 0x00000000e5700000, 0x00000000e5800000| Untracked 
|  88|0x00000000e5800000, 0x00000000e5900000, 0x00000000e5900000|100%| O|  |TAMS 0x00000000e5800000, 0x00000000e5900000| Untracked 
|  89|0x00000000e5900000, 0x00000000e5a00000, 0x00000000e5a00000|100%| O|  |TAMS 0x00000000e5900000, 0x00000000e5a00000| Untracked 
|  90|0x00000000e5a00000, 0x00000000e5b00000, 0x00000000e5b00000|100%| O|  |TAMS 0x00000000e5a00000, 0x00000000e5b00000| Untracked 
|  91|0x00000000e5b00000, 0x00000000e5c00000, 0x00000000e5c00000|100%| O|  |TAMS 0x00000000e5b00000, 0x00000000e5c00000| Untracked 
|  92|0x00000000e5c00000, 0x00000000e5d00000, 0x00000000e5d00000|100%| O|  |TAMS 0x00000000e5c00000, 0x00000000e5d00000| Untracked 
|  93|0x00000000e5d00000, 0x00000000e5e00000, 0x00000000e5e00000|100%| O|  |TAMS 0x00000000e5d00000, 0x00000000e5e00000| Untracked 
|  94|0x00000000e5e00000, 0x00000000e5f00000, 0x00000000e5f00000|100%| O|  |TAMS 0x00000000e5e00000, 0x00000000e5f00000| Untracked 
|  95|0x00000000e5f00000, 0x00000000e6000000, 0x00000000e6000000|100%| O|  |TAMS 0x00000000e5f00000, 0x00000000e6000000| Untracked 
|  96|0x00000000e6000000, 0x00000000e6100000, 0x00000000e6100000|100%| O|  |TAMS 0x00000000e6000000, 0x00000000e6100000| Untracked 
|  97|0x00000000e6100000, 0x00000000e6200000, 0x00000000e6200000|100%| O|  |TAMS 0x00000000e6100000, 0x00000000e6200000| Untracked 
|  98|0x00000000e6200000, 0x00000000e6300000, 0x00000000e6300000|100%| O|  |TAMS 0x00000000e6200000, 0x00000000e6300000| Untracked 
|  99|0x00000000e6300000, 0x00000000e638d800, 0x00000000e6400000| 55%| O|  |TAMS 0x00000000e6300000, 0x00000000e638d800| Untracked 
| 100|0x00000000e6400000, 0x00000000e6500000, 0x00000000e6500000|100%|HS|  |TAMS 0x00000000e6400000, 0x00000000e6500000| Complete 
| 101|0x00000000e6500000, 0x00000000e6600000, 0x00000000e6600000|100%|HC|  |TAMS 0x00000000e6500000, 0x00000000e6600000| Complete 
| 102|0x00000000e6600000, 0x00000000e6600000, 0x00000000e6700000|  0%| F|  |TAMS 0x00000000e6600000, 0x00000000e6600000| Untracked 
| 103|0x00000000e6700000, 0x00000000e6800000, 0x00000000e6800000|100%| O|  |TAMS 0x00000000e6700000, 0x00000000e6800000| Untracked 
| 104|0x00000000e6800000, 0x00000000e6900000, 0x00000000e6900000|100%| O|  |TAMS 0x00000000e6800000, 0x00000000e6900000| Untracked 
| 105|0x00000000e6900000, 0x00000000e6a00000, 0x00000000e6a00000|100%| O|  |TAMS 0x00000000e6900000, 0x00000000e6a00000| Untracked 
| 106|0x00000000e6a00000, 0x00000000e6b00000, 0x00000000e6b00000|100%| O|  |TAMS 0x00000000e6a00000, 0x00000000e6b00000| Untracked 
| 107|0x00000000e6b00000, 0x00000000e6c00000, 0x00000000e6c00000|100%| O|  |TAMS 0x00000000e6b00000, 0x00000000e6c00000| Untracked 
| 108|0x00000000e6c00000, 0x00000000e6d00000, 0x00000000e6d00000|100%| O|  |TAMS 0x00000000e6c00000, 0x00000000e6d00000| Untracked 
| 109|0x00000000e6d00000, 0x00000000e6e00000, 0x00000000e6e00000|100%|HS|  |TAMS 0x00000000e6d00000, 0x00000000e6e00000| Complete 
| 110|0x00000000e6e00000, 0x00000000e6f00000, 0x00000000e6f00000|100%|HC|  |TAMS 0x00000000e6e00000, 0x00000000e6f00000| Complete 
| 111|0x00000000e6f00000, 0x00000000e7000000, 0x00000000e7000000|100%|HC|  |TAMS 0x00000000e6f00000, 0x00000000e7000000| Complete 
| 112|0x00000000e7000000, 0x00000000e7100000, 0x00000000e7100000|100%|HS|  |TAMS 0x00000000e7000000, 0x00000000e7100000| Complete 
| 113|0x00000000e7100000, 0x00000000e7200000, 0x00000000e7200000|100%|HC|  |TAMS 0x00000000e7100000, 0x00000000e7200000| Complete 
| 114|0x00000000e7200000, 0x00000000e7300000, 0x00000000e7300000|100%|HC|  |TAMS 0x00000000e7200000, 0x00000000e7300000| Complete 
| 115|0x00000000e7300000, 0x00000000e7400000, 0x00000000e7400000|100%|HC|  |TAMS 0x00000000e7300000, 0x00000000e7400000| Complete 
| 116|0x00000000e7400000, 0x00000000e7500000, 0x00000000e7500000|100%|HS|  |TAMS 0x00000000e7400000, 0x00000000e7400000| Complete 
| 117|0x00000000e7500000, 0x00000000e7600000, 0x00000000e7600000|100%|HC|  |TAMS 0x00000000e7500000, 0x00000000e7500000| Complete 
| 118|0x00000000e7600000, 0x00000000e7700000, 0x00000000e7700000|100%|HC|  |TAMS 0x00000000e7600000, 0x00000000e7600000| Complete 
| 119|0x00000000e7700000, 0x00000000e7800000, 0x00000000e7800000|100%|HC|  |TAMS 0x00000000e7700000, 0x00000000e7700000| Complete 
| 120|0x00000000e7800000, 0x00000000e7800000, 0x00000000e7900000|  0%| F|  |TAMS 0x00000000e7800000, 0x00000000e7800000| Untracked 
| 121|0x00000000e7900000, 0x00000000e7900000, 0x00000000e7a00000|  0%| F|  |TAMS 0x00000000e7900000, 0x00000000e7900000| Untracked 
| 122|0x00000000e7a00000, 0x00000000e7a00000, 0x00000000e7b00000|  0%| F|  |TAMS 0x00000000e7a00000, 0x00000000e7a00000| Untracked 
| 123|0x00000000e7b00000, 0x00000000e7b00000, 0x00000000e7c00000|  0%| F|  |TAMS 0x00000000e7b00000, 0x00000000e7b00000| Untracked 
| 124|0x00000000e7c00000, 0x00000000e7c00000, 0x00000000e7d00000|  0%| F|  |TAMS 0x00000000e7c00000, 0x00000000e7c00000| Untracked 
| 125|0x00000000e7d00000, 0x00000000e7d00000, 0x00000000e7e00000|  0%| F|  |TAMS 0x00000000e7d00000, 0x00000000e7d00000| Untracked 
| 126|0x00000000e7e00000, 0x00000000e7e00000, 0x00000000e7f00000|  0%| F|  |TAMS 0x00000000e7e00000, 0x00000000e7e00000| Untracked 
| 127|0x00000000e7f00000, 0x00000000e7f00000, 0x00000000e8000000|  0%| F|  |TAMS 0x00000000e7f00000, 0x00000000e7f00000| Untracked 
| 128|0x00000000e8000000, 0x00000000e8000000, 0x00000000e8100000|  0%| F|  |TAMS 0x00000000e8000000, 0x00000000e8000000| Untracked 
| 129|0x00000000e8100000, 0x00000000e8100000, 0x00000000e8200000|  0%| F|  |TAMS 0x00000000e8100000, 0x00000000e8100000| Untracked 
| 130|0x00000000e8200000, 0x00000000e8200000, 0x00000000e8300000|  0%| F|  |TAMS 0x00000000e8200000, 0x00000000e8200000| Untracked 
| 131|0x00000000e8300000, 0x00000000e8300000, 0x00000000e8400000|  0%| F|  |TAMS 0x00000000e8300000, 0x00000000e8300000| Untracked 
| 132|0x00000000e8400000, 0x00000000e8400000, 0x00000000e8500000|  0%| F|  |TAMS 0x00000000e8400000, 0x00000000e8400000| Untracked 
| 133|0x00000000e8500000, 0x00000000e8500000, 0x00000000e8600000|  0%| F|  |TAMS 0x00000000e8500000, 0x00000000e8500000| Untracked 
| 134|0x00000000e8600000, 0x00000000e8600000, 0x00000000e8700000|  0%| F|  |TAMS 0x00000000e8600000, 0x00000000e8600000| Untracked 
| 135|0x00000000e8700000, 0x00000000e8700000, 0x00000000e8800000|  0%| F|  |TAMS 0x00000000e8700000, 0x00000000e8700000| Untracked 
| 136|0x00000000e8800000, 0x00000000e8800000, 0x00000000e8900000|  0%| F|  |TAMS 0x00000000e8800000, 0x00000000e8800000| Untracked 
| 137|0x00000000e8900000, 0x00000000e8900000, 0x00000000e8a00000|  0%| F|  |TAMS 0x00000000e8900000, 0x00000000e8900000| Untracked 
| 138|0x00000000e8a00000, 0x00000000e8a00000, 0x00000000e8b00000|  0%| F|  |TAMS 0x00000000e8a00000, 0x00000000e8a00000| Untracked 
| 139|0x00000000e8b00000, 0x00000000e8b00000, 0x00000000e8c00000|  0%| F|  |TAMS 0x00000000e8b00000, 0x00000000e8b00000| Untracked 
| 140|0x00000000e8c00000, 0x00000000e8c00000, 0x00000000e8d00000|  0%| F|  |TAMS 0x00000000e8c00000, 0x00000000e8c00000| Untracked 
| 141|0x00000000e8d00000, 0x00000000e8d00000, 0x00000000e8e00000|  0%| F|  |TAMS 0x00000000e8d00000, 0x00000000e8d00000| Untracked 
| 142|0x00000000e8e00000, 0x00000000e8e00000, 0x00000000e8f00000|  0%| F|  |TAMS 0x00000000e8e00000, 0x00000000e8e00000| Untracked 
| 143|0x00000000e8f00000, 0x00000000e8f00000, 0x00000000e9000000|  0%| F|  |TAMS 0x00000000e8f00000, 0x00000000e8f00000| Untracked 
| 144|0x00000000e9000000, 0x00000000e9000000, 0x00000000e9100000|  0%| F|  |TAMS 0x00000000e9000000, 0x00000000e9000000| Untracked 
| 145|0x00000000e9100000, 0x00000000e9100000, 0x00000000e9200000|  0%| F|  |TAMS 0x00000000e9100000, 0x00000000e9100000| Untracked 
| 146|0x00000000e9200000, 0x00000000e9200000, 0x00000000e9300000|  0%| F|  |TAMS 0x00000000e9200000, 0x00000000e9200000| Untracked 
| 147|0x00000000e9300000, 0x00000000e9300000, 0x00000000e9400000|  0%| F|  |TAMS 0x00000000e9300000, 0x00000000e9300000| Untracked 
| 148|0x00000000e9400000, 0x00000000e9400000, 0x00000000e9500000|  0%| F|  |TAMS 0x00000000e9400000, 0x00000000e9400000| Untracked 
| 149|0x00000000e9500000, 0x00000000e9500000, 0x00000000e9600000|  0%| F|  |TAMS 0x00000000e9500000, 0x00000000e9500000| Untracked 
| 150|0x00000000e9600000, 0x00000000e9600000, 0x00000000e9700000|  0%| F|  |TAMS 0x00000000e9600000, 0x00000000e9600000| Untracked 
| 151|0x00000000e9700000, 0x00000000e9700000, 0x00000000e9800000|  0%| F|  |TAMS 0x00000000e9700000, 0x00000000e9700000| Untracked 
| 152|0x00000000e9800000, 0x00000000e9800000, 0x00000000e9900000|  0%| F|  |TAMS 0x00000000e9800000, 0x00000000e9800000| Untracked 
| 153|0x00000000e9900000, 0x00000000e9900000, 0x00000000e9a00000|  0%| F|  |TAMS 0x00000000e9900000, 0x00000000e9900000| Untracked 
| 154|0x00000000e9a00000, 0x00000000e9a00000, 0x00000000e9b00000|  0%| F|  |TAMS 0x00000000e9a00000, 0x00000000e9a00000| Untracked 
| 155|0x00000000e9b00000, 0x00000000e9b00000, 0x00000000e9c00000|  0%| F|  |TAMS 0x00000000e9b00000, 0x00000000e9b00000| Untracked 
| 156|0x00000000e9c00000, 0x00000000e9c00000, 0x00000000e9d00000|  0%| F|  |TAMS 0x00000000e9c00000, 0x00000000e9c00000| Untracked 
| 157|0x00000000e9d00000, 0x00000000e9d00000, 0x00000000e9e00000|  0%| F|  |TAMS 0x00000000e9d00000, 0x00000000e9d00000| Untracked 
| 158|0x00000000e9e00000, 0x00000000e9e00000, 0x00000000e9f00000|  0%| F|  |TAMS 0x00000000e9e00000, 0x00000000e9e00000| Untracked 
| 159|0x00000000e9f00000, 0x00000000e9f00000, 0x00000000ea000000|  0%| F|  |TAMS 0x00000000e9f00000, 0x00000000e9f00000| Untracked 
| 160|0x00000000ea000000, 0x00000000ea000000, 0x00000000ea100000|  0%| F|  |TAMS 0x00000000ea000000, 0x00000000ea000000| Untracked 
| 161|0x00000000ea100000, 0x00000000ea100000, 0x00000000ea200000|  0%| F|  |TAMS 0x00000000ea100000, 0x00000000ea100000| Untracked 
| 162|0x00000000ea200000, 0x00000000ea200000, 0x00000000ea300000|  0%| F|  |TAMS 0x00000000ea200000, 0x00000000ea200000| Untracked 
| 163|0x00000000ea300000, 0x00000000ea300000, 0x00000000ea400000|  0%| F|  |TAMS 0x00000000ea300000, 0x00000000ea300000| Untracked 
| 164|0x00000000ea400000, 0x00000000ea400000, 0x00000000ea500000|  0%| F|  |TAMS 0x00000000ea400000, 0x00000000ea400000| Untracked 
| 165|0x00000000ea500000, 0x00000000ea500000, 0x00000000ea600000|  0%| F|  |TAMS 0x00000000ea500000, 0x00000000ea500000| Untracked 
| 166|0x00000000ea600000, 0x00000000ea600000, 0x00000000ea700000|  0%| F|  |TAMS 0x00000000ea600000, 0x00000000ea600000| Untracked 
| 167|0x00000000ea700000, 0x00000000ea700000, 0x00000000ea800000|  0%| F|  |TAMS 0x00000000ea700000, 0x00000000ea700000| Untracked 
| 168|0x00000000ea800000, 0x00000000ea800000, 0x00000000ea900000|  0%| F|  |TAMS 0x00000000ea800000, 0x00000000ea800000| Untracked 
| 169|0x00000000ea900000, 0x00000000ea900000, 0x00000000eaa00000|  0%| F|  |TAMS 0x00000000ea900000, 0x00000000ea900000| Untracked 
| 170|0x00000000eaa00000, 0x00000000eaa00000, 0x00000000eab00000|  0%| F|  |TAMS 0x00000000eaa00000, 0x00000000eaa00000| Untracked 
| 171|0x00000000eab00000, 0x00000000eab00000, 0x00000000eac00000|  0%| F|  |TAMS 0x00000000eab00000, 0x00000000eab00000| Untracked 
| 172|0x00000000eac00000, 0x00000000eac00000, 0x00000000ead00000|  0%| F|  |TAMS 0x00000000eac00000, 0x00000000eac00000| Untracked 
| 173|0x00000000ead00000, 0x00000000ead00000, 0x00000000eae00000|  0%| F|  |TAMS 0x00000000ead00000, 0x00000000ead00000| Untracked 
| 174|0x00000000eae00000, 0x00000000eae00000, 0x00000000eaf00000|  0%| F|  |TAMS 0x00000000eae00000, 0x00000000eae00000| Untracked 
| 175|0x00000000eaf00000, 0x00000000eaf00000, 0x00000000eb000000|  0%| F|  |TAMS 0x00000000eaf00000, 0x00000000eaf00000| Untracked 
| 176|0x00000000eb000000, 0x00000000eb000000, 0x00000000eb100000|  0%| F|  |TAMS 0x00000000eb000000, 0x00000000eb000000| Untracked 
| 177|0x00000000eb100000, 0x00000000eb100000, 0x00000000eb200000|  0%| F|  |TAMS 0x00000000eb100000, 0x00000000eb100000| Untracked 
| 178|0x00000000eb200000, 0x00000000eb200000, 0x00000000eb300000|  0%| F|  |TAMS 0x00000000eb200000, 0x00000000eb200000| Untracked 
| 179|0x00000000eb300000, 0x00000000eb300000, 0x00000000eb400000|  0%| F|  |TAMS 0x00000000eb300000, 0x00000000eb300000| Untracked 
| 180|0x00000000eb400000, 0x00000000eb400000, 0x00000000eb500000|  0%| F|  |TAMS 0x00000000eb400000, 0x00000000eb400000| Untracked 
| 181|0x00000000eb500000, 0x00000000eb500000, 0x00000000eb600000|  0%| F|  |TAMS 0x00000000eb500000, 0x00000000eb500000| Untracked 
| 182|0x00000000eb600000, 0x00000000eb600000, 0x00000000eb700000|  0%| F|  |TAMS 0x00000000eb600000, 0x00000000eb600000| Untracked 
| 183|0x00000000eb700000, 0x00000000eb700000, 0x00000000eb800000|  0%| F|  |TAMS 0x00000000eb700000, 0x00000000eb700000| Untracked 
| 184|0x00000000eb800000, 0x00000000eb800000, 0x00000000eb900000|  0%| F|  |TAMS 0x00000000eb800000, 0x00000000eb800000| Untracked 
| 185|0x00000000eb900000, 0x00000000eb900000, 0x00000000eba00000|  0%| F|  |TAMS 0x00000000eb900000, 0x00000000eb900000| Untracked 
| 186|0x00000000eba00000, 0x00000000eba00000, 0x00000000ebb00000|  0%| F|  |TAMS 0x00000000eba00000, 0x00000000eba00000| Untracked 
| 187|0x00000000ebb00000, 0x00000000ebb00000, 0x00000000ebc00000|  0%| F|  |TAMS 0x00000000ebb00000, 0x00000000ebb00000| Untracked 
| 188|0x00000000ebc00000, 0x00000000ebc00000, 0x00000000ebd00000|  0%| F|  |TAMS 0x00000000ebc00000, 0x00000000ebc00000| Untracked 
| 189|0x00000000ebd00000, 0x00000000ebd00000, 0x00000000ebe00000|  0%| F|  |TAMS 0x00000000ebd00000, 0x00000000ebd00000| Untracked 
| 190|0x00000000ebe00000, 0x00000000ebe00000, 0x00000000ebf00000|  0%| F|  |TAMS 0x00000000ebe00000, 0x00000000ebe00000| Untracked 
| 191|0x00000000ebf00000, 0x00000000ebf00000, 0x00000000ec000000|  0%| F|  |TAMS 0x00000000ebf00000, 0x00000000ebf00000| Untracked 
| 192|0x00000000ec000000, 0x00000000ec000000, 0x00000000ec100000|  0%| F|  |TAMS 0x00000000ec000000, 0x00000000ec000000| Untracked 
| 193|0x00000000ec100000, 0x00000000ec100000, 0x00000000ec200000|  0%| F|  |TAMS 0x00000000ec100000, 0x00000000ec100000| Untracked 
| 194|0x00000000ec200000, 0x00000000ec200000, 0x00000000ec300000|  0%| F|  |TAMS 0x00000000ec200000, 0x00000000ec200000| Untracked 
| 195|0x00000000ec300000, 0x00000000ec300000, 0x00000000ec400000|  0%| F|  |TAMS 0x00000000ec300000, 0x00000000ec300000| Untracked 
| 196|0x00000000ec400000, 0x00000000ec400000, 0x00000000ec500000|  0%| F|  |TAMS 0x00000000ec400000, 0x00000000ec400000| Untracked 
| 197|0x00000000ec500000, 0x00000000ec500000, 0x00000000ec600000|  0%| F|  |TAMS 0x00000000ec500000, 0x00000000ec500000| Untracked 
| 198|0x00000000ec600000, 0x00000000ec600000, 0x00000000ec700000|  0%| F|  |TAMS 0x00000000ec600000, 0x00000000ec600000| Untracked 
| 199|0x00000000ec700000, 0x00000000ec700000, 0x00000000ec800000|  0%| F|  |TAMS 0x00000000ec700000, 0x00000000ec700000| Untracked 
| 200|0x00000000ec800000, 0x00000000ec800000, 0x00000000ec900000|  0%| F|  |TAMS 0x00000000ec800000, 0x00000000ec800000| Untracked 
| 201|0x00000000ec900000, 0x00000000ec900000, 0x00000000eca00000|  0%| F|  |TAMS 0x00000000ec900000, 0x00000000ec900000| Untracked 
| 202|0x00000000eca00000, 0x00000000eca00000, 0x00000000ecb00000|  0%| F|  |TAMS 0x00000000eca00000, 0x00000000eca00000| Untracked 
| 203|0x00000000ecb00000, 0x00000000ecb00000, 0x00000000ecc00000|  0%| F|  |TAMS 0x00000000ecb00000, 0x00000000ecb00000| Untracked 
| 204|0x00000000ecc00000, 0x00000000ecc00000, 0x00000000ecd00000|  0%| F|  |TAMS 0x00000000ecc00000, 0x00000000ecc00000| Untracked 
| 205|0x00000000ecd00000, 0x00000000ecd00000, 0x00000000ece00000|  0%| F|  |TAMS 0x00000000ecd00000, 0x00000000ecd00000| Untracked 
| 206|0x00000000ece00000, 0x00000000ece00000, 0x00000000ecf00000|  0%| F|  |TAMS 0x00000000ece00000, 0x00000000ece00000| Untracked 
| 207|0x00000000ecf00000, 0x00000000ecf00000, 0x00000000ed000000|  0%| F|  |TAMS 0x00000000ecf00000, 0x00000000ecf00000| Untracked 
| 208|0x00000000ed000000, 0x00000000ed000000, 0x00000000ed100000|  0%| F|  |TAMS 0x00000000ed000000, 0x00000000ed000000| Untracked 
| 209|0x00000000ed100000, 0x00000000ed100000, 0x00000000ed200000|  0%| F|  |TAMS 0x00000000ed100000, 0x00000000ed100000| Untracked 
| 210|0x00000000ed200000, 0x00000000ed200000, 0x00000000ed300000|  0%| F|  |TAMS 0x00000000ed200000, 0x00000000ed200000| Untracked 
| 211|0x00000000ed300000, 0x00000000ed300000, 0x00000000ed400000|  0%| F|  |TAMS 0x00000000ed300000, 0x00000000ed300000| Untracked 
| 212|0x00000000ed400000, 0x00000000ed400000, 0x00000000ed500000|  0%| F|  |TAMS 0x00000000ed400000, 0x00000000ed400000| Untracked 
| 213|0x00000000ed500000, 0x00000000ed500000, 0x00000000ed600000|  0%| F|  |TAMS 0x00000000ed500000, 0x00000000ed500000| Untracked 
| 214|0x00000000ed600000, 0x00000000ed6bb760, 0x00000000ed700000| 73%| E|  |TAMS 0x00000000ed600000, 0x00000000ed600000| Complete 
| 215|0x00000000ed700000, 0x00000000ed800000, 0x00000000ed800000|100%| E|CS|TAMS 0x00000000ed700000, 0x00000000ed700000| Complete 
| 216|0x00000000ed800000, 0x00000000ed900000, 0x00000000ed900000|100%| E|CS|TAMS 0x00000000ed800000, 0x00000000ed800000| Complete 
| 217|0x00000000ed900000, 0x00000000eda00000, 0x00000000eda00000|100%| E|CS|TAMS 0x00000000ed900000, 0x00000000ed900000| Complete 
| 218|0x00000000eda00000, 0x00000000edb00000, 0x00000000edb00000|100%| E|CS|TAMS 0x00000000eda00000, 0x00000000eda00000| Complete 
| 219|0x00000000edb00000, 0x00000000edc00000, 0x00000000edc00000|100%| E|CS|TAMS 0x00000000edb00000, 0x00000000edb00000| Complete 
| 220|0x00000000edc00000, 0x00000000edd00000, 0x00000000edd00000|100%| E|CS|TAMS 0x00000000edc00000, 0x00000000edc00000| Complete 
| 221|0x00000000edd00000, 0x00000000ede00000, 0x00000000ede00000|100%| E|CS|TAMS 0x00000000edd00000, 0x00000000edd00000| Complete 
| 222|0x00000000ede00000, 0x00000000edf00000, 0x00000000edf00000|100%| E|CS|TAMS 0x00000000ede00000, 0x00000000ede00000| Complete 
| 223|0x00000000edf00000, 0x00000000ee000000, 0x00000000ee000000|100%| E|CS|TAMS 0x00000000edf00000, 0x00000000edf00000| Complete 
| 224|0x00000000ee000000, 0x00000000ee100000, 0x00000000ee100000|100%| E|CS|TAMS 0x00000000ee000000, 0x00000000ee000000| Complete 
| 225|0x00000000ee100000, 0x00000000ee200000, 0x00000000ee200000|100%| E|CS|TAMS 0x00000000ee100000, 0x00000000ee100000| Complete 
| 226|0x00000000ee200000, 0x00000000ee2f38e0, 0x00000000ee300000| 95%| S|CS|TAMS 0x00000000ee200000, 0x00000000ee200000| Complete 
| 227|0x00000000ee300000, 0x00000000ee400000, 0x00000000ee400000|100%| S|CS|TAMS 0x00000000ee300000, 0x00000000ee300000| Complete 
| 228|0x00000000ee400000, 0x00000000ee500000, 0x00000000ee500000|100%| S|CS|TAMS 0x00000000ee400000, 0x00000000ee400000| Complete 
| 229|0x00000000ee500000, 0x00000000ee600000, 0x00000000ee600000|100%| S|CS|TAMS 0x00000000ee500000, 0x00000000ee500000| Complete 
| 230|0x00000000ee600000, 0x00000000ee700000, 0x00000000ee700000|100%| S|CS|TAMS 0x00000000ee600000, 0x00000000ee600000| Complete 
| 231|0x00000000ee700000, 0x00000000ee800000, 0x00000000ee800000|100%| E|CS|TAMS 0x00000000ee700000, 0x00000000ee700000| Complete 
| 232|0x00000000ee800000, 0x00000000ee900000, 0x00000000ee900000|100%| E|CS|TAMS 0x00000000ee800000, 0x00000000ee800000| Complete 
| 233|0x00000000ee900000, 0x00000000eea00000, 0x00000000eea00000|100%| E|CS|TAMS 0x00000000ee900000, 0x00000000ee900000| Complete 
| 234|0x00000000eea00000, 0x00000000eeb00000, 0x00000000eeb00000|100%| E|CS|TAMS 0x00000000eea00000, 0x00000000eea00000| Complete 
| 235|0x00000000eeb00000, 0x00000000eec00000, 0x00000000eec00000|100%| E|CS|TAMS 0x00000000eeb00000, 0x00000000eeb00000| Complete 
| 236|0x00000000eec00000, 0x00000000eed00000, 0x00000000eed00000|100%| E|CS|TAMS 0x00000000eec00000, 0x00000000eec00000| Complete 
| 237|0x00000000eed00000, 0x00000000eee00000, 0x00000000eee00000|100%| E|CS|TAMS 0x00000000eed00000, 0x00000000eed00000| Complete 
| 238|0x00000000eee00000, 0x00000000eef00000, 0x00000000eef00000|100%| E|CS|TAMS 0x00000000eee00000, 0x00000000eee00000| Complete 
| 239|0x00000000eef00000, 0x00000000ef000000, 0x00000000ef000000|100%| E|CS|TAMS 0x00000000eef00000, 0x00000000eef00000| Complete 
| 240|0x00000000ef000000, 0x00000000ef100000, 0x00000000ef100000|100%| E|CS|TAMS 0x00000000ef000000, 0x00000000ef000000| Complete 
| 241|0x00000000ef100000, 0x00000000ef200000, 0x00000000ef200000|100%| E|CS|TAMS 0x00000000ef100000, 0x00000000ef100000| Complete 
| 242|0x00000000ef200000, 0x00000000ef300000, 0x00000000ef300000|100%| E|CS|TAMS 0x00000000ef200000, 0x00000000ef200000| Complete 
| 243|0x00000000ef300000, 0x00000000ef400000, 0x00000000ef400000|100%| E|CS|TAMS 0x00000000ef300000, 0x00000000ef300000| Complete 
| 244|0x00000000ef400000, 0x00000000ef500000, 0x00000000ef500000|100%| E|CS|TAMS 0x00000000ef400000, 0x00000000ef400000| Complete 
| 245|0x00000000ef500000, 0x00000000ef600000, 0x00000000ef600000|100%| E|CS|TAMS 0x00000000ef500000, 0x00000000ef500000| Complete 
| 246|0x00000000ef600000, 0x00000000ef700000, 0x00000000ef700000|100%| E|CS|TAMS 0x00000000ef600000, 0x00000000ef600000| Complete 
| 247|0x00000000ef700000, 0x00000000ef800000, 0x00000000ef800000|100%| E|CS|TAMS 0x00000000ef700000, 0x00000000ef700000| Complete 
| 248|0x00000000ef800000, 0x00000000ef900000, 0x00000000ef900000|100%| E|CS|TAMS 0x00000000ef800000, 0x00000000ef800000| Complete 
| 249|0x00000000ef900000, 0x00000000efa00000, 0x00000000efa00000|100%| E|CS|TAMS 0x00000000ef900000, 0x00000000ef900000| Complete 
| 250|0x00000000efa00000, 0x00000000efb00000, 0x00000000efb00000|100%| E|CS|TAMS 0x00000000efa00000, 0x00000000efa00000| Complete 
| 251|0x00000000efb00000, 0x00000000efc00000, 0x00000000efc00000|100%| E|CS|TAMS 0x00000000efb00000, 0x00000000efb00000| Complete 
| 252|0x00000000efc00000, 0x00000000efd00000, 0x00000000efd00000|100%| E|CS|TAMS 0x00000000efc00000, 0x00000000efc00000| Complete 
| 253|0x00000000efd00000, 0x00000000efe00000, 0x00000000efe00000|100%| E|CS|TAMS 0x00000000efd00000, 0x00000000efd00000| Complete 
| 254|0x00000000efe00000, 0x00000000eff00000, 0x00000000eff00000|100%| E|CS|TAMS 0x00000000efe00000, 0x00000000efe00000| Complete 
| 255|0x00000000eff00000, 0x00000000f0000000, 0x00000000f0000000|100%| E|CS|TAMS 0x00000000eff00000, 0x00000000eff00000| Complete 
| 256|0x00000000f0000000, 0x00000000f0100000, 0x00000000f0100000|100%| E|CS|TAMS 0x00000000f0000000, 0x00000000f0000000| Complete 
| 257|0x00000000f0100000, 0x00000000f0200000, 0x00000000f0200000|100%| E|CS|TAMS 0x00000000f0100000, 0x00000000f0100000| Complete 
| 258|0x00000000f0200000, 0x00000000f0300000, 0x00000000f0300000|100%| E|CS|TAMS 0x00000000f0200000, 0x00000000f0200000| Complete 
| 511|0x00000000fff00000, 0x0000000100000000, 0x0000000100000000|100%| O|  |TAMS 0x00000000fff00000, 0x0000000100000000| Untracked 

Card table byte_map: [0x000001abf68f0000,0x000001abf69f0000] _byte_map_base: 0x000001abf61f0000

Marking Bits (Prev, Next): (CMBitMap*) 0x000001abde2932b0, (CMBitMap*) 0x000001abde293270
 Prev Bits: [0x000001abf72f0000, 0x000001abf7af0000)
 Next Bits: [0x000001abf6af0000, 0x000001abf72f0000)

Polling page: 0x000001abde350000

Metaspace:

Usage:
  Non-class:     59.59 MB used.
      Class:      9.10 MB used.
       Both:     68.69 MB used.

Virtual space:
  Non-class space:       64.00 MB reserved,      59.94 MB ( 94%) committed,  8 nodes.
      Class space:      208.00 MB reserved,       9.44 MB (  5%) committed,  1 nodes.
              Both:      272.00 MB reserved,      69.38 MB ( 26%) committed. 

Chunk freelists:
   Non-Class:  96.00 KB
       Class:  2.50 MB
        Both:  2.59 MB

MaxMetaspaceSize: 256.00 MB
CompressedClassSpaceSize: 208.00 MB
 - commit_granule_bytes: 65536.
 - commit_granule_words: 8192.
 - virtual_space_node_default_size: 1048576.
 - enlarge_chunks_in_place: 1.
 - new_chunks_are_fully_committed: 0.
 - uncommit_free_chunks: 1.
 - use_allocation_guard: 0.
 - handle_deallocations: 1.


Internal statistics:

num_allocs_failed_limit: 9.
num_arena_births: 1086.
num_arena_deaths: 176.
num_vsnodes_births: 9.
num_vsnodes_deaths: 0.
num_space_committed: 1110.
num_space_uncommitted: 0.
num_chunks_returned_to_freelist: 207.
num_chunks_taken_from_freelist: 4200.
num_chunk_merges: 67.
num_chunk_splits: 2589.
num_chunks_enlarged: 1598.
num_purges: 2.

CodeHeap 'non-profiled nmethods': size=120000Kb used=5967Kb max_used=6970Kb free=114032Kb
 bounds [0x000001abeec90000, 0x000001abef360000, 0x000001abf61c0000]
CodeHeap 'profiled nmethods': size=120000Kb used=20504Kb max_used=21437Kb free=99495Kb
 bounds [0x000001abe7760000, 0x000001abe8c60000, 0x000001abeec90000]
CodeHeap 'non-nmethods': size=5760Kb used=2375Kb max_used=2431Kb free=3384Kb
 bounds [0x000001abe71c0000, 0x000001abe7440000, 0x000001abe7760000]
 total_blobs=11687 nmethods=10791 adapters=807
 compilation: enabled
              stopped_count=0, restarted_count=0
 full_count=0

Compilation events (20 events):
Event: 1037.301 Thread 0x000001abfa0ef7d0 13012       2       org.gradle.api.internal.artifacts.ivyservice.resolveengine.oldresult.TransientConfigurationResultsBuilder::lambda$firstLevelDependency$2 (18 bytes)
Event: 1037.301 Thread 0x000001abfa0ef7d0 nmethod 13012 0x000001abe896a190 code [0x000001abe896a340, 0x000001abe896a498]
Event: 1037.306 Thread 0x000001abfa0ef7d0 13013       2       io.spring.gradle.dependencymanagement.org.apache.maven.model.IssueManagement::getLocation (25 bytes)
Event: 1037.307 Thread 0x000001abfa0ef7d0 nmethod 13013 0x000001abe8a3c290 code [0x000001abe8a3c440, 0x000001abe8a3c5e8]
Event: 1037.307 Thread 0x000001abfa0ef7d0 13014       2       io.spring.gradle.dependencymanagement.org.apache.maven.model.IssueManagement::setLocation (35 bytes)
Event: 1037.307 Thread 0x000001abfa0ef7d0 nmethod 13014 0x000001abe8106090 code [0x000001abe8106240, 0x000001abe8106468]
Event: 1037.316 Thread 0x000001abfa0ef7d0 13016       2       org.gradle.api.internal.artifacts.dependencies.DefaultExternalModuleDependency::<init> (9 bytes)
Event: 1037.317 Thread 0x000001abfa0ef7d0 nmethod 13016 0x000001abe82d0810 code [0x000001abe82d09e0, 0x000001abe82d0ca8]
Event: 1037.326 Thread 0x000001abfa0ef7d0 13019       2       org.gradle.api.internal.artifacts.ivyservice.resolveengine.result.StreamingResolutionResultBuilder::lambda$visitEdges$4 (107 bytes)
Event: 1037.327 Thread 0x000001abfa0ef7d0 nmethod 13019 0x000001abe7790290 code [0x000001abe77904e0, 0x000001abe77909d8]
Event: 1037.327 Thread 0x000001abfa0ef7d0 13018       2       org.gradle.api.internal.artifacts.ivyservice.resolveengine.result.StreamingResolutionResultBuilder$$Lambda$466/0x00000008010ecc60::write (17 bytes)
Event: 1037.327 Thread 0x000001abfa0ef7d0 nmethod 13018 0x000001abe8aa4190 code [0x000001abe8aa4340, 0x000001abe8aa4488]
Event: 1037.328 Thread 0x000001abfa0ef7d0 13020       2       org.gradle.cache.internal.btree.FreeListBlockStore::write (16 bytes)
Event: 1037.328 Thread 0x000001abfa0ef7d0 nmethod 13020 0x000001abe8270610 code [0x000001abe82707e0, 0x000001abe8270988]
Event: 1037.333 Thread 0x000001abfa0ef7d0 13021       2       org.gradle.internal.typeconversion.CompositeNotationConverter::convert (55 bytes)
Event: 1037.333 Thread 0x000001abfa0ef7d0 nmethod 13021 0x000001abe84b2b90 code [0x000001abe84b2d60, 0x000001abe84b3048]
Event: 1037.333 Thread 0x000001abfa0ef7d0 13022       2       org.gradle.api.internal.artifacts.dependencies.DefaultExternalModuleDependency_Decorated::getTargetConfiguration (39 bytes)
Event: 1037.334 Thread 0x000001abfa0ef7d0 nmethod 13022 0x000001abe827ed90 code [0x000001abe827ef40, 0x000001abe827f138]
Event: 1037.334 Thread 0x000001abfa0ef7d0 13023       2       org.gradle.api.internal.artifacts.dependencies.DefaultExternalModuleDependency_Decorated::getArtifacts (39 bytes)
Event: 1037.334 Thread 0x000001abfa0ef7d0 nmethod 13023 0x000001abe82cff90 code [0x000001abe82d0140, 0x000001abe82d0358]

GC Heap History (20 events):
Event: 744.885 GC heap before
{Heap before GC invocations=13 (full 0):
 garbage-first heap   total 262144K, used 205001K [0x00000000e0000000, 0x0000000100000000)
  region size 1024K, 153 young (156672K), 9 survivors (9216K)
 Metaspace       used 59323K, committed 59904K, reserved 270336K
  class space    used 7844K, committed 8192K, reserved 212992K
}
Event: 744.898 GC heap after
{Heap after GC invocations=14 (full 0):
 garbage-first heap   total 262144K, used 55878K [0x00000000e0000000, 0x0000000100000000)
  region size 1024K, 8 young (8192K), 8 survivors (8192K)
 Metaspace       used 59323K, committed 59904K, reserved 270336K
  class space    used 7844K, committed 8192K, reserved 212992K
}
Event: 746.460 GC heap before
{Heap before GC invocations=14 (full 0):
 garbage-first heap   total 262144K, used 203334K [0x00000000e0000000, 0x0000000100000000)
  region size 1024K, 153 young (156672K), 8 survivors (8192K)
 Metaspace       used 59776K, committed 60352K, reserved 270336K
  class space    used 7876K, committed 8192K, reserved 212992K
}
Event: 746.481 GC heap after
{Heap after GC invocations=15 (full 0):
 garbage-first heap   total 262144K, used 60986K [0x00000000e0000000, 0x0000000100000000)
  region size 1024K, 13 young (13312K), 13 survivors (13312K)
 Metaspace       used 59776K, committed 60352K, reserved 270336K
  class space    used 7876K, committed 8192K, reserved 212992K
}
Event: 748.080 GC heap before
{Heap before GC invocations=15 (full 0):
 garbage-first heap   total 262144K, used 203322K [0x00000000e0000000, 0x0000000100000000)
  region size 1024K, 153 young (156672K), 13 survivors (13312K)
 Metaspace       used 59789K, committed 60352K, reserved 270336K
  class space    used 7876K, committed 8192K, reserved 212992K
}
Event: 748.114 GC heap after
{Heap after GC invocations=16 (full 0):
 garbage-first heap   total 262144K, used 66024K [0x00000000e0000000, 0x0000000100000000)
  region size 1024K, 12 young (12288K), 12 survivors (12288K)
 Metaspace       used 59789K, committed 60352K, reserved 270336K
  class space    used 7876K, committed 8192K, reserved 212992K
}
Event: 749.812 GC heap before
{Heap before GC invocations=16 (full 0):
 garbage-first heap   total 262144K, used 210408K [0x00000000e0000000, 0x0000000100000000)
  region size 1024K, 153 young (156672K), 12 survivors (12288K)
 Metaspace       used 59798K, committed 60352K, reserved 270336K
  class space    used 7877K, committed 8192K, reserved 212992K
}
Event: 749.835 GC heap after
{Heap after GC invocations=17 (full 0):
 garbage-first heap   total 262144K, used 69120K [0x00000000e0000000, 0x0000000100000000)
  region size 1024K, 14 young (14336K), 14 survivors (14336K)
 Metaspace       used 59798K, committed 60352K, reserved 270336K
  class space    used 7877K, committed 8192K, reserved 212992K
}
Event: 751.355 GC heap before
{Heap before GC invocations=17 (full 0):
 garbage-first heap   total 262144K, used 210432K [0x00000000e0000000, 0x0000000100000000)
  region size 1024K, 153 young (156672K), 14 survivors (14336K)
 Metaspace       used 59800K, committed 60352K, reserved 270336K
  class space    used 7877K, committed 8192K, reserved 212992K
}
Event: 751.383 GC heap after
{Heap after GC invocations=18 (full 0):
 garbage-first heap   total 262144K, used 70507K [0x00000000e0000000, 0x0000000100000000)
  region size 1024K, 11 young (11264K), 11 survivors (11264K)
 Metaspace       used 59800K, committed 60352K, reserved 270336K
  class space    used 7877K, committed 8192K, reserved 212992K
}
Event: 752.977 GC heap before
{Heap before GC invocations=18 (full 0):
 garbage-first heap   total 262144K, used 217963K [0x00000000e0000000, 0x0000000100000000)
  region size 1024K, 153 young (156672K), 11 survivors (11264K)
 Metaspace       used 59848K, committed 60352K, reserved 270336K
  class space    used 7877K, committed 8192K, reserved 212992K
}
Event: 753.005 GC heap after
{Heap after GC invocations=19 (full 0):
 garbage-first heap   total 262144K, used 78187K [0x00000000e0000000, 0x0000000100000000)
  region size 1024K, 16 young (16384K), 16 survivors (16384K)
 Metaspace       used 59848K, committed 60352K, reserved 270336K
  class space    used 7877K, committed 8192K, reserved 212992K
}
Event: 1027.982 GC heap before
{Heap before GC invocations=19 (full 0):
 garbage-first heap   total 262144K, used 239979K [0x00000000e0000000, 0x0000000100000000)
  region size 1024K, 149 young (152576K), 16 survivors (16384K)
 Metaspace       used 64705K, committed 65344K, reserved 270336K
  class space    used 8621K, committed 8896K, reserved 212992K
}
Event: 1029.299 GC heap after
{Heap after GC invocations=20 (full 0):
 garbage-first heap   total 266240K, used 112247K [0x00000000e0000000, 0x0000000100000000)
  region size 1024K, 17 young (17408K), 17 survivors (17408K)
 Metaspace       used 64705K, committed 65344K, reserved 270336K
  class space    used 8621K, committed 8896K, reserved 212992K
}
Event: 1029.425 GC heap before
{Heap before GC invocations=20 (full 0):
 garbage-first heap   total 266240K, used 113271K [0x00000000e0000000, 0x0000000100000000)
  region size 1024K, 18 young (18432K), 17 survivors (17408K)
 Metaspace       used 64706K, committed 65344K, reserved 270336K
  class space    used 8621K, committed 8896K, reserved 212992K
}
Event: 1029.498 GC heap after
{Heap after GC invocations=21 (full 0):
 garbage-first heap   total 266240K, used 110134K [0x00000000e0000000, 0x0000000100000000)
  region size 1024K, 2 young (2048K), 2 survivors (2048K)
 Metaspace       used 64706K, committed 65344K, reserved 270336K
  class space    used 8621K, committed 8896K, reserved 212992K
}
Event: 1031.719 GC heap before
{Heap before GC invocations=21 (full 0):
 garbage-first heap   total 266240K, used 122422K [0x00000000e0000000, 0x0000000100000000)
  region size 1024K, 15 young (15360K), 2 survivors (2048K)
 Metaspace       used 65815K, committed 66496K, reserved 278528K
  class space    used 8754K, committed 9088K, reserved 212992K
}
Event: 1031.726 GC heap after
{Heap after GC invocations=22 (full 0):
 garbage-first heap   total 266240K, used 109110K [0x00000000e0000000, 0x0000000100000000)
  region size 1024K, 1 young (1024K), 1 survivors (1024K)
 Metaspace       used 65815K, committed 66496K, reserved 278528K
  class space    used 8754K, committed 9088K, reserved 212992K
}
Event: 1035.073 GC heap before
{Heap before GC invocations=22 (full 0):
 garbage-first heap   total 266240K, used 145974K [0x00000000e0000000, 0x0000000100000000)
  region size 1024K, 28 young (28672K), 1 survivors (1024K)
 Metaspace       used 68735K, committed 69504K, reserved 278528K
  class space    used 9093K, committed 9472K, reserved 212992K
}
Event: 1035.107 GC heap after
{Heap after GC invocations=23 (full 0):
 garbage-first heap   total 266240K, used 123396K [0x00000000e0000000, 0x0000000100000000)
  region size 1024K, 5 young (5120K), 5 survivors (5120K)
 Metaspace       used 68735K, committed 69504K, reserved 278528K
  class space    used 9093K, committed 9472K, reserved 212992K
}

Deoptimization events (20 events):
Event: 1036.006 Thread 0x000001abfd736fd0 Uncommon trap: trap_request=0xffffffbe fr.pc=0x000001abef152958 relative=0x0000000000000bb8
Event: 1036.006 Thread 0x000001abfd736fd0 Uncommon trap: reason=profile_predicate action=maybe_recompile pc=0x000001abef152958 method=java.util.regex.Pattern$CharPropertyGreedy.match(Ljava/util/regex/Matcher;ILjava/lang/CharSequence;)Z @ 15 c2
Event: 1036.006 Thread 0x000001abfd736fd0 DEOPT PACKING pc=0x000001abef152958 sp=0x00000085407f8c70
Event: 1036.006 Thread 0x000001abfd736fd0 DEOPT UNPACKING pc=0x000001abe720d72e sp=0x00000085407f8c20 mode 2
Event: 1036.020 Thread 0x000001abfd736fd0 Uncommon trap: trap_request=0xffffffbe fr.pc=0x000001abef152958 relative=0x0000000000000bb8
Event: 1036.020 Thread 0x000001abfd736fd0 Uncommon trap: reason=profile_predicate action=maybe_recompile pc=0x000001abef152958 method=java.util.regex.Pattern$CharPropertyGreedy.match(Ljava/util/regex/Matcher;ILjava/lang/CharSequence;)Z @ 15 c2
Event: 1036.020 Thread 0x000001abfd736fd0 DEOPT PACKING pc=0x000001abef152958 sp=0x00000085407f9180
Event: 1036.020 Thread 0x000001abfd736fd0 DEOPT UNPACKING pc=0x000001abe720d72e sp=0x00000085407f9130 mode 2
Event: 1036.020 Thread 0x000001abfd736fd0 Uncommon trap: trap_request=0xffffffbe fr.pc=0x000001abef152958 relative=0x0000000000000bb8
Event: 1036.020 Thread 0x000001abfd736fd0 Uncommon trap: reason=profile_predicate action=maybe_recompile pc=0x000001abef152958 method=java.util.regex.Pattern$CharPropertyGreedy.match(Ljava/util/regex/Matcher;ILjava/lang/CharSequence;)Z @ 15 c2
Event: 1036.020 Thread 0x000001abfd736fd0 DEOPT PACKING pc=0x000001abef152958 sp=0x00000085407f8c20
Event: 1036.020 Thread 0x000001abfd736fd0 DEOPT UNPACKING pc=0x000001abe720d72e sp=0x00000085407f8bd0 mode 2
Event: 1036.822 Thread 0x000001abfd736fd0 Uncommon trap: trap_request=0xffffffd6 fr.pc=0x000001abef2dffc4 relative=0x0000000000000424
Event: 1036.822 Thread 0x000001abfd736fd0 Uncommon trap: reason=array_check action=maybe_recompile pc=0x000001abef2dffc4 method=java.util.HashMap.keysToArray([Ljava/lang/Object;)[Ljava/lang/Object; @ 62 c2
Event: 1036.822 Thread 0x000001abfd736fd0 DEOPT PACKING pc=0x000001abef2dffc4 sp=0x00000085407f8870
Event: 1036.822 Thread 0x000001abfd736fd0 DEOPT UNPACKING pc=0x000001abe720d72e sp=0x00000085407f8808 mode 2
Event: 1036.822 Thread 0x000001abfd736fd0 Uncommon trap: trap_request=0xffffffd6 fr.pc=0x000001abef2dffc4 relative=0x0000000000000424
Event: 1036.822 Thread 0x000001abfd736fd0 Uncommon trap: reason=array_check action=maybe_recompile pc=0x000001abef2dffc4 method=java.util.HashMap.keysToArray([Ljava/lang/Object;)[Ljava/lang/Object; @ 62 c2
Event: 1036.822 Thread 0x000001abfd736fd0 DEOPT PACKING pc=0x000001abef2dffc4 sp=0x00000085407f8b90
Event: 1036.822 Thread 0x000001abfd736fd0 DEOPT UNPACKING pc=0x000001abe720d72e sp=0x00000085407f8b28 mode 2

Classes unloaded (20 events):
Event: 739.819 Thread 0x000001abfa0a9820 Unloading class 0x0000000800d68800 'java/lang/invoke/LambdaForm$MH+0x0000000800d68800'
Event: 739.819 Thread 0x000001abfa0a9820 Unloading class 0x0000000800cea400 'java/lang/invoke/LambdaForm$DMH+0x0000000800cea400'
Event: 739.819 Thread 0x000001abfa0a9820 Unloading class 0x0000000800ce9c00 'java/lang/invoke/LambdaForm$DMH+0x0000000800ce9c00'
Event: 739.819 Thread 0x000001abfa0a9820 Unloading class 0x0000000800ce9800 'java/lang/invoke/LambdaForm$MH+0x0000000800ce9800'
Event: 739.819 Thread 0x000001abfa0a9820 Unloading class 0x0000000800ce9400 'java/lang/invoke/LambdaForm$MH+0x0000000800ce9400'
Event: 739.819 Thread 0x000001abfa0a9820 Unloading class 0x0000000800ce9000 'java/lang/invoke/LambdaForm$MH+0x0000000800ce9000'
Event: 739.819 Thread 0x000001abfa0a9820 Unloading class 0x0000000800ce8c00 'java/lang/invoke/LambdaForm$MH+0x0000000800ce8c00'
Event: 739.819 Thread 0x000001abfa0a9820 Unloading class 0x0000000800ce8800 'java/lang/invoke/LambdaForm$MH+0x0000000800ce8800'
Event: 739.819 Thread 0x000001abfa0a9820 Unloading class 0x0000000800ce8400 'java/lang/invoke/LambdaForm$MH+0x0000000800ce8400'
Event: 739.819 Thread 0x000001abfa0a9820 Unloading class 0x0000000800ce8000 'java/lang/invoke/LambdaForm$MH+0x0000000800ce8000'
Event: 739.819 Thread 0x000001abfa0a9820 Unloading class 0x0000000800cc3000 'java/lang/invoke/LambdaForm$MH+0x0000000800cc3000'
Event: 739.819 Thread 0x000001abfa0a9820 Unloading class 0x0000000800cc2800 'java/lang/invoke/LambdaForm$MH+0x0000000800cc2800'
Event: 739.819 Thread 0x000001abfa0a9820 Unloading class 0x0000000800cc2400 'java/lang/invoke/LambdaForm$MH+0x0000000800cc2400'
Event: 739.819 Thread 0x000001abfa0a9820 Unloading class 0x0000000800cc2000 'java/lang/invoke/LambdaForm$MH+0x0000000800cc2000'
Event: 739.819 Thread 0x000001abfa0a9820 Unloading class 0x0000000800cc1c00 'java/lang/invoke/LambdaForm$MH+0x0000000800cc1c00'
Event: 739.819 Thread 0x000001abfa0a9820 Unloading class 0x0000000800cc1400 'java/lang/invoke/LambdaForm$MH+0x0000000800cc1400'
Event: 739.819 Thread 0x000001abfa0a9820 Unloading class 0x0000000800c26c00 'java/lang/invoke/LambdaForm$MH+0x0000000800c26c00'
Event: 739.819 Thread 0x000001abfa0a9820 Unloading class 0x0000000800c26800 'java/lang/invoke/LambdaForm$MH+0x0000000800c26800'
Event: 739.819 Thread 0x000001abfa0a9820 Unloading class 0x0000000800c26000 'java/lang/invoke/LambdaForm$MH+0x0000000800c26000'
Event: 739.819 Thread 0x000001abfa0a9820 Unloading class 0x0000000800c24400 'java/lang/invoke/LambdaForm$MH+0x0000000800c24400'

Classes redefined (0 events):
No events

Internal exceptions (20 events):
Event: 1032.270 Thread 0x000001abfd736fd0 Exception <a 'java/lang/ClassNotFoundException'{0x00000000efe216f0}: build_80bcmdtaiiqre96jbeubskyqhCustomizer> (0x00000000efe216f0) 
thrown [t:\workspace\open\src\hotspot\share\classfile\systemDictionary.cpp, line 256]
Event: 1033.216 Thread 0x000001abfd736fd0 Exception <a 'java/lang/NoClassDefFoundError'{0x00000000efc35d40}: org/jetbrains/kotlin/gradle/plugin/KotlinPluginWrapper> (0x00000000efc35d40) 
thrown [t:\workspace\open\src\hotspot\share\oops\constantPool.cpp, line 809]
Event: 1033.569 Thread 0x000001abfc5874f0 Exception <a 'sun/nio/fs/WindowsException'{0x00000000ef990338}> (0x00000000ef990338) 
thrown [t:\workspace\open\src\hotspot\share\prims\jni.cpp, line 579]
Event: 1033.646 Thread 0x000001abfc5874f0 Exception <a 'sun/nio/fs/WindowsException'{0x00000000ef5c74e0}> (0x00000000ef5c74e0) 
thrown [t:\workspace\open\src\hotspot\share\prims\jni.cpp, line 579]
Event: 1033.648 Thread 0x000001abfc5874f0 Exception <a 'sun/nio/fs/WindowsException'{0x00000000ef5c7648}> (0x00000000ef5c7648) 
thrown [t:\workspace\open\src\hotspot\share\prims\jni.cpp, line 579]
Event: 1033.668 Thread 0x000001abfd736fd0 Exception <a 'java/lang/ClassNotFoundException'{0x00000000ef5f25a0}: build_80bcmdtaiiqre96jbeubskyqhBeanInfo> (0x00000000ef5f25a0) 
thrown [t:\workspace\open\src\hotspot\share\classfile\systemDictionary.cpp, line 256]
Event: 1033.668 Thread 0x000001abfd736fd0 Exception <a 'java/lang/ClassNotFoundException'{0x00000000ef5f8078}: build_80bcmdtaiiqre96jbeubskyqhCustomizer> (0x00000000ef5f8078) 
thrown [t:\workspace\open\src\hotspot\share\classfile\systemDictionary.cpp, line 256]
Event: 1034.296 Thread 0x000001abfd736fd0 Exception <a 'java/lang/ClassNotFoundException'{0x00000000eef56f40}: org/jetbrains/plugins/gradle/model/web/WebConfigurationBeanInfo> (0x00000000eef56f40) 
thrown [t:\workspace\open\src\hotspot\share\classfile\systemDictionary.cpp, line 256]
Event: 1034.298 Thread 0x000001abfd736fd0 Exception <a 'java/lang/ClassNotFoundException'{0x00000000eef60898}: org/jetbrains/plugins/gradle/model/web/WebConfigurationCustomizer> (0x00000000eef60898) 
thrown [t:\workspace\open\src\hotspot\share\classfile\systemDictionary.cpp, line 256]
Event: 1034.458 Thread 0x000001abfd736fd0 Exception <a 'java/lang/ClassNotFoundException'{0x00000000eef85630}: org/jetbrains/plugins/gradle/model/scala/ScalaModelBeanInfo> (0x00000000eef85630) 
thrown [t:\workspace\open\src\hotspot\share\classfile\systemDictionary.cpp, line 256]
Event: 1034.483 Thread 0x000001abfd736fd0 Exception <a 'java/lang/ClassNotFoundException'{0x00000000eef8ef08}: org/jetbrains/plugins/gradle/model/scala/ScalaModelCustomizer> (0x00000000eef8ef08) 
thrown [t:\workspace\open\src\hotspot\share\classfile\systemDictionary.cpp, line 256]
Event: 1035.211 Thread 0x000001abfd739a50 Exception <a 'java/lang/NoSuchMethodError'{0x00000000f02070d8}: static Lorg/gradle/tooling/internal/provider/PhasedBuildActionResult;.<clinit>()V> (0x00000000f02070d8) 
thrown [t:\workspace\open\src\hotspot\share\prims\jni.cpp, line 1210]
Event: 1035.213 Thread 0x000001abfd739a50 Exception <a 'java/lang/NoSuchMethodError'{0x00000000f0087a38}: static Lorg/gradle/tooling/internal/provider/serialization/SerializedPayload;.<clinit>()V> (0x00000000f0087a38) 
thrown [t:\workspace\open\src\hotspot\share\prims\jni.cpp, line 1210]
Event: 1035.214 Thread 0x000001abfd739a50 Exception <a 'java/lang/NoSuchMethodError'{0x00000000f008ad48}: static [B.<clinit>()V> (0x00000000f008ad48) 
thrown [t:\workspace\open\src\hotspot\share\prims\jni.cpp, line 1210]
Event: 1035.250 Thread 0x000001abfd739a50 Exception <a 'java/lang/NoSuchMethodError'{0x00000000f00f0dc0}: static Lorg/gradle/internal/build/event/types/DefaultTaskStartedProgressEvent;.<clinit>()V> (0x00000000f00f0dc0) 
thrown [t:\workspace\open\src\hotspot\share\prims\jni.cpp, line 1210]
Event: 1035.255 Thread 0x000001abfd739a50 Exception <a 'java/lang/NoSuchMethodError'{0x00000000f00f9c18}: static Lorg/gradle/internal/build/event/types/DefaultTaskSuccessResult;.<clinit>()V> (0x00000000f00f9c18) 
thrown [t:\workspace\open\src\hotspot\share\prims\jni.cpp, line 1210]
Event: 1035.533 Thread 0x000001abfd736fd0 Implicit null exception at 0x000001abef24c3f9 to 0x000001abef24c446
Event: 1035.902 Thread 0x000001abfd736fd0 Exception <a 'java/lang/ClassNotFoundException'{0x00000000ef015aa0}: org/jetbrains/plugins/gradle/tooling/tasks/DependenciesReport$ProjectNameFunctionBeanInfo> (0x00000000ef015aa0) 
thrown [t:\workspace\open\src\hotspot\share\classfile\systemDictionary.cpp, line 256]
Event: 1035.903 Thread 0x000001abfd736fd0 Exception <a 'java/lang/ClassNotFoundException'{0x00000000ef01e190}: org/jetbrains/plugins/gradle/tooling/tasks/DependenciesReport$ProjectNameFunctionCustomizer> (0x00000000ef01e190) 
thrown [t:\workspace\open\src\hotspot\share\classfile\systemDictionary.cpp, line 256]
Event: 1036.000 Thread 0x000001abfd736fd0 Implicit null exception at 0x000001abef06ef53 to 0x000001abef06f0e4

Events (20 events):
Event: 1036.942 Thread 0x000001abfd758b20 Thread added: 0x000001abfd758b20
Event: 1036.965 Thread 0x000001abfd755600 Thread added: 0x000001abfd755600
Event: 1036.969 Executing  VM operation: ICBufferFull
Event: 1036.971 Executing  VM operation: ICBufferFull done
Event: 1036.980 Thread 0x000001abfd755b50 Thread added: 0x000001abfd755b50
Event: 1037.059 Thread 0x000001abfd758080 Thread added: 0x000001abfd758080
Event: 1037.081 Thread 0x000001abfca7c5b0 Thread added: 0x000001abfca7c5b0
Event: 1037.094 Thread 0x000001abfca7f580 Thread added: 0x000001abfca7f580
Event: 1037.135 Thread 0x000001abfca7cb00 Thread added: 0x000001abfca7cb00
Event: 1037.161 Thread 0x000001abfca7d5a0 Thread added: 0x000001abfca7d5a0
Event: 1037.187 Thread 0x000001abfca7f030 Thread added: 0x000001abfca7f030
Event: 1037.225 Executing  VM operation: HandshakeAllThreads
Event: 1037.225 Executing  VM operation: HandshakeAllThreads done
Event: 1037.229 Thread 0x000001abfca7daf0 Thread added: 0x000001abfca7daf0
Event: 1037.242 Thread 0x000001abfc5894d0 Thread added: 0x000001abfc5894d0
Event: 1037.260 Thread 0x000001abfc585fb0 Thread added: 0x000001abfc585fb0
Event: 1037.275 Thread 0x000001abfc586fa0 Thread added: 0x000001abfc586fa0
Event: 1037.286 Thread 0x000001abfc587a40 Thread added: 0x000001abfc587a40
Event: 1037.300 Thread 0x000001ab821777d0 Thread added: 0x000001ab821777d0
Event: 1037.327 Thread 0x000001ab82177d20 Thread added: 0x000001ab82177d20


Dynamic libraries:
0x00007ff66c270000 - 0x00007ff66c280000 	C:\Program Files\Java\jdk-16.0.1\bin\java.exe
0x00007ffef5930000 - 0x00007ffef5b25000 	C:\Windows\SYSTEM32\ntdll.dll
0x00007ffef4b90000 - 0x00007ffef4c4e000 	C:\Windows\System32\KERNEL32.DLL
0x00007ffef3190000 - 0x00007ffef3459000 	C:\Windows\System32\KERNELBASE.dll
0x00007ffef34e0000 - 0x00007ffef35e0000 	C:\Windows\System32\ucrtbase.dll
0x00007ffee2a30000 - 0x00007ffee2a49000 	C:\Program Files\Java\jdk-16.0.1\bin\VCRUNTIME140.dll
0x00007ffee28c0000 - 0x00007ffee28d8000 	C:\Program Files\Java\jdk-16.0.1\bin\jli.dll
0x00007ffef3c50000 - 0x00007ffef3cfc000 	C:\Windows\System32\ADVAPI32.dll
0x00007ffef4000000 - 0x00007ffef409e000 	C:\Windows\System32\msvcrt.dll
0x00007ffef4930000 - 0x00007ffef49cb000 	C:\Windows\System32\sechost.dll
0x00007ffef49d0000 - 0x00007ffef4afa000 	C:\Windows\System32\RPCRT4.dll
0x00007ffef3d00000 - 0x00007ffef3ea1000 	C:\Windows\System32\USER32.dll
0x00007ffef3100000 - 0x00007ffef3122000 	C:\Windows\System32\win32u.dll
0x00007ffef4b00000 - 0x00007ffef4b2b000 	C:\Windows\System32\GDI32.dll
0x00007ffef3680000 - 0x00007ffef378b000 	C:\Windows\System32\gdi32full.dll
0x00007ffef35e0000 - 0x00007ffef367d000 	C:\Windows\System32\msvcp_win.dll
0x00007ffee3d30000 - 0x00007ffee3fca000 	C:\Windows\WinSxS\amd64_microsoft.windows.common-controls_6595b64144ccf1df_6.0.19041.1110_none_60b5254171f9507e\COMCTL32.dll
0x00007ffef17d0000 - 0x00007ffef17da000 	C:\Windows\SYSTEM32\VERSION.dll
0x00007ffef3fd0000 - 0x00007ffef4000000 	C:\Windows\System32\IMM32.DLL
0x00007ffeed000000 - 0x00007ffeed00c000 	C:\Program Files\Java\jdk-16.0.1\bin\vcruntime140_1.dll
0x00007ffeca550000 - 0x00007ffeca5e1000 	C:\Program Files\Java\jdk-16.0.1\bin\msvcp140.dll
0x00007ffea4420000 - 0x00007ffea4fcb000 	C:\Program Files\Java\jdk-16.0.1\bin\server\jvm.dll
0x00007ffef53b0000 - 0x00007ffef53b8000 	C:\Windows\System32\PSAPI.DLL
0x00007ffef18b0000 - 0x00007ffef18b9000 	C:\Windows\SYSTEM32\WSOCK32.dll
0x00007ffef4350000 - 0x00007ffef43bb000 	C:\Windows\System32\WS2_32.dll
0x00007ffee1180000 - 0x00007ffee11a7000 	C:\Windows\SYSTEM32\WINMM.dll
0x00007ffef18d0000 - 0x00007ffef18e2000 	C:\Windows\SYSTEM32\kernel.appcore.dll
0x00007ffeeb8c0000 - 0x00007ffeeb8ca000 	C:\Program Files\Java\jdk-16.0.1\bin\jimage.dll
0x00007ffee25a0000 - 0x00007ffee2784000 	C:\Windows\SYSTEM32\DBGHELP.DLL
0x00007ffee21d0000 - 0x00007ffee21fc000 	C:\Windows\SYSTEM32\dbgcore.DLL
0x00007ffef38f0000 - 0x00007ffef3973000 	C:\Windows\System32\bcryptPrimitives.dll
0x00007ffee0a90000 - 0x00007ffee0ab5000 	C:\Program Files\Java\jdk-16.0.1\bin\java.dll
0x00007ffef4c70000 - 0x00007ffef53af000 	C:\Windows\System32\SHELL32.dll
0x00007ffef0f90000 - 0x00007ffef1720000 	C:\Windows\SYSTEM32\windows.storage.dll
0x00007ffef53c0000 - 0x00007ffef5715000 	C:\Windows\System32\combase.dll
0x00007ffef2aa0000 - 0x00007ffef2acc000 	C:\Windows\SYSTEM32\Wldp.dll
0x00007ffef5840000 - 0x00007ffef58ee000 	C:\Windows\System32\SHCORE.dll
0x00007ffef3f70000 - 0x00007ffef3fc5000 	C:\Windows\System32\shlwapi.dll
0x00007ffef2f90000 - 0x00007ffef2faf000 	C:\Windows\SYSTEM32\profapi.dll
0x00007ffee14d0000 - 0x00007ffee14e9000 	C:\Program Files\Java\jdk-16.0.1\bin\net.dll
0x00007ffee5f40000 - 0x00007ffee6048000 	C:\Windows\SYSTEM32\WINHTTP.dll
0x00007ffef2800000 - 0x00007ffef286a000 	C:\Windows\system32\mswsock.dll
0x00007ffee1460000 - 0x00007ffee1473000 	C:\Program Files\Java\jdk-16.0.1\bin\nio.dll
0x00007ffed8410000 - 0x00007ffed8428000 	C:\Program Files\Java\jdk-16.0.1\bin\zip.dll
0x00007ffeea100000 - 0x00007ffeea110000 	C:\Program Files\Java\jdk-16.0.1\bin\verify.dll
0x00007ffee1c10000 - 0x00007ffee1c37000 	C:\Users\brito\.gradle\native\8bec1ad78214c89d9ad589b4d07fe93259594b29d510b10fafb7a158f7737e5d\windows-amd64\native-platform.dll
0x00007ffec2df0000 - 0x00007ffec2f2d000 	C:\Users\brito\.gradle\native\53dbd7edfb1c66fb8903c78663c9afc45aea4f116125fa6feffd364cf09443e8\windows-amd64\native-platform-file-events.dll
0x00007ffee4980000 - 0x00007ffee4989000 	C:\Program Files\Java\jdk-16.0.1\bin\management.dll
0x00007ffee2c00000 - 0x00007ffee2c0b000 	C:\Program Files\Java\jdk-16.0.1\bin\management_ext.dll
0x00007ffef29f0000 - 0x00007ffef2a08000 	C:\Windows\SYSTEM32\CRYPTSP.dll
0x00007ffef2110000 - 0x00007ffef2144000 	C:\Windows\system32\rsaenh.dll
0x00007ffef3460000 - 0x00007ffef3487000 	C:\Windows\System32\bcrypt.dll
0x00007ffef2f50000 - 0x00007ffef2f7e000 	C:\Windows\SYSTEM32\USERENV.dll
0x00007ffef2a10000 - 0x00007ffef2a1c000 	C:\Windows\SYSTEM32\CRYPTBASE.dll
0x00007ffef24a0000 - 0x00007ffef24db000 	C:\Windows\SYSTEM32\IPHLPAPI.DLL
0x00007ffef43c0000 - 0x00007ffef43c8000 	C:\Windows\System32\NSI.dll
0x00007ffee9660000 - 0x00007ffee9677000 	C:\Windows\SYSTEM32\dhcpcsvc6.DLL
0x00007ffeea1e0000 - 0x00007ffeea1fd000 	C:\Windows\SYSTEM32\dhcpcsvc.DLL
0x00007ffef24f0000 - 0x00007ffef25bc000 	C:\Windows\SYSTEM32\DNSAPI.dll
0x00007ffee15a0000 - 0x00007ffee15ae000 	C:\Program Files\Java\jdk-16.0.1\bin\sunmscapi.dll
0x00007ffef3790000 - 0x00007ffef38e6000 	C:\Windows\System32\CRYPT32.dll
0x00007ffef2b10000 - 0x00007ffef2b37000 	C:\Windows\SYSTEM32\ncrypt.dll
0x00007ffef2ad0000 - 0x00007ffef2b0b000 	C:\Windows\SYSTEM32\NTASN1.dll
0x00007ffee1440000 - 0x00007ffee1447000 	C:\Windows\system32\wshunix.dll

dbghelp: loaded successfully - version: 4.0.5 - missing functions: none
symbol engine: initialized successfully - sym options: 0x614 - pdb path: .;C:\Program Files\Java\jdk-16.0.1\bin;C:\Windows\SYSTEM32;C:\Windows\WinSxS\amd64_microsoft.windows.common-controls_6595b64144ccf1df_6.0.19041.1110_none_60b5254171f9507e;C:\Program Files\Java\jdk-16.0.1\bin\server;C:\Users\brito\.gradle\native\8bec1ad78214c89d9ad589b4d07fe93259594b29d510b10fafb7a158f7737e5d\windows-amd64;C:\Users\brito\.gradle\native\53dbd7edfb1c66fb8903c78663c9afc45aea4f116125fa6feffd364cf09443e8\windows-amd64

VM Arguments:
jvm_args: --add-opens=java.base/java.util=ALL-UNNAMED --add-opens=java.base/java.lang=ALL-UNNAMED --add-opens=java.base/java.lang.invoke=ALL-UNNAMED --add-opens=java.base/java.util=ALL-UNNAMED --add-opens=java.prefs/java.util.prefs=ALL-UNNAMED --add-opens=java.prefs/java.util.prefs=ALL-UNNAMED --add-opens=java.base/java.nio.charset=ALL-UNNAMED --add-opens=java.base/java.net=ALL-UNNAMED --add-opens=java.base/java.util.concurrent.atomic=ALL-UNNAMED -XX:MaxMetaspaceSize=256m -XX:+HeapDumpOnOutOfMemoryError -Xms256m -Xmx512m -Dfile.encoding=windows-1252 -Duser.country=BR -Duser.language=pt -Duser.variant 
java_command: org.gradle.launcher.daemon.bootstrap.GradleDaemon 7.1.1
java_class_path (initial): C:\Users\brito\.gradle\wrapper\dists\gradle-7.1.1-bin\f29rtwfnc96ub43tt7p47zsru\gradle-7.1.1\lib\gradle-launcher-7.1.1.jar
Launcher Type: SUN_STANDARD

[Global flags]
     intx CICompilerCount                          = 3                                         {product} {ergonomic}
   size_t CompressedClassSpaceSize                 = 218103808                                 {product} {ergonomic}
     uint ConcGCThreads                            = 1                                         {product} {ergonomic}
     uint G1ConcRefinementThreads                  = 4                                         {product} {ergonomic}
   size_t G1HeapRegionSize                         = 1048576                                   {product} {ergonomic}
    uintx GCDrainStackTargetSize                   = 64                                        {product} {ergonomic}
     bool HeapDumpOnOutOfMemoryError               = true                                   {manageable} {command line}
   size_t InitialHeapSize                          = 268435456                                 {product} {command line}
   size_t MarkStackSize                            = 4194304                                   {product} {ergonomic}
   size_t MaxHeapSize                              = 536870912                                 {product} {command line}
   size_t MaxMetaspaceSize                         = 268435456                                 {product} {command line}
   size_t MaxNewSize                               = 321912832                                 {product} {ergonomic}
   size_t MinHeapDeltaBytes                        = 1048576                                   {product} {ergonomic}
   size_t MinHeapSize                              = 268435456                                 {product} {command line}
    uintx NonNMethodCodeHeapSize                   = 5832780                                {pd product} {ergonomic}
    uintx NonProfiledCodeHeapSize                  = 122912730                              {pd product} {ergonomic}
    uintx ProfiledCodeHeapSize                     = 122912730                              {pd product} {ergonomic}
    uintx ReservedCodeCacheSize                    = 251658240                              {pd product} {ergonomic}
     bool SegmentedCodeCache                       = true                                      {product} {ergonomic}
   size_t SoftMaxHeapSize                          = 536870912                              {manageable} {ergonomic}
     bool UseCompressedClassPointers               = true                           {product lp64_product} {ergonomic}
     bool UseCompressedOops                        = true                           {product lp64_product} {ergonomic}
     bool UseG1GC                                  = true                                      {product} {ergonomic}
     bool UseLargePagesIndividualAllocation        = false                                  {pd product} {ergonomic}

Logging:
Log output configuration:
 #0: stdout all=warning uptime,level,tags
 #1: stderr all=off uptime,level,tags

Environment Variables:
PATH=C:\Program Files (x86)\Common Files\Oracle\Java\javapath;C:\Program Files\Common Files\Oracle\Java\javapath;C:\Windows\system32;C:\Windows;C:\Windows\System32\Wbem;C:\Windows\System32\WindowsPowerShell\v1.0\;C:\Windows\System32\OpenSSH\;C:\Program Files\nodejs\;C:\Program Files\Git\cmd;C:\Program Files\MySQL\MySQL Shell 8.0\bin\;C:\Users\brito\AppData\Local\Microsoft\WindowsApps;C:\Users\brito\AppData\Local\Programs\Microsoft VS Code\bin;C:\Users\brito\AppData\Roaming\npm
USERNAME=Bea
OS=Windows_NT
PROCESSOR_IDENTIFIER=Intel64 Family 6 Model 69 Stepping 1, GenuineIntel



---------------  S Y S T E M  ---------------

OS:
 Windows 10 , 64 bit Build 19041 (10.0.19041.1202)
OS uptime: 2 days 0:53 hours

CPU: total 4 (initial active 4) (2 cores per cpu, 2 threads per core) family 6 model 69 stepping 1 microcode 0x25, cx8, cmov, fxsr, ht, mmx, sse, sse2, sse3, ssse3, sse4.1, sse4.2, popcnt, lzcnt, tsc, tscinvbit, avx, avx2, aes, erms, clmul, bmi1, bmi2, fma, vzeroupper, clflush

Memory: 4k page, system-wide physical 3500M (237M free)
TotalPageFile size 6294M (AvailPageFile size 4M)
current process WorkingSet (physical memory assigned to process): 280M, peak: 392M
current process commit charge ("private bytes"): 516M, peak: 519M

vm_info: Java HotSpot(TM) 64-Bit Server VM (16.0.1+9-24) for windows-amd64 JRE (16.0.1+9-24), built on Mar 26 2021 19:31:42 by "mach5one" with MS VC++ 16.7 (VS2019)

END.
