#
# A fatal error has been detected by the Java Runtime Environment:
#
#  EXCEPTION_ACCESS_VIOLATION (0xc0000005) at pc=0x00007ffea84dde67, pid=7164, tid=8416
#
# JRE version: Java(TM) SE Runtime Environment (16.0.1+9) (build 16.0.1+9-24)
# Java VM: Java HotSpot(TM) 64-Bit Server VM (16.0.1+9-24, mixed mode, sharing, tiered, compressed oops, compressed class ptrs, g1 gc, windows-amd64)
# Problematic frame:
# V  [jvm.dll+0x37de67]
#
# No core dump will be written. Minidumps are not enabled by default on client versions of Windows
#
# If you would like to submit a bug report, please visit:
#   https://bugreport.java.com/bugreport/crash.jsp
#

---------------  S U M M A R Y ------------

Command Line: -XX:MaxMetaspaceSize=256m -XX:+HeapDumpOnOutOfMemoryError --add-opens=java.base/java.util=ALL-UNNAMED --add-opens=java.base/java.lang=ALL-UNNAMED --add-opens=java.base/java.lang.invoke=ALL-UNNAMED --add-opens=java.base/java.util=ALL-UNNAMED --add-opens=java.prefs/java.util.prefs=ALL-UNNAMED --add-opens=java.prefs/java.util.prefs=ALL-UNNAMED --add-opens=java.base/java.nio.charset=ALL-UNNAMED --add-opens=java.base/java.net=ALL-UNNAMED --add-opens=java.base/java.util.concurrent.atomic=ALL-UNNAMED -Xms256m -Xmx512m -Dfile.encoding=windows-1252 -Duser.country=BR -Duser.language=pt -Duser.variant org.gradle.launcher.daemon.bootstrap.GradleDaemon 7.1.1

Host: Intel(R) Core(TM) i5-4200U CPU @ 1.60GHz, 4 cores, 3G,  Windows 10 , 64 bit Build 19041 (10.0.19041.1202)
Time: Tue Sep 21 20:36:17 2021 Hora oficial do Brasil elapsed time: 261.946150 seconds (0d 0h 4m 21s)

---------------  T H R E A D  ---------------

Current thread (0x000002a7d3c9c0a0):  JavaThread "Exec process Thread 3" [_thread_in_vm, id=8416, stack(0x000000d408400000,0x000000d408500000)]

Stack: [0x000000d408400000,0x000000d408500000],  sp=0x000000d4084fa550,  free space=1001k
Native frames: (J=compiled Java code, j=interpreted, Vv=VM code, C=native code)
V  [jvm.dll+0x37de67]
V  [jvm.dll+0x6686f2]
V  [jvm.dll+0x37e98b]
V  [jvm.dll+0x37eb58]
V  [jvm.dll+0x741f88]
V  [jvm.dll+0x7436a8]
V  [jvm.dll+0x7439d3]
V  [jvm.dll+0x7b4cde]
V  [jvm.dll+0x7b46da]
V  [jvm.dll+0x7bfe18]
V  [jvm.dll+0x7bea85]
V  [jvm.dll+0x7b8275]
V  [jvm.dll+0x36764c]
V  [jvm.dll+0x3674d6]
V  [jvm.dll+0x3668a2]
V  [jvm.dll+0x366848]
