#
# There is insufficient memory for the Java Runtime Environment to continue.
# Native memory allocation (malloc) failed to allocate 32744 bytes for ChunkPool::allocate
# Possible reasons:
#   The system is out of physical RAM or swap space
#   The process is running with CompressedOops enabled, and the Java Heap may be blocking the growth of the native heap
# Possible solutions:
#   Reduce memory load on the system
#   Increase physical memory or swap space
#   Check if swap backing store is full
#   Decrease Java heap size (-Xmx/-Xms)
#   Decrease number of Java threads
#   Decrease Java thread stack sizes (-Xss)
#   Set larger code cache with -XX:ReservedCodeCacheSize=
#   JVM is running with Unscaled Compressed Oops mode in which the Java heap is
#     placed in the first 4GB address space. The Java Heap base address is the
#     maximum limit for the native heap growth. Please use -XX:HeapBaseMinAddress
#     to set the Java Heap base and to place the Java Heap above 4GB virtual address.
# This output file may be truncated or incomplete.
#
#  Out of Memory Error (arena.cpp:79), pid=5176, tid=8928
#
# JRE version: Java(TM) SE Runtime Environment (16.0.1+9) (build 16.0.1+9-24)
# Java VM: Java HotSpot(TM) 64-Bit Server VM (16.0.1+9-24, mixed mode, sharing, tiered, compressed oops, compressed class ptrs, g1 gc, windows-amd64)
# No core dump will be written. Minidumps are not enabled by default on client versions of Windows
#

---------------  S U M M A R Y ------------

Command Line: -Dfile.encoding=windows-1252 -Duser.country=BR -Duser.language=pt -Duser.variant com.sp.senac.br.demo.PrimeiroProjetoWebApplication

Host: Intel(R) Core(TM) i5-4200U CPU @ 1.60GHz, 4 cores, 3G,  Windows 10 , 64 bit Build 19041 (10.0.19041.1202)
Time: Tue Sep 21 20:10:54 2021 Hora oficial do Brasil elapsed time: 12.651474 seconds (0d 0h 0m 12s)

---------------  T H R E A D  ---------------

Current thread (0x0000019cba50fc50):  JavaThread "C2 CompilerThread0" daemon [_thread_in_native, id=8928, stack(0x0000000ac5100000,0x0000000ac5200000)]


Current CompileTask:
C2:  12651 3316       4       org.springframework.core.annotation.TypeMappedAnnotations::get (52 bytes)

Stack: [0x0000000ac5100000,0x0000000ac5200000]
Native frames: (J=compiled Java code, j=interpreted, Vv=VM code, C=native code)
V  [jvm.dll+0x6687ca]
V  [jvm.dll+0x7ca3c9]
V  [jvm.dll+0x7cbb53]
V  [jvm.dll+0x7cc1b3]
V  [jvm.dll+0x242ea5]
V  [jvm.dll+0xae25f]
V  [jvm.dll+0xae5ac]
V  [jvm.dll+0x11ba88]
V  [jvm.dll+0x692261]
V  [jvm.dll+0x1b9ffd]
V  [jvm.dll+0x216066]
V  [jvm.dll+0x215350]
V  [jvm.dll+0x1a1d9b]
V  [jvm.dll+0x2253a8]
V  [jvm.dll+0x2233ec]
V  [jvm.dll+0x780002]
V  [jvm.dll+0x779b4a]
V  [jvm.dll+0x667666]
C  [ucrtbase.dll+0x21bb2]
C  [KERNEL32.DLL+0x17034]
C  [ntdll.dll+0x52651]


---------------  P R O C E S S  ---------------

Threads class SMR info:
_java_thread_list=0x0000019cbbb7a670, length=17, elements={
0x0000019c9da5e7f0, 0x0000019cba4fa520, 0x0000019cba509f50, 0x0000019cba50da70,
0x0000019cba50e470, 0x0000019cba50ee70, 0x0000019cba50fc50, 0x0000019cba512750,
0x0000019cba57a0d0, 0x0000019cbb041150, 0x0000019cbb04a430, 0x0000019cbbbf0010,
0x0000019cbbbf0530, 0x0000019cbe780300, 0x0000019cbdae7ed0, 0x0000019cbb999e20,
0x0000019cbb999380
}

Java Threads: ( => current thread )
  0x0000019c9da5e7f0 JavaThread "Reference Handler" daemon [_thread_blocked, id=11140, stack(0x0000000ac4b00000,0x0000000ac4c00000)]
  0x0000019cba4fa520 JavaThread "Finalizer" daemon [_thread_blocked, id=3944, stack(0x0000000ac4c00000,0x0000000ac4d00000)]
  0x0000019cba509f50 JavaThread "Signal Dispatcher" daemon [_thread_blocked, id=10072, stack(0x0000000ac4d00000,0x0000000ac4e00000)]
  0x0000019cba50da70 JavaThread "Attach Listener" daemon [_thread_blocked, id=10628, stack(0x0000000ac4e00000,0x0000000ac4f00000)]
  0x0000019cba50e470 JavaThread "Service Thread" daemon [_thread_blocked, id=10768, stack(0x0000000ac4f00000,0x0000000ac5000000)]
  0x0000019cba50ee70 JavaThread "Monitor Deflation Thread" daemon [_thread_blocked, id=7360, stack(0x0000000ac5000000,0x0000000ac5100000)]
=>0x0000019cba50fc50 JavaThread "C2 CompilerThread0" daemon [_thread_in_native, id=8928, stack(0x0000000ac5100000,0x0000000ac5200000)]
  0x0000019cba512750 JavaThread "C1 CompilerThread0" daemon [_thread_blocked, id=1460, stack(0x0000000ac5200000,0x0000000ac5300000)]
  0x0000019cba57a0d0 JavaThread "Sweeper thread" daemon [_thread_blocked, id=9316, stack(0x0000000ac5300000,0x0000000ac5400000)]
  0x0000019cbb041150 JavaThread "Notification Thread" daemon [_thread_blocked, id=9652, stack(0x0000000ac5400000,0x0000000ac5500000)]
  0x0000019cbb04a430 JavaThread "Common-Cleaner" daemon [_thread_blocked, id=4480, stack(0x0000000ac5600000,0x0000000ac5700000)]
  0x0000019cbbbf0010 JavaThread "Catalina-utility-1" [_thread_blocked, id=3816, stack(0x0000000ac5b00000,0x0000000ac5c00000)]
  0x0000019cbbbf0530 JavaThread "Catalina-utility-2" [_thread_blocked, id=1200, stack(0x0000000ac5c00000,0x0000000ac5d00000)]
  0x0000019cbe780300 JavaThread "container-0" [_thread_blocked, id=6920, stack(0x0000000ac5d00000,0x0000000ac5e00000)]
  0x0000019cbdae7ed0 JavaThread "http-nio-8080-Poller" daemon [_thread_in_native, id=888, stack(0x0000000ac5f00000,0x0000000ac6000000)]
  0x0000019cbb999e20 JavaThread "http-nio-8080-Acceptor" daemon [_thread_in_native, id=6296, stack(0x0000000ac6000000,0x0000000ac6100000)]
  0x0000019cbb999380 JavaThread "DestroyJavaVM" [_thread_blocked, id=3128, stack(0x0000000ac4400000,0x0000000ac4500000)]

Other Threads:
  0x0000019cba4f5240 VMThread "VM Thread" [stack: 0x0000000ac4a00000,0x0000000ac4b00000] [id=10680]
  0x0000019cbb046690 WatcherThread [stack: 0x0000000ac5500000,0x0000000ac5600000] [id=10144]
  0x0000019c9d9af3d0 GCTaskThread "GC Thread#0" [stack: 0x0000000ac4500000,0x0000000ac4600000] [id=8420]
  0x0000019cbb817040 GCTaskThread "GC Thread#1" [stack: 0x0000000ac5700000,0x0000000ac5800000] [id=2616]
  0x0000019cbb7bb060 GCTaskThread "GC Thread#2" [stack: 0x0000000ac5800000,0x0000000ac5900000] [id=1216]
  0x0000019cbb7c8670 GCTaskThread "GC Thread#3" [stack: 0x0000000ac5900000,0x0000000ac5a00000] [id=10120]
  0x0000019c9d9b7190 ConcurrentGCThread "G1 Main Marker" [stack: 0x0000000ac4600000,0x0000000ac4700000] [id=5192]
  0x0000019c9d9b83a0 ConcurrentGCThread "G1 Conc#0" [stack: 0x0000000ac4700000,0x0000000ac4800000] [id=3556]
  0x0000019c9d9f6310 ConcurrentGCThread "G1 Refine#0" [stack: 0x0000000ac4800000,0x0000000ac4900000] [id=6892]
  0x0000019cbb817350 ConcurrentGCThread "G1 Refine#1" [stack: 0x0000000ac5a00000,0x0000000ac5b00000] [id=2812]
  0x0000019c9d9f6d90 ConcurrentGCThread "G1 Service" [stack: 0x0000000ac4900000,0x0000000ac4a00000] [id=7624]

Threads with active compile tasks:
C2 CompilerThread0    12696 3316       4       org.springframework.core.annotation.TypeMappedAnnotations::get (52 bytes)

VM state: not at safepoint (normal execution)

VM Mutex/Monitor currently owned by a thread: None

Heap address: 0x00000000c9400000, size: 876 MB, Compressed Oops mode: 32-bit

CDS archive(s) mapped at: [0x0000000800000000-0x0000000800bb0000-0x0000000800bb0000), size 12255232, SharedBaseAddress: 0x0000000800000000, ArchiveRelocationMode: 0.
Compressed class space mapped at: 0x0000000800c00000-0x0000000840c00000, reserved size: 1073741824
Narrow klass base: 0x0000000800000000, Narrow klass shift: 3, Narrow klass range: 0x100000000

GC Precious Log:
 CPUs: 4 total, 4 available
 Memory: 3500M
 Large Page Support: Disabled
 NUMA Support: Disabled
 Compressed Oops: Enabled (32-bit)
 Heap Region Size: 1M
 Heap Min Capacity: 8M
 Heap Initial Capacity: 56M
 Heap Max Capacity: 876M
 Pre-touch: Disabled
 Parallel Workers: 4
 Concurrent Workers: 1
 Concurrent Refinement Workers: 4
 Periodic GC: Disabled

Heap:
 garbage-first heap   total 37888K, used 22828K [0x00000000c9400000, 0x0000000100000000)
  region size 1024K, 16 young (16384K), 3 survivors (3072K)
 Metaspace       used 26731K, committed 27072K, reserved 1073152K
  class space    used 3285K, committed 3456K, reserved 1048576K

Heap Regions: E=young(eden), S=young(survivor), O=old, HS=humongous(starts), HC=humongous(continues), CS=collection set, F=free, OA=open archive, CA=closed archive, TAMS=top-at-mark-start (previous, next)
|   0|0x00000000c9400000, 0x00000000c9500000, 0x00000000c9500000|100%| O|  |TAMS 0x00000000c9500000, 0x00000000c9400000| Untracked 
|   1|0x00000000c9500000, 0x00000000c9600000, 0x00000000c9600000|100%| O|  |TAMS 0x00000000c9600000, 0x00000000c9500000| Untracked 
|   2|0x00000000c9600000, 0x00000000c9700000, 0x00000000c9700000|100%| O|  |TAMS 0x00000000c9700000, 0x00000000c9600000| Untracked 
|   3|0x00000000c9700000, 0x00000000c9800000, 0x00000000c9800000|100%| O|  |TAMS 0x00000000c97d2800, 0x00000000c9700000| Untracked 
|   4|0x00000000c9800000, 0x00000000c9900000, 0x00000000c9900000|100%| O|  |TAMS 0x00000000c9800000, 0x00000000c9800000| Untracked 
|   5|0x00000000c9900000, 0x00000000c99a7c00, 0x00000000c9a00000| 65%| O|  |TAMS 0x00000000c9900000, 0x00000000c9900000| Untracked 
|   6|0x00000000c9a00000, 0x00000000c9b00000, 0x00000000c9b00000|100%| O|  |TAMS 0x00000000c9a00000, 0x00000000c9a00000| Untracked 
|   7|0x00000000c9b00000, 0x00000000c9c00000, 0x00000000c9c00000|100%| O|  |TAMS 0x00000000c9b00000, 0x00000000c9b00000| Untracked 
|   8|0x00000000c9c00000, 0x00000000c9d00000, 0x00000000c9d00000|100%| O|  |TAMS 0x00000000c9c00000, 0x00000000c9c00000| Untracked 
|   9|0x00000000c9d00000, 0x00000000c9d78800, 0x00000000c9e00000| 47%| O|  |TAMS 0x00000000c9d00000, 0x00000000c9d00000| Untracked 
|  10|0x00000000c9e00000, 0x00000000c9e00000, 0x00000000c9f00000|  0%| F|  |TAMS 0x00000000c9e00000, 0x00000000c9e00000| Untracked 
|  11|0x00000000c9f00000, 0x00000000c9f00000, 0x00000000ca000000|  0%| F|  |TAMS 0x00000000c9f00000, 0x00000000c9f00000| Untracked 
|  12|0x00000000ca000000, 0x00000000ca02ae48, 0x00000000ca100000| 16%| S|CS|TAMS 0x00000000ca000000, 0x00000000ca000000| Complete 
|  13|0x00000000ca100000, 0x00000000ca200000, 0x00000000ca200000|100%| S|CS|TAMS 0x00000000ca100000, 0x00000000ca100000| Complete 
|  14|0x00000000ca200000, 0x00000000ca300000, 0x00000000ca300000|100%| S|CS|TAMS 0x00000000ca200000, 0x00000000ca200000| Complete 
|  15|0x00000000ca300000, 0x00000000ca300000, 0x00000000ca400000|  0%| F|  |TAMS 0x00000000ca300000, 0x00000000ca300000| Untracked 
|  16|0x00000000ca400000, 0x00000000ca400000, 0x00000000ca500000|  0%| F|  |TAMS 0x00000000ca400000, 0x00000000ca400000| Untracked 
|  17|0x00000000ca500000, 0x00000000ca500000, 0x00000000ca600000|  0%| F|  |TAMS 0x00000000ca500000, 0x00000000ca500000| Untracked 
|  18|0x00000000ca600000, 0x00000000ca600000, 0x00000000ca700000|  0%| F|  |TAMS 0x00000000ca600000, 0x00000000ca600000| Untracked 
|  19|0x00000000ca700000, 0x00000000ca700000, 0x00000000ca800000|  0%| F|  |TAMS 0x00000000ca700000, 0x00000000ca700000| Untracked 
|  20|0x00000000ca800000, 0x00000000ca800000, 0x00000000ca900000|  0%| F|  |TAMS 0x00000000ca800000, 0x00000000ca800000| Untracked 
|  21|0x00000000ca900000, 0x00000000ca900000, 0x00000000caa00000|  0%| F|  |TAMS 0x00000000ca900000, 0x00000000ca900000| Untracked 
|  22|0x00000000caa00000, 0x00000000caa00000, 0x00000000cab00000|  0%| F|  |TAMS 0x00000000caa00000, 0x00000000caa00000| Untracked 
|  23|0x00000000cab00000, 0x00000000cab00000, 0x00000000cac00000|  0%| F|  |TAMS 0x00000000cab00000, 0x00000000cab00000| Untracked 
|  24|0x00000000cac00000, 0x00000000cacaf130, 0x00000000cad00000| 68%| E|  |TAMS 0x00000000cac00000, 0x00000000cac00000| Complete 
|  25|0x00000000cad00000, 0x00000000cae00000, 0x00000000cae00000|100%| E|CS|TAMS 0x00000000cad00000, 0x00000000cad00000| Complete 
|  26|0x00000000cae00000, 0x00000000caf00000, 0x00000000caf00000|100%| E|CS|TAMS 0x00000000cae00000, 0x00000000cae00000| Complete 
|  27|0x00000000caf00000, 0x00000000cb000000, 0x00000000cb000000|100%| E|CS|TAMS 0x00000000caf00000, 0x00000000caf00000| Complete 
|  28|0x00000000cb000000, 0x00000000cb100000, 0x00000000cb100000|100%| E|CS|TAMS 0x00000000cb000000, 0x00000000cb000000| Complete 
|  29|0x00000000cb100000, 0x00000000cb200000, 0x00000000cb200000|100%| E|CS|TAMS 0x00000000cb100000, 0x00000000cb100000| Complete 
|  30|0x00000000cb200000, 0x00000000cb300000, 0x00000000cb300000|100%| E|CS|TAMS 0x00000000cb200000, 0x00000000cb200000| Complete 
|  31|0x00000000cb300000, 0x00000000cb400000, 0x00000000cb400000|100%| E|  |TAMS 0x00000000cb300000, 0x00000000cb300000| Complete 
|  32|0x00000000cb400000, 0x00000000cb500000, 0x00000000cb500000|100%| E|CS|TAMS 0x00000000cb400000, 0x00000000cb400000| Complete 
|  33|0x00000000cb500000, 0x00000000cb600000, 0x00000000cb600000|100%| E|CS|TAMS 0x00000000cb500000, 0x00000000cb500000| Complete 
|  34|0x00000000cb600000, 0x00000000cb700000, 0x00000000cb700000|100%| E|CS|TAMS 0x00000000cb600000, 0x00000000cb600000| Complete 
|  35|0x00000000cb700000, 0x00000000cb800000, 0x00000000cb800000|100%| E|CS|TAMS 0x00000000cb700000, 0x00000000cb700000| Complete 
|  55|0x00000000ccb00000, 0x00000000ccc00000, 0x00000000ccc00000|100%| E|CS|TAMS 0x00000000ccb00000, 0x00000000ccb00000| Complete 

Card table byte_map: [0x0000019cb60d0000,0x0000019cb6290000] _byte_map_base: 0x0000019cb5a86000

Marking Bits (Prev, Next): (CMBitMap*) 0x0000019c9d9afa80, (CMBitMap*) 0x0000019c9d9afa40
 Prev Bits: [0x0000019cb7200000, 0x0000019cb7fb0000)
 Next Bits: [0x0000019cb6450000, 0x0000019cb7200000)

Polling page: 0x0000019c9da60000

Metaspace:

Usage:
  Non-class:     22.90 MB used.
      Class:      3.21 MB used.
       Both:     26.11 MB used.

Virtual space:
  Non-class space:       24.00 MB reserved,      23.06 MB ( 96%) committed,  3 nodes.
      Class space:        1.00 GB reserved,       3.38 MB ( <1%) committed,  1 nodes.
              Both:        1.02 GB reserved,      26.44 MB (  3%) committed. 

Chunk freelists:
   Non-Class:  32.00 KB
       Class:  608.00 KB
        Both:  640.00 KB

MaxMetaspaceSize: 17179869184.00 GB
CompressedClassSpaceSize: 1.00 GB
 - commit_granule_bytes: 65536.
 - commit_granule_words: 8192.
 - virtual_space_node_default_size: 1048576.
 - enlarge_chunks_in_place: 1.
 - new_chunks_are_fully_committed: 0.
 - uncommit_free_chunks: 1.
 - use_allocation_guard: 0.
 - handle_deallocations: 1.


Internal statistics:

num_allocs_failed_limit: 3.
num_arena_births: 330.
num_arena_deaths: 0.
num_vsnodes_births: 4.
num_vsnodes_deaths: 0.
num_space_committed: 423.
num_space_uncommitted: 0.
num_chunks_returned_to_freelist: 3.
num_chunks_taken_from_freelist: 1249.
num_chunk_merges: 3.
num_chunk_splits: 840.
num_chunks_enlarged: 635.
num_purges: 0.

CodeHeap 'non-profiled nmethods': size=120000Kb used=1568Kb max_used=1568Kb free=118431Kb
 bounds [0x0000019cae3a0000, 0x0000019cae610000, 0x0000019cb58d0000]
CodeHeap 'profiled nmethods': size=120000Kb used=7457Kb max_used=7457Kb free=112542Kb
 bounds [0x0000019ca6e70000, 0x0000019ca75c0000, 0x0000019cae3a0000]
CodeHeap 'non-nmethods': size=5760Kb used=1226Kb max_used=1264Kb free=4533Kb
 bounds [0x0000019ca68d0000, 0x0000019ca6b40000, 0x0000019ca6e70000]
 total_blobs=3937 nmethods=3414 adapters=434
 compilation: enabled
              stopped_count=0, restarted_count=0
 full_count=0

Compilation events (20 events):
Event: 12.260 Thread 0x0000019cba512750 3437       3       org.springframework.core.OrderComparator::getOrder (111 bytes)
Event: 12.261 Thread 0x0000019cba512750 nmethod 3437 0x0000019ca75b6910 code [0x0000019ca75b6b40, 0x0000019ca75b7318]
Event: 12.261 Thread 0x0000019cba512750 3438       3       org.springframework.core.ResolvableType::isAssignableFrom (7 bytes)
Event: 12.261 Thread 0x0000019cba512750 nmethod 3438 0x0000019ca75b7590 code [0x0000019ca75b7740, 0x0000019ca75b7888]
Event: 12.261 Thread 0x0000019cba512750 3439       3       org.springframework.core.ResolvableType::isAssignableFrom (10 bytes)
Event: 12.261 Thread 0x0000019cba512750 nmethod 3439 0x0000019ca75b7910 code [0x0000019ca75b7ae0, 0x0000019ca75b7d38]
Event: 12.263 Thread 0x0000019cba512750 3440       3       java.util.LinkedHashSet::<init> (27 bytes)
Event: 12.264 Thread 0x0000019cba512750 nmethod 3440 0x0000019ca75b7e90 code [0x0000019ca75b8080, 0x0000019ca75b8428]
Event: 12.275 Thread 0x0000019cba50fc50 nmethod 3344 0x0000019cae525190 code [0x0000019cae5253a0, 0x0000019cae525c30]
Event: 12.275 Thread 0x0000019cba50fc50 3391       4       java.lang.CharacterDataLatin1::digit (32 bytes)
Event: 12.276 Thread 0x0000019cba50fc50 nmethod 3391 0x0000019cae526610 code [0x0000019cae5267a0, 0x0000019cae526898]
Event: 12.276 Thread 0x0000019cba50fc50 3393       4       java.lang.Character::digit (6 bytes)
Event: 12.277 Thread 0x0000019cba50fc50 nmethod 3393 0x0000019cae526990 code [0x0000019cae526b20, 0x0000019cae526c58]
Event: 12.277 Thread 0x0000019cba50fc50 3352       4       org.springframework.core.annotation.AnnotationsScanner::hasPlainJavaAnnotationsOnly (24 bytes)
Event: 12.281 Thread 0x0000019cba50fc50 nmethod 3352 0x0000019cae526e10 code [0x0000019cae526fa0, 0x0000019cae5270e8]
Event: 12.281 Thread 0x0000019cba50fc50 3325       4       org.springframework.beans.factory.support.AbstractAutowireCapableBeanFactory::determineTargetType (60 bytes)
Event: 12.284 Thread 0x0000019cba50fc50 nmethod 3325 0x0000019cae527310 code [0x0000019cae5274c0, 0x0000019cae5276f8]
Event: 12.284 Thread 0x0000019cba50fc50 3301       4       org.springframework.core.annotation.AnnotationFilter::matches (11 bytes)
Event: 12.290 Thread 0x0000019cba50fc50 nmethod 3301 0x0000019cae527910 code [0x0000019cae527ac0, 0x0000019cae527e28]
Event: 12.290 Thread 0x0000019cba50fc50 3316       4       org.springframework.core.annotation.TypeMappedAnnotations::get (52 bytes)

GC Heap History (12 events):
Event: 1.845 GC heap before
{Heap before GC invocations=0 (full 0):
 garbage-first heap   total 57344K, used 13312K [0x00000000c9400000, 0x0000000100000000)
  region size 1024K, 13 young (13312K), 0 survivors (0K)
 Metaspace       used 3601K, committed 3776K, reserved 1056768K
  class space    used 362K, committed 448K, reserved 1048576K
}
Event: 1.858 GC heap after
{Heap after GC invocations=1 (full 0):
 garbage-first heap   total 57344K, used 3692K [0x00000000c9400000, 0x0000000100000000)
  region size 1024K, 2 young (2048K), 2 survivors (2048K)
 Metaspace       used 3601K, committed 3776K, reserved 1056768K
  class space    used 362K, committed 448K, reserved 1048576K
}
Event: 2.627 GC heap before
{Heap before GC invocations=1 (full 0):
 garbage-first heap   total 57344K, used 14956K [0x00000000c9400000, 0x0000000100000000)
  region size 1024K, 13 young (13312K), 2 survivors (2048K)
 Metaspace       used 6337K, committed 6528K, reserved 1056768K
  class space    used 745K, committed 832K, reserved 1048576K
}
Event: 2.638 GC heap after
{Heap after GC invocations=2 (full 0):
 garbage-first heap   total 57344K, used 5006K [0x00000000c9400000, 0x0000000100000000)
  region size 1024K, 2 young (2048K), 2 survivors (2048K)
 Metaspace       used 6337K, committed 6528K, reserved 1056768K
  class space    used 745K, committed 832K, reserved 1048576K
}
Event: 4.124 GC heap before
{Heap before GC invocations=2 (full 0):
 garbage-first heap   total 57344K, used 26510K [0x00000000c9400000, 0x0000000100000000)
  region size 1024K, 23 young (23552K), 2 survivors (2048K)
 Metaspace       used 11782K, committed 11968K, reserved 1064960K
  class space    used 1399K, committed 1472K, reserved 1048576K
}
Event: 4.129 GC heap after
{Heap after GC invocations=3 (full 0):
 garbage-first heap   total 57344K, used 5962K [0x00000000c9400000, 0x0000000100000000)
  region size 1024K, 2 young (2048K), 2 survivors (2048K)
 Metaspace       used 11782K, committed 11968K, reserved 1064960K
  class space    used 1399K, committed 1472K, reserved 1048576K
}
Event: 7.171 GC heap before
{Heap before GC invocations=3 (full 0):
 garbage-first heap   total 57344K, used 36682K [0x00000000c9400000, 0x0000000100000000)
  region size 1024K, 33 young (33792K), 2 survivors (2048K)
 Metaspace       used 16764K, committed 17088K, reserved 1064960K
  class space    used 2023K, committed 2176K, reserved 1048576K
}
Event: 7.183 GC heap after
{Heap after GC invocations=4 (full 0):
 garbage-first heap   total 57344K, used 7661K [0x00000000c9400000, 0x0000000100000000)
  region size 1024K, 4 young (4096K), 4 survivors (4096K)
 Metaspace       used 16764K, committed 17088K, reserved 1064960K
  class space    used 2023K, committed 2176K, reserved 1048576K
}
Event: 10.443 GC heap before
{Heap before GC invocations=4 (full 0):
 garbage-first heap   total 57344K, used 26093K [0x00000000c9400000, 0x0000000100000000)
  region size 1024K, 24 young (24576K), 4 survivors (4096K)
 Metaspace       used 20997K, committed 21248K, reserved 1073152K
  class space    used 2585K, committed 2688K, reserved 1048576K
}
Event: 10.460 GC heap after
{Heap after GC invocations=5 (full 0):
 garbage-first heap   total 57344K, used 9797K [0x00000000c9400000, 0x0000000100000000)
  region size 1024K, 4 young (4096K), 4 survivors (4096K)
 Metaspace       used 20997K, committed 21248K, reserved 1073152K
  class space    used 2585K, committed 2688K, reserved 1048576K
}
Event: 11.367 GC heap before
{Heap before GC invocations=6 (full 0):
 garbage-first heap   total 37888K, used 28229K [0x00000000c9400000, 0x0000000100000000)
  region size 1024K, 22 young (22528K), 4 survivors (4096K)
 Metaspace       used 24124K, committed 24384K, reserved 1073152K
  class space    used 2939K, committed 3072K, reserved 1048576K
}
Event: 11.378 GC heap after
{Heap after GC invocations=7 (full 0):
 garbage-first heap   total 37888K, used 11564K [0x00000000c9400000, 0x0000000100000000)
  region size 1024K, 3 young (3072K), 3 survivors (3072K)
 Metaspace       used 24124K, committed 24384K, reserved 1073152K
  class space    used 2939K, committed 3072K, reserved 1048576K
}

Deoptimization events (20 events):
Event: 12.187 Thread 0x0000019c9d981690 Uncommon trap: trap_request=0xffffffc6 fr.pc=0x0000019cae485a7c relative=0x0000000000000efc
Event: 12.187 Thread 0x0000019c9d981690 Uncommon trap: reason=bimorphic_or_optimized_type_check action=maybe_recompile pc=0x0000019cae485a7c method=java.util.HashMap.putVal(ILjava/lang/Object;Ljava/lang/Object;ZZ)Ljava/lang/Object; @ 203 c2
Event: 12.187 Thread 0x0000019c9d981690 DEOPT PACKING pc=0x0000019cae485a7c sp=0x0000000ac44fb710
Event: 12.187 Thread 0x0000019c9d981690 DEOPT UNPACKING pc=0x0000019ca691d72e sp=0x0000000ac44fb638 mode 2
Event: 12.188 Thread 0x0000019c9d981690 Uncommon trap: trap_request=0xffffffc6 fr.pc=0x0000019cae485a7c relative=0x0000000000000efc
Event: 12.188 Thread 0x0000019c9d981690 Uncommon trap: reason=bimorphic_or_optimized_type_check action=maybe_recompile pc=0x0000019cae485a7c method=java.util.HashMap.putVal(ILjava/lang/Object;Ljava/lang/Object;ZZ)Ljava/lang/Object; @ 203 c2
Event: 12.188 Thread 0x0000019c9d981690 DEOPT PACKING pc=0x0000019cae485a7c sp=0x0000000ac44fb710
Event: 12.188 Thread 0x0000019c9d981690 DEOPT UNPACKING pc=0x0000019ca691d72e sp=0x0000000ac44fb638 mode 2
Event: 12.189 Thread 0x0000019c9d981690 Uncommon trap: trap_request=0xffffffc6 fr.pc=0x0000019cae485a7c relative=0x0000000000000efc
Event: 12.189 Thread 0x0000019c9d981690 Uncommon trap: reason=bimorphic_or_optimized_type_check action=maybe_recompile pc=0x0000019cae485a7c method=java.util.HashMap.putVal(ILjava/lang/Object;Ljava/lang/Object;ZZ)Ljava/lang/Object; @ 203 c2
Event: 12.189 Thread 0x0000019c9d981690 DEOPT PACKING pc=0x0000019cae485a7c sp=0x0000000ac44fb710
Event: 12.189 Thread 0x0000019c9d981690 DEOPT UNPACKING pc=0x0000019ca691d72e sp=0x0000000ac44fb638 mode 2
Event: 12.192 Thread 0x0000019c9d981690 Uncommon trap: trap_request=0xffffffc6 fr.pc=0x0000019cae485a7c relative=0x0000000000000efc
Event: 12.192 Thread 0x0000019c9d981690 Uncommon trap: reason=bimorphic_or_optimized_type_check action=maybe_recompile pc=0x0000019cae485a7c method=java.util.HashMap.putVal(ILjava/lang/Object;Ljava/lang/Object;ZZ)Ljava/lang/Object; @ 203 c2
Event: 12.192 Thread 0x0000019c9d981690 DEOPT PACKING pc=0x0000019cae485a7c sp=0x0000000ac44fb710
Event: 12.192 Thread 0x0000019c9d981690 DEOPT UNPACKING pc=0x0000019ca691d72e sp=0x0000000ac44fb638 mode 2
Event: 12.251 Thread 0x0000019c9d981690 Uncommon trap: trap_request=0xffffff45 fr.pc=0x0000019cae416600 relative=0x0000000000000060
Event: 12.251 Thread 0x0000019c9d981690 Uncommon trap: reason=unstable_if action=reinterpret pc=0x0000019cae416600 method=org.springframework.util.ConcurrentReferenceHashMap$Segment.clear()V @ 7 c2
Event: 12.251 Thread 0x0000019c9d981690 DEOPT PACKING pc=0x0000019cae416600 sp=0x0000000ac44feac0
Event: 12.251 Thread 0x0000019c9d981690 DEOPT UNPACKING pc=0x0000019ca691d72e sp=0x0000000ac44fea50 mode 2

Classes unloaded (0 events):
No events

Classes redefined (0 events):
No events

Internal exceptions (20 events):
Event: 11.030 Thread 0x0000019c9d981690 Exception <a 'java/io/FileNotFoundException'{0x00000000ca929a50}> (0x00000000ca929a50) 
thrown [t:\workspace\open\src\hotspot\share\prims\jni.cpp, line 579]
Event: 11.147 Thread 0x0000019c9d981690 Exception <a 'java/lang/ClassNotFoundException'{0x00000000ca7837e8}: java/lang/ObjectCustomizer> (0x00000000ca7837e8) 
thrown [t:\workspace\open\src\hotspot\share\classfile\systemDictionary.cpp, line 256]
Event: 11.148 Thread 0x0000019c9d981690 Exception <a 'java/lang/ClassNotFoundException'{0x00000000ca78a740}: org/springframework/web/servlet/config/annotation/WebMvcConfigurationSupportCustomizer> (0x00000000ca78a740) 
thrown [t:\workspace\open\src\hotspot\share\classfile\systemDictionary.cpp, line 256]
Event: 11.150 Thread 0x0000019c9d981690 Exception <a 'java/lang/ClassNotFoundException'{0x00000000ca79d7b8}: org/springframework/web/servlet/config/annotation/DelegatingWebMvcConfigurationCustomizer> (0x00000000ca79d7b8) 
thrown [t:\workspace\open\src\hotspot\share\classfile\systemDictionary.cpp, line 256]
Event: 11.151 Thread 0x0000019c9d981690 Exception <a 'java/lang/ClassNotFoundException'{0x00000000ca7a5fe0}: org/springframework/boot/autoconfigure/web/servlet/WebMvcAutoConfiguration$EnableWebMvcConfigurationCustomizer> (0x00000000ca7a5fe0) 
thrown [t:\workspace\open\src\hotspot\share\classfile\systemDictionary.cpp, line 256]
Event: 11.154 Thread 0x0000019c9d981690 Exception <a 'java/lang/ClassNotFoundException'{0x00000000ca7b99e8}: org/springframework/context/ResourceLoaderAwareCustomizer> (0x00000000ca7b99e8) 
thrown [t:\workspace\open\src\hotspot\share\classfile\systemDictionary.cpp, line 256]
Event: 11.154 Thread 0x0000019c9d981690 Exception <a 'java/lang/ClassNotFoundException'{0x00000000ca7bdc80}: org/springframework/beans/factory/AwareCustomizer> (0x00000000ca7bdc80) 
thrown [t:\workspace\open\src\hotspot\share\classfile\systemDictionary.cpp, line 256]
Event: 11.155 Thread 0x0000019c9d981690 Exception <a 'java/lang/ClassNotFoundException'{0x00000000ca7c12d8}: org/springframework/context/ApplicationContextAwareCustomizer> (0x00000000ca7c12d8) 
thrown [t:\workspace\open\src\hotspot\share\classfile\systemDictionary.cpp, line 256]
Event: 11.156 Thread 0x0000019c9d981690 Exception <a 'java/lang/ClassNotFoundException'{0x00000000ca7c6150}: org/springframework/beans/factory/AwareCustomizer> (0x00000000ca7c6150) 
thrown [t:\workspace\open\src\hotspot\share\classfile\systemDictionary.cpp, line 256]
Event: 11.156 Thread 0x0000019c9d981690 Exception <a 'java/lang/ClassNotFoundException'{0x00000000ca7c9780}: org/springframework/web/context/ServletContextAwareCustomizer> (0x00000000ca7c9780) 
thrown [t:\workspace\open\src\hotspot\share\classfile\systemDictionary.cpp, line 256]
Event: 11.157 Thread 0x0000019c9d981690 Exception <a 'java/lang/ClassNotFoundException'{0x00000000ca7cde70}: org/springframework/beans/factory/AwareCustomizer> (0x00000000ca7cde70) 
thrown [t:\workspace\open\src\hotspot\share\classfile\systemDictionary.cpp, line 256]
Event: 11.403 Thread 0x0000019c9d981690 Exception <a 'java/lang/NoSuchMethodError'{0x00000000ccb79390}: 'void java.lang.invoke.DirectMethodHandle$Holder.invokeVirtual(java.lang.Object, java.lang.Object, int)'> (0x00000000ccb79390) 
thrown [t:\workspace\open\src\hotspot\share\interpreter\linkResolver.cpp, line 790]
Event: 11.406 Thread 0x0000019c9d981690 Exception <a 'java/lang/NoSuchMethodError'{0x00000000ccb94c30}: 'void java.lang.invoke.DirectMethodHandle$Holder.invokeVirtual(java.lang.Object, java.lang.Object, long)'> (0x00000000ccb94c30) 
thrown [t:\workspace\open\src\hotspot\share\interpreter\linkResolver.cpp, line 790]
Event: 11.925 Thread 0x0000019c9d981690 Exception <a 'java/lang/IncompatibleClassChangeError'{0x00000000cb3ab420}: Found class java.lang.Object, but interface was expected> (0x00000000cb3ab420) 
thrown [t:\workspace\open\src\hotspot\share\interpreter\linkResolver.cpp, line 857]
Event: 11.988 Thread 0x0000019c9d981690 Exception <a 'java/lang/NoSuchMethodError'{0x00000000cb2eae08}: 'int java.lang.invoke.DirectMethodHandle$Holder.invokeStaticInit(java.lang.Object, java.lang.Object, java.lang.Object, java.lang.Object)'> (0x00000000cb2eae08) 
thrown [t:\workspace\open\src\hotspot\share\interpreter\linkResolver.cpp, line 790]
Event: 12.138 Thread 0x0000019c9d981690 Exception <a 'java/lang/NoSuchMethodError'{0x00000000cafe1fe8}: 'java.lang.Object java.lang.invoke.DirectMethodHandle$Holder.newInvokeSpecial(java.lang.Object, java.lang.Object, int, java.lang.Object, java.lang.Object)'> (0x00000000cafe1fe8) 
thrown [t:\workspace\open\src\hotspot\share\interpreter\linkResolver.cpp, line 790]
Event: 12.139 Thread 0x0000019c9d981690 Exception <a 'java/lang/NoSuchMethodError'{0x00000000caff3d20}: 'java.lang.Object java.lang.invoke.DirectMethodHandle$Holder.invokeSpecial(java.lang.Object, java.lang.Object, int, java.lang.Object, int, java.lang.Object)'> (0x00000000caff3d20) 
thrown [t:\workspace\open\src\hotspot\share\interpreter\linkResolver.cpp, line 790]
Event: 12.140 Thread 0x0000019c9d981690 Exception <a 'java/lang/NoSuchMethodError'{0x00000000caffc0e0}: 'java.lang.Object java.lang.invoke.DirectMethodHandle$Holder.newInvokeSpecial(java.lang.Object, java.lang.Object, int, java.lang.Object, int)'> (0x00000000caffc0e0) 
thrown [t:\workspace\open\src\hotspot\share\interpreter\linkResolver.cpp, line 790]
Event: 12.141 Thread 0x0000019c9d981690 Exception <a 'java/lang/NoSuchMethodError'{0x00000000cae009d8}: 'java.lang.Object java.lang.invoke.DirectMethodHandle$Holder.invokeSpecial(java.lang.Object, java.lang.Object, java.lang.Object, int, java.lang.Object, int)'> (0x00000000cae009d8) 
thrown [t:\workspace\open\src\hotspot\share\interpreter\linkResolver.cpp, line 790]
Event: 12.142 Thread 0x0000019c9d981690 Exception <a 'java/lang/NoSuchMethodError'{0x00000000cae0b660}: 'void java.lang.invoke.DirectMethodHandle$Holder.invokeVirtual(java.lang.Object, java.lang.Object)'> (0x00000000cae0b660) 
thrown [t:\workspace\open\src\hotspot\share\interpreter\linkResolver.cpp, line 790]

Events (20 events):
Event: 12.230 loading class sun/nio/ch/SourceChannelImpl
Event: 12.231 loading class java/nio/channels/Pipe$SourceChannel
Event: 12.231 loading class java/nio/channels/Pipe$SourceChannel done
Event: 12.231 loading class sun/nio/ch/SourceChannelImpl done
Event: 12.231 loading class sun/nio/ch/SinkChannelImpl
Event: 12.231 loading class java/nio/channels/Pipe$SinkChannel
Event: 12.231 loading class java/nio/channels/Pipe$SinkChannel done
Event: 12.231 loading class sun/nio/ch/SinkChannelImpl done
Event: 12.233 Thread 0x0000019cbdae7ed0 Thread added: 0x0000019cbdae7ed0
Event: 12.233 loading class java/nio/channels/spi/AbstractSelector$1
Event: 12.233 loading class java/nio/channels/spi/AbstractSelector$1 done
Event: 12.235 Thread 0x0000019cbb999e20 Thread added: 0x0000019cbb999e20
Event: 12.236 loading class java/util/TreeMap$ValueSpliterator
Event: 12.236 loading class java/util/TreeMap$TreeMapSpliterator
Event: 12.237 loading class java/util/TreeMap$TreeMapSpliterator done
Event: 12.237 loading class java/util/TreeMap$ValueSpliterator done
Event: 12.258 loading class jdk/internal/math/FDBigInteger
Event: 12.258 loading class jdk/internal/math/FDBigInteger done
Event: 12.264 Thread 0x0000019c9d981690 Thread exited: 0x0000019c9d981690
Event: 12.264 Thread 0x0000019cbb999380 Thread added: 0x0000019cbb999380


Dynamic libraries:
0x00007ff66c270000 - 0x00007ff66c280000 	C:\Program Files\Java\jdk-16.0.1\bin\java.exe
0x00007ffef5930000 - 0x00007ffef5b25000 	C:\Windows\SYSTEM32\ntdll.dll
0x00007ffef4b90000 - 0x00007ffef4c4e000 	C:\Windows\System32\KERNEL32.DLL
0x00007ffef3190000 - 0x00007ffef3459000 	C:\Windows\System32\KERNELBASE.dll
0x00007ffef34e0000 - 0x00007ffef35e0000 	C:\Windows\System32\ucrtbase.dll
0x00007ffee2a30000 - 0x00007ffee2a49000 	C:\Program Files\Java\jdk-16.0.1\bin\VCRUNTIME140.dll
0x00007ffee28c0000 - 0x00007ffee28d8000 	C:\Program Files\Java\jdk-16.0.1\bin\jli.dll
0x00007ffef3c50000 - 0x00007ffef3cfc000 	C:\Windows\System32\ADVAPI32.dll
0x00007ffef4000000 - 0x00007ffef409e000 	C:\Windows\System32\msvcrt.dll
0x00007ffef4930000 - 0x00007ffef49cb000 	C:\Windows\System32\sechost.dll
0x00007ffef49d0000 - 0x00007ffef4afa000 	C:\Windows\System32\RPCRT4.dll
0x00007ffef3d00000 - 0x00007ffef3ea1000 	C:\Windows\System32\USER32.dll
0x00007ffef3100000 - 0x00007ffef3122000 	C:\Windows\System32\win32u.dll
0x00007ffef4b00000 - 0x00007ffef4b2b000 	C:\Windows\System32\GDI32.dll
0x00007ffef3680000 - 0x00007ffef378b000 	C:\Windows\System32\gdi32full.dll
0x00007ffef35e0000 - 0x00007ffef367d000 	C:\Windows\System32\msvcp_win.dll
0x00007ffee3d30000 - 0x00007ffee3fca000 	C:\Windows\WinSxS\amd64_microsoft.windows.common-controls_6595b64144ccf1df_6.0.19041.1110_none_60b5254171f9507e\COMCTL32.dll
0x00007ffef17d0000 - 0x00007ffef17da000 	C:\Windows\SYSTEM32\VERSION.dll
0x00007ffef3fd0000 - 0x00007ffef4000000 	C:\Windows\System32\IMM32.DLL
0x00007ffeed000000 - 0x00007ffeed00c000 	C:\Program Files\Java\jdk-16.0.1\bin\vcruntime140_1.dll
0x00007ffeca550000 - 0x00007ffeca5e1000 	C:\Program Files\Java\jdk-16.0.1\bin\msvcp140.dll
0x00007ffea4420000 - 0x00007ffea4fcb000 	C:\Program Files\Java\jdk-16.0.1\bin\server\jvm.dll
0x00007ffef53b0000 - 0x00007ffef53b8000 	C:\Windows\System32\PSAPI.DLL
0x00007ffef18b0000 - 0x00007ffef18b9000 	C:\Windows\SYSTEM32\WSOCK32.dll
0x00007ffef4350000 - 0x00007ffef43bb000 	C:\Windows\System32\WS2_32.dll
0x00007ffee1180000 - 0x00007ffee11a7000 	C:\Windows\SYSTEM32\WINMM.dll
0x00007ffef18d0000 - 0x00007ffef18e2000 	C:\Windows\SYSTEM32\kernel.appcore.dll
0x00007ffeeb8c0000 - 0x00007ffeeb8ca000 	C:\Program Files\Java\jdk-16.0.1\bin\jimage.dll
0x00007ffee25a0000 - 0x00007ffee2784000 	C:\Windows\SYSTEM32\DBGHELP.DLL
0x00007ffee21d0000 - 0x00007ffee21fc000 	C:\Windows\SYSTEM32\dbgcore.DLL
0x00007ffef38f0000 - 0x00007ffef3973000 	C:\Windows\System32\bcryptPrimitives.dll
0x00007ffee0a90000 - 0x00007ffee0ab5000 	C:\Program Files\Java\jdk-16.0.1\bin\java.dll
0x00007ffef4c70000 - 0x00007ffef53af000 	C:\Windows\System32\SHELL32.dll
0x00007ffef0f90000 - 0x00007ffef1720000 	C:\Windows\SYSTEM32\windows.storage.dll
0x00007ffef53c0000 - 0x00007ffef5715000 	C:\Windows\System32\combase.dll
0x00007ffef2aa0000 - 0x00007ffef2acc000 	C:\Windows\SYSTEM32\Wldp.dll
0x00007ffef5840000 - 0x00007ffef58ee000 	C:\Windows\System32\SHCORE.dll
0x00007ffef3f70000 - 0x00007ffef3fc5000 	C:\Windows\System32\shlwapi.dll
0x00007ffef2f90000 - 0x00007ffef2faf000 	C:\Windows\SYSTEM32\profapi.dll
0x00007ffee14d0000 - 0x00007ffee14e9000 	C:\Program Files\Java\jdk-16.0.1\bin\net.dll
0x00007ffee5f40000 - 0x00007ffee6048000 	C:\Windows\SYSTEM32\WINHTTP.dll
0x00007ffef2800000 - 0x00007ffef286a000 	C:\Windows\system32\mswsock.dll
0x00007ffee1460000 - 0x00007ffee1473000 	C:\Program Files\Java\jdk-16.0.1\bin\nio.dll
0x00007ffed8410000 - 0x00007ffed8428000 	C:\Program Files\Java\jdk-16.0.1\bin\zip.dll
0x00007ffeea100000 - 0x00007ffeea110000 	C:\Program Files\Java\jdk-16.0.1\bin\verify.dll
0x00007ffee4980000 - 0x00007ffee4989000 	C:\Program Files\Java\jdk-16.0.1\bin\management.dll
0x00007ffee2c00000 - 0x00007ffee2c0b000 	C:\Program Files\Java\jdk-16.0.1\bin\management_ext.dll
0x00007ffeeb880000 - 0x00007ffeeb897000 	C:\Windows\system32\napinsp.dll
0x00007ffee5940000 - 0x00007ffee595b000 	C:\Windows\system32\pnrpnsp.dll
0x00007ffee0b80000 - 0x00007ffee0b95000 	C:\Windows\system32\wshbth.dll
0x00007ffeee7c0000 - 0x00007ffeee7dd000 	C:\Windows\system32\NLAapi.dll
0x00007ffef24a0000 - 0x00007ffef24db000 	C:\Windows\SYSTEM32\IPHLPAPI.DLL
0x00007ffef24f0000 - 0x00007ffef25bc000 	C:\Windows\SYSTEM32\DNSAPI.dll
0x00007ffef43c0000 - 0x00007ffef43c8000 	C:\Windows\System32\NSI.dll
0x00007ffee2f90000 - 0x00007ffee2fa2000 	C:\Windows\System32\winrnr.dll
0x00007ffee5a60000 - 0x00007ffee5a6a000 	C:\Windows\System32\rasadhlp.dll
0x00007ffee63d0000 - 0x00007ffee644f000 	C:\Windows\System32\fwpuclnt.dll
0x00007ffef3460000 - 0x00007ffef3487000 	C:\Windows\System32\bcrypt.dll
0x00007ffef29f0000 - 0x00007ffef2a08000 	C:\Windows\SYSTEM32\CRYPTSP.dll
0x00007ffef2110000 - 0x00007ffef2144000 	C:\Windows\system32\rsaenh.dll
0x00007ffef2f50000 - 0x00007ffef2f7e000 	C:\Windows\SYSTEM32\USERENV.dll
0x00007ffef2a10000 - 0x00007ffef2a1c000 	C:\Windows\SYSTEM32\CRYPTBASE.dll
0x00007ffee9660000 - 0x00007ffee9677000 	C:\Windows\SYSTEM32\dhcpcsvc6.DLL
0x00007ffeea1e0000 - 0x00007ffeea1fd000 	C:\Windows\SYSTEM32\dhcpcsvc.DLL
0x00007ffee15a0000 - 0x00007ffee15ae000 	C:\Program Files\Java\jdk-16.0.1\bin\sunmscapi.dll
0x00007ffef3790000 - 0x00007ffef38e6000 	C:\Windows\System32\CRYPT32.dll
0x00007ffef2b10000 - 0x00007ffef2b37000 	C:\Windows\SYSTEM32\ncrypt.dll
0x00007ffef2ad0000 - 0x00007ffef2b0b000 	C:\Windows\SYSTEM32\NTASN1.dll
0x00007ffee1440000 - 0x00007ffee1447000 	C:\Windows\system32\wshunix.dll

dbghelp: loaded successfully - version: 4.0.5 - missing functions: none
symbol engine: initialized successfully - sym options: 0x614 - pdb path: .;C:\Program Files\Java\jdk-16.0.1\bin;C:\Windows\SYSTEM32;C:\Windows\WinSxS\amd64_microsoft.windows.common-controls_6595b64144ccf1df_6.0.19041.1110_none_60b5254171f9507e;C:\Program Files\Java\jdk-16.0.1\bin\server

VM Arguments:
jvm_args: -Dfile.encoding=windows-1252 -Duser.country=BR -Duser.language=pt -Duser.variant 
java_command: com.sp.senac.br.demo.PrimeiroProjetoWebApplication
java_class_path (initial): C:\Users\brito\Documents\demo\demo\build\classes\java\main;C:\Users\brito\Documents\demo\demo\build\resources\main;C:\Users\brito\.gradle\caches\modules-2\files-2.1\org.springframework.boot\spring-boot-starter-thymeleaf\2.5.4\cade32e2891268e53f710d2e95671dff03de23b5\spring-boot-starter-thymeleaf-2.5.4.jar;C:\Users\brito\.gradle\caches\modules-2\files-2.1\org.springframework.boot\spring-boot-starter-web\2.5.4\2bef2cedf2e0d1038ab51a2c6154579c5945e60c\spring-boot-starter-web-2.5.4.jar;C:\Users\brito\.gradle\caches\modules-2\files-2.1\org.springframework.boot\spring-boot-starter-json\2.5.4\6bf89f94c5d2455689d8649a3ead440d05e0c8f7\spring-boot-starter-json-2.5.4.jar;C:\Users\brito\.gradle\caches\modules-2\files-2.1\org.springframework.boot\spring-boot-starter\2.5.4\d5028e89214b204e39e5920ae118d69293ac3d8a\spring-boot-starter-2.5.4.jar;C:\Users\brito\.gradle\caches\modules-2\files-2.1\org.thymeleaf\thymeleaf-spring5\3.0.12.RELEASE\aa640b214411978a23cbe271c3fb9569d1bda608\thymeleaf-spring5-3.0.12.RELEASE.jar;C:\Users\brito\.gradle\caches\modules-2\files-2.1\org.thymeleaf.extras\thymeleaf-extras-java8time\3.0.4.RELEASE\36e7175ddce36c486fff4578b5af7bb32f54f5df\thymeleaf-extras-java8time-3.0.4.RELEASE.jar;C:\Users\brito\.gradle\caches\modules-2\files-2.1\org.springframework.boot\spring-boot-starter-tomcat\2.5.4\57c1254fe8630619f17ff0ed37d4ffdfd0528c20\spring-boot-starter-tomcat-2.5.4.jar;C:\Users\brito\.gradle\caches\modules-2\files-2.1\org.springframework\spring-webmvc\5.3.9\c3cd1f0bba2658995e887d2f0011ab9bd3da1773\spring-webmvc-5.3.9.jar;C:\Users\brito\.gradle\caches\modules-2\files-2.1\org.springframework\spring-web\5.3.9\88c920ec1bda67fea04daa8e16165777440df473\spring-web-5.3.9.jar;C:\Users\brito\.gradle\caches\modules-2\files-2.1\org.springframework.boot\spring-boot-autoconfigure\2.5.4\3fe555faa956fa8b63b0d0115bb0ed55e4509b5e\spring-boot-autoconfigure-2.5.4.jar;C:\Users\brito\.gradle\caches\modules-2\files-2.1\org.springframework.boot\spring-b
Launcher Type: SUN_STANDARD

[Global flags]
     intx CICompilerCount                          = 3                                         {product} {ergonomic}
     uint ConcGCThreads                            = 1                                         {product} {ergonomic}
     uint G1ConcRefinementThreads                  = 4                                         {product} {ergonomic}
   size_t G1HeapRegionSize                         = 1048576                                   {product} {ergonomic}
    uintx GCDrainStackTargetSize                   = 64                                        {product} {ergonomic}
   size_t InitialHeapSize                          = 58720256                                  {product} {ergonomic}
   size_t MarkStackSize                            = 4194304                                   {product} {ergonomic}
   size_t MaxHeapSize                              = 918552576                                 {product} {ergonomic}
   size_t MaxNewSize                               = 550502400                                 {product} {ergonomic}
   size_t MinHeapDeltaBytes                        = 1048576                                   {product} {ergonomic}
   size_t MinHeapSize                              = 8388608                                   {product} {ergonomic}
    uintx NonNMethodCodeHeapSize                   = 5832780                                {pd product} {ergonomic}
    uintx NonProfiledCodeHeapSize                  = 122912730                              {pd product} {ergonomic}
    uintx ProfiledCodeHeapSize                     = 122912730                              {pd product} {ergonomic}
    uintx ReservedCodeCacheSize                    = 251658240                              {pd product} {ergonomic}
     bool SegmentedCodeCache                       = true                                      {product} {ergonomic}
   size_t SoftMaxHeapSize                          = 918552576                              {manageable} {ergonomic}
     bool UseCompressedClassPointers               = true                           {product lp64_product} {ergonomic}
     bool UseCompressedOops                        = true                           {product lp64_product} {ergonomic}
     bool UseG1GC                                  = true                                      {product} {ergonomic}
     bool UseLargePagesIndividualAllocation        = false                                  {pd product} {ergonomic}

Logging:
Log output configuration:
 #0: stdout all=warning uptime,level,tags
 #1: stderr all=off uptime,level,tags

Environment Variables:
PATH=C:\Program Files (x86)\Common Files\Oracle\Java\javapath;C:\Program Files\Common Files\Oracle\Java\javapath;C:\Windows\system32;C:\Windows;C:\Windows\System32\Wbem;C:\Windows\System32\WindowsPowerShell\v1.0\;C:\Windows\System32\OpenSSH\;C:\Program Files\nodejs\;C:\Program Files\Git\cmd;C:\Program Files\MySQL\MySQL Shell 8.0\bin\;C:\Users\brito\AppData\Local\Microsoft\WindowsApps;C:\Users\brito\AppData\Local\Programs\Microsoft VS Code\bin;C:\Users\brito\AppData\Roaming\npm
USERNAME=Bea
OS=Windows_NT
PROCESSOR_IDENTIFIER=Intel64 Family 6 Model 69 Stepping 1, GenuineIntel



---------------  S Y S T E M  ---------------

OS:
 Windows 10 , 64 bit Build 19041 (10.0.19041.1202)
OS uptime: 2 days 0:37 hours

CPU: total 4 (initial active 4) (2 cores per cpu, 2 threads per core) family 6 model 69 stepping 1 microcode 0x25, cx8, cmov, fxsr, ht, mmx, sse, sse2, sse3, ssse3, sse4.1, sse4.2, popcnt, lzcnt, tsc, tscinvbit, avx, avx2, aes, erms, clmul, bmi1, bmi2, fma, vzeroupper, clflush

Memory: 4k page, system-wide physical 3500M (199M free)
TotalPageFile size 6294M (AvailPageFile size 3M)
current process WorkingSet (physical memory assigned to process): 144M, peak: 144M
current process commit charge ("private bytes"): 180M, peak: 190M

vm_info: Java HotSpot(TM) 64-Bit Server VM (16.0.1+9-24) for windows-amd64 JRE (16.0.1+9-24), built on Mar 26 2021 19:31:42 by "mach5one" with MS VC++ 16.7 (VS2019)

END.
